<?xml version="1.0" encoding="UTF-8"?>
<coverage generated="1635888146418" clover="3.2.0">
  <project timestamp="1635888146418" name="All files">
    <metrics statements="5" coveredstatements="5" conditionals="3" coveredconditionals="2" methods="3" coveredmethods="3" elements="11" coveredelements="10" complexity="0" loc="5" ncloc="5" packages="2" files="3" classes="3"/>
    <package name="components.Button">
      <metrics statements="5" coveredstatements="5" conditionals="3" coveredconditionals="2" methods="3" coveredmethods="3"/>
      <file name="index.tsx" path="/home/natan/Documentos/2021.1-Pro-Especies-UserInterface/src/components/Button/index.tsx">
        <metrics statements="1" coveredstatements="1" conditionals="1" coveredconditionals="1" methods="1" coveredmethods="1"/>
        <line num="11" count="1" type="stmt"/>
      </file>
      <file name="styles.tsx" path="/home/natan/Documentos/2021.1-Pro-Especies-UserInterface/src/components/Button/styles.tsx">
        <metrics statements="4" coveredstatements="4" conditionals="2" coveredconditionals="1" methods="2" coveredmethods="2"/>
        <line num="8" count="1" type="stmt"/>
        <line num="12" count="1" type="cond" truecount="1" falsecount="1"/>
        <line num="19" count="1" type="stmt"/>
        <line num="21" count="1" type="stmt"/>
      </file>
    </package>
    <package name="global.styles">
      <metrics statements="0" coveredstatements="0" conditionals="0" coveredconditionals="0" methods="0" coveredmethods="0"/>
      <file name="theme.ts" path="/home/natan/Documentos/2021.1-Pro-Especies-UserInterface/src/global/styles/theme.ts">
        <metrics statements="0" coveredstatements="0" conditionals="0" coveredconditionals="0" methods="0" coveredmethods="0"/>
      </file>
    </package>
  </project>
</coverage>
