{"/home/natan/Documentos/2021.1-Pro-Especies-UserInterface/App.tsx": {"path":"/home/natan/Documentos/2021.1-Pro-Especies-UserInterface/App.tsx","statementMap":{"0":{"start":{"line":19,"column":23},"end":{"line":23,"column":4}},"1":{"start":{"line":24,"column":2},"end":{"line":24,"column":41}},"2":{"start":{"line":24,"column":19},"end":{"line":24,"column":41}},"3":{"start":{"line":25,"column":2},"end":{"line":33,"column":4}}},"fnMap":{"0":{"name":"App","decl":{"start":{"line":18,"column":24},"end":{"line":18,"column":27}},"loc":{"start":{"line":18,"column":30},"end":{"line":34,"column":1}},"line":18}},"branchMap":{"0":{"loc":{"start":{"line":24,"column":2},"end":{"line":24,"column":41}},"type":"if","locations":[{"start":{"line":24,"column":2},"end":{"line":24,"column":41}},{"start":{},"end":{}}],"line":24}},"s":{"0":0,"1":0,"2":0,"3":0},"f":{"0":0},"b":{"0":[0,0]}}
,"/home/natan/Documentos/2021.1-Pro-Especies-UserInterface/src/components/Button/index.tsx": {"path":"/home/natan/Documentos/2021.1-Pro-Especies-UserInterface/src/components/Button/index.tsx","statementMap":{"0":{"start":{"line":11,"column":2},"end":{"line":15,"column":4}}},"fnMap":{"0":{"name":"DefaultButton","decl":{"start":{"line":10,"column":16},"end":{"line":10,"column":29}},"loc":{"start":{"line":10,"column":81},"end":{"line":16,"column":1}},"line":10}},"branchMap":{"0":{"loc":{"start":{"line":10,"column":38},"end":{"line":10,"column":54}},"type":"default-arg","locations":[{"start":{"line":10,"column":45},"end":{"line":10,"column":54}}],"line":10}},"s":{"0":1},"f":{"0":1},"b":{"0":[1]},"_coverageSchema":"1a1c01bbd47fc00a2c39e90264f33305004495a9","hash":"884c88808ec35196a8a1a87d012a83e0dcf5dd3a"}
,"/home/natan/Documentos/2021.1-Pro-Especies-UserInterface/src/components/Button/styles.tsx": {"path":"/home/natan/Documentos/2021.1-Pro-Especies-UserInterface/src/components/Button/styles.tsx","statementMap":{"0":{"start":{"line":8,"column":22},"end":{"line":17,"column":1}},"1":{"start":{"line":12,"column":43},"end":{"line":12,"column":120}},"2":{"start":{"line":19,"column":26},"end":{"line":23,"column":1}},"3":{"start":{"line":21,"column":32},"end":{"line":21,"column":48}}},"fnMap":{"0":{"name":"(anonymous_0)","decl":{"start":{"line":12,"column":22},"end":{"line":12,"column":23}},"loc":{"start":{"line":12,"column":43},"end":{"line":12,"column":120}},"line":12},"1":{"name":"(anonymous_1)","decl":{"start":{"line":21,"column":17},"end":{"line":21,"column":18}},"loc":{"start":{"line":21,"column":32},"end":{"line":21,"column":48}},"line":21}},"branchMap":{"0":{"loc":{"start":{"line":12,"column":43},"end":{"line":12,"column":120}},"type":"cond-expr","locations":[{"start":{"line":12,"column":64},"end":{"line":12,"column":91}},{"start":{"line":12,"column":94},"end":{"line":12,"column":120}}],"line":12}},"s":{"0":1,"1":1,"2":1,"3":1},"f":{"0":1,"1":1},"b":{"0":[1,0]},"_coverageSchema":"1a1c01bbd47fc00a2c39e90264f33305004495a9","hash":"fa1067a4f5bc6d1be6ef068c57e5e9e51cb42247"}
,"/home/natan/Documentos/2021.1-Pro-Especies-UserInterface/src/components/DisableIconButton/index.tsx": {"path":"/home/natan/Documentos/2021.1-Pro-Especies-UserInterface/src/components/DisableIconButton/index.tsx","statementMap":{"0":{"start":{"line":10,"column":33},"end":{"line":20,"column":1}},"1":{"start":{"line":11,"column":4},"end":{"line":19,"column":6}}},"fnMap":{"0":{"name":"(anonymous_0)","decl":{"start":{"line":10,"column":33},"end":{"line":10,"column":34}},"loc":{"start":{"line":10,"column":91},"end":{"line":20,"column":1}},"line":10}},"branchMap":{"0":{"loc":{"start":{"line":14,"column":16},"end":{"line":16,"column":40}},"type":"cond-expr","locations":[{"start":{"line":15,"column":20},"end":{"line":15,"column":48}},{"start":{"line":16,"column":20},"end":{"line":16,"column":40}}],"line":14}},"s":{"0":1,"1":1},"f":{"0":1},"b":{"0":[1,0]},"_coverageSchema":"1a1c01bbd47fc00a2c39e90264f33305004495a9","hash":"82e279645a5d7c5a39017e829586657a13e9b39c"}
,"/home/natan/Documentos/2021.1-Pro-Especies-UserInterface/src/components/DisableIconButton/styles.ts": {"path":"/home/natan/Documentos/2021.1-Pro-Especies-UserInterface/src/components/DisableIconButton/styles.ts","statementMap":{"0":{"start":{"line":5,"column":26},"end":{"line":5,"column":51}},"1":{"start":{"line":7,"column":20},"end":{"line":10,"column":1}},"2":{"start":{"line":9,"column":28},"end":{"line":9,"column":54}},"3":{"start":{"line":12,"column":28},"end":{"line":15,"column":1}}},"fnMap":{"0":{"name":"(anonymous_0)","decl":{"start":{"line":9,"column":13},"end":{"line":9,"column":14}},"loc":{"start":{"line":9,"column":28},"end":{"line":9,"column":54}},"line":9}},"branchMap":{},"s":{"0":1,"1":1,"2":0,"3":1},"f":{"0":0},"b":{},"_coverageSchema":"1a1c01bbd47fc00a2c39e90264f33305004495a9","hash":"643c4b269b4a42d5c0fc5579a5391834323562e8"}
,"/home/natan/Documentos/2021.1-Pro-Especies-UserInterface/src/components/DraftButton/index.tsx": {"path":"/home/natan/Documentos/2021.1-Pro-Especies-UserInterface/src/components/DraftButton/index.tsx","statementMap":{"0":{"start":{"line":10,"column":27},"end":{"line":35,"column":1}},"1":{"start":{"line":11,"column":32},"end":{"line":11,"column":44}},"2":{"start":{"line":12,"column":23},"end":{"line":12,"column":38}},"3":{"start":{"line":13,"column":22},"end":{"line":18,"column":5}},"4":{"start":{"line":14,"column":27},"end":{"line":14,"column":63}},"5":{"start":{"line":15,"column":8},"end":{"line":16,"column":46}},"6":{"start":{"line":16,"column":12},"end":{"line":16,"column":46}},"7":{"start":{"line":20,"column":24},"end":{"line":22,"column":5}},"8":{"start":{"line":21,"column":8},"end":{"line":21,"column":47}},"9":{"start":{"line":24,"column":4},"end":{"line":26,"column":10}},"10":{"start":{"line":25,"column":8},"end":{"line":25,"column":20}},"11":{"start":{"line":27,"column":4},"end":{"line":34,"column":6}}},"fnMap":{"0":{"name":"(anonymous_0)","decl":{"start":{"line":10,"column":27},"end":{"line":10,"column":28}},"loc":{"start":{"line":10,"column":33},"end":{"line":35,"column":1}},"line":10},"1":{"name":"(anonymous_1)","decl":{"start":{"line":13,"column":22},"end":{"line":13,"column":23}},"loc":{"start":{"line":13,"column":34},"end":{"line":18,"column":5}},"line":13},"2":{"name":"(anonymous_2)","decl":{"start":{"line":20,"column":24},"end":{"line":20,"column":25}},"loc":{"start":{"line":20,"column":30},"end":{"line":22,"column":5}},"line":20},"3":{"name":"(anonymous_3)","decl":{"start":{"line":24,"column":14},"end":{"line":24,"column":15}},"loc":{"start":{"line":24,"column":20},"end":{"line":26,"column":5}},"line":24}},"branchMap":{"0":{"loc":{"start":{"line":15,"column":8},"end":{"line":16,"column":46}},"type":"if","locations":[{"start":{"line":15,"column":8},"end":{"line":16,"column":46}},{"start":{},"end":{}}],"line":15}},"s":{"0":1,"1":1,"2":1,"3":1,"4":1,"5":1,"6":0,"7":1,"8":1,"9":1,"10":1,"11":1},"f":{"0":1,"1":1,"2":1,"3":1},"b":{"0":[0,1]},"_coverageSchema":"1a1c01bbd47fc00a2c39e90264f33305004495a9","hash":"aa6f8abe36e57ecee03a0a8dc7cf7e51fc787ab8"}
,"/home/natan/Documentos/2021.1-Pro-Especies-UserInterface/src/components/DraftButton/styles.ts": {"path":"/home/natan/Documentos/2021.1-Pro-Especies-UserInterface/src/components/DraftButton/styles.ts","statementMap":{"0":{"start":{"line":4,"column":36},"end":{"line":13,"column":1}},"1":{"start":{"line":7,"column":39},"end":{"line":7,"column":59}},"2":{"start":{"line":15,"column":32},"end":{"line":20,"column":1}},"3":{"start":{"line":16,"column":34},"end":{"line":16,"column":50}},"4":{"start":{"line":17,"column":28},"end":{"line":17,"column":51}},"5":{"start":{"line":22,"column":38},"end":{"line":28,"column":1}},"6":{"start":{"line":30,"column":36},"end":{"line":35,"column":1}},"7":{"start":{"line":32,"column":34},"end":{"line":32,"column":50}},"8":{"start":{"line":33,"column":28},"end":{"line":33,"column":51}}},"fnMap":{"0":{"name":"(anonymous_0)","decl":{"start":{"line":7,"column":24},"end":{"line":7,"column":25}},"loc":{"start":{"line":7,"column":39},"end":{"line":7,"column":59}},"line":7},"1":{"name":"(anonymous_1)","decl":{"start":{"line":16,"column":19},"end":{"line":16,"column":20}},"loc":{"start":{"line":16,"column":34},"end":{"line":16,"column":50}},"line":16},"2":{"name":"(anonymous_2)","decl":{"start":{"line":17,"column":13},"end":{"line":17,"column":14}},"loc":{"start":{"line":17,"column":28},"end":{"line":17,"column":51}},"line":17},"3":{"name":"(anonymous_3)","decl":{"start":{"line":32,"column":19},"end":{"line":32,"column":20}},"loc":{"start":{"line":32,"column":34},"end":{"line":32,"column":50}},"line":32},"4":{"name":"(anonymous_4)","decl":{"start":{"line":33,"column":13},"end":{"line":33,"column":14}},"loc":{"start":{"line":33,"column":28},"end":{"line":33,"column":51}},"line":33}},"branchMap":{},"s":{"0":1,"1":1,"2":1,"3":1,"4":1,"5":1,"6":1,"7":1,"8":1},"f":{"0":1,"1":1,"2":1,"3":1,"4":1},"b":{},"_coverageSchema":"1a1c01bbd47fc00a2c39e90264f33305004495a9","hash":"97352fd7950ec8726ea2d358676d6eaef86979d5"}
,"/home/natan/Documentos/2021.1-Pro-Especies-UserInterface/src/components/FilterBar/index.tsx": {"path":"/home/natan/Documentos/2021.1-Pro-Especies-UserInterface/src/components/FilterBar/index.tsx","statementMap":{"0":{"start":{"line":14,"column":2},"end":{"line":31,"column":4}},"1":{"start":{"line":16,"column":55},"end":{"line":16,"column":74}}},"fnMap":{"0":{"name":"FilterBar","decl":{"start":{"line":13,"column":16},"end":{"line":13,"column":25}},"loc":{"start":{"line":13,"column":88},"end":{"line":32,"column":1}},"line":13},"1":{"name":"(anonymous_1)","decl":{"start":{"line":16,"column":49},"end":{"line":16,"column":50}},"loc":{"start":{"line":16,"column":55},"end":{"line":16,"column":74}},"line":16}},"branchMap":{},"s":{"0":1,"1":1},"f":{"0":1,"1":1},"b":{},"_coverageSchema":"1a1c01bbd47fc00a2c39e90264f33305004495a9","hash":"905cb7a6d5314ce5fe2a34dfd636a063a3d22320"}
,"/home/natan/Documentos/2021.1-Pro-Especies-UserInterface/src/components/FilterBar/styles.ts": {"path":"/home/natan/Documentos/2021.1-Pro-Especies-UserInterface/src/components/FilterBar/styles.ts","statementMap":{"0":{"start":{"line":5,"column":19},"end":{"line":13,"column":1}},"1":{"start":{"line":8,"column":37},"end":{"line":8,"column":63}},"2":{"start":{"line":14,"column":29},"end":{"line":18,"column":1}},"3":{"start":{"line":20,"column":26},"end":{"line":22,"column":1}},"4":{"start":{"line":24,"column":25},"end":{"line":27,"column":1}},"5":{"start":{"line":29,"column":24},"end":{"line":32,"column":1}},"6":{"start":{"line":31,"column":32},"end":{"line":31,"column":48}},"7":{"start":{"line":34,"column":26},"end":{"line":39,"column":1}},"8":{"start":{"line":35,"column":32},"end":{"line":35,"column":50}},"9":{"start":{"line":41,"column":22},"end":{"line":43,"column":1}},"10":{"start":{"line":45,"column":27},"end":{"line":48,"column":1}}},"fnMap":{"0":{"name":"(anonymous_0)","decl":{"start":{"line":8,"column":22},"end":{"line":8,"column":23}},"loc":{"start":{"line":8,"column":37},"end":{"line":8,"column":63}},"line":8},"1":{"name":"(anonymous_1)","decl":{"start":{"line":31,"column":17},"end":{"line":31,"column":18}},"loc":{"start":{"line":31,"column":32},"end":{"line":31,"column":48}},"line":31},"2":{"name":"(anonymous_2)","decl":{"start":{"line":35,"column":17},"end":{"line":35,"column":18}},"loc":{"start":{"line":35,"column":32},"end":{"line":35,"column":50}},"line":35}},"branchMap":{},"s":{"0":1,"1":1,"2":1,"3":1,"4":1,"5":1,"6":1,"7":1,"8":1,"9":1,"10":1},"f":{"0":1,"1":1,"2":1},"b":{},"_coverageSchema":"1a1c01bbd47fc00a2c39e90264f33305004495a9","hash":"c281402066db8aab6141c123dbc916c36f7256b3"}
,"/home/natan/Documentos/2021.1-Pro-Especies-UserInterface/src/components/FilterButton/index.tsx": {"path":"/home/natan/Documentos/2021.1-Pro-Especies-UserInterface/src/components/FilterButton/index.tsx","statementMap":{"0":{"start":{"line":17,"column":2},"end":{"line":36,"column":4}},"1":{"start":{"line":21,"column":21},"end":{"line":21,"column":54}}},"fnMap":{"0":{"name":"FilterButton","decl":{"start":{"line":16,"column":16},"end":{"line":16,"column":28}},"loc":{"start":{"line":16,"column":56},"end":{"line":37,"column":1}},"line":16},"1":{"name":"(anonymous_1)","decl":{"start":{"line":21,"column":15},"end":{"line":21,"column":16}},"loc":{"start":{"line":21,"column":21},"end":{"line":21,"column":54}},"line":21}},"branchMap":{"0":{"loc":{"start":{"line":22,"column":17},"end":{"line":22,"column":35}},"type":"cond-expr","locations":[{"start":{"line":22,"column":23},"end":{"line":22,"column":27}},{"start":{"line":22,"column":30},"end":{"line":22,"column":35}}],"line":22},"1":{"loc":{"start":{"line":25,"column":19},"end":{"line":25,"column":37}},"type":"cond-expr","locations":[{"start":{"line":25,"column":25},"end":{"line":25,"column":29}},{"start":{"line":25,"column":32},"end":{"line":25,"column":37}}],"line":25},"2":{"loc":{"start":{"line":27,"column":7},"end":{"line":33,"column":45}},"type":"cond-expr","locations":[{"start":{"line":28,"column":8},"end":{"line":30,"column":26}},{"start":{"line":33,"column":11},"end":{"line":33,"column":44}}],"line":27}},"s":{"0":1,"1":1},"f":{"0":1,"1":1},"b":{"0":[1,0],"1":[1,0],"2":[1,0]},"_coverageSchema":"1a1c01bbd47fc00a2c39e90264f33305004495a9","hash":"c5a580218934ba8710397f10dfdcf6f62e77b064"}
,"/home/natan/Documentos/2021.1-Pro-Especies-UserInterface/src/components/FilterButton/styles.tsx": {"path":"/home/natan/Documentos/2021.1-Pro-Especies-UserInterface/src/components/FilterButton/styles.tsx","statementMap":{"0":{"start":{"line":8,"column":26},"end":{"line":13,"column":1}},"1":{"start":{"line":9,"column":32},"end":{"line":9,"column":48}},"2":{"start":{"line":11,"column":37},"end":{"line":11,"column":66}},"3":{"start":{"line":15,"column":26},"end":{"line":18,"column":1}},"4":{"start":{"line":20,"column":31},"end":{"line":28,"column":1}},"5":{"start":{"line":23,"column":48},"end":{"line":23,"column":113}},"6":{"start":{"line":29,"column":31},"end":{"line":37,"column":1}},"7":{"start":{"line":38,"column":26},"end":{"line":42,"column":1}},"8":{"start":{"line":39,"column":32},"end":{"line":39,"column":48}}},"fnMap":{"0":{"name":"(anonymous_0)","decl":{"start":{"line":9,"column":17},"end":{"line":9,"column":18}},"loc":{"start":{"line":9,"column":32},"end":{"line":9,"column":48}},"line":9},"1":{"name":"(anonymous_1)","decl":{"start":{"line":11,"column":11},"end":{"line":11,"column":12}},"loc":{"start":{"line":11,"column":37},"end":{"line":11,"column":66}},"line":11},"2":{"name":"(anonymous_2)","decl":{"start":{"line":23,"column":22},"end":{"line":23,"column":23}},"loc":{"start":{"line":23,"column":48},"end":{"line":23,"column":113}},"line":23},"3":{"name":"(anonymous_3)","decl":{"start":{"line":39,"column":17},"end":{"line":39,"column":18}},"loc":{"start":{"line":39,"column":32},"end":{"line":39,"column":48}},"line":39}},"branchMap":{"0":{"loc":{"start":{"line":11,"column":37},"end":{"line":11,"column":66}},"type":"cond-expr","locations":[{"start":{"line":11,"column":49},"end":{"line":11,"column":56}},{"start":{"line":11,"column":59},"end":{"line":11,"column":66}}],"line":11},"1":{"loc":{"start":{"line":23,"column":48},"end":{"line":23,"column":113}},"type":"cond-expr","locations":[{"start":{"line":23,"column":60},"end":{"line":23,"column":87}},{"start":{"line":23,"column":90},"end":{"line":23,"column":113}}],"line":23}},"s":{"0":1,"1":1,"2":1,"3":1,"4":1,"5":1,"6":1,"7":1,"8":1},"f":{"0":1,"1":1,"2":1,"3":1},"b":{"0":[1,0],"1":[1,0]},"_coverageSchema":"1a1c01bbd47fc00a2c39e90264f33305004495a9","hash":"5751352ed554ec008efbbd8dc73ed5014a6fd53c"}
,"/home/natan/Documentos/2021.1-Pro-Especies-UserInterface/src/components/FishLogCard/index.tsx": {"path":"/home/natan/Documentos/2021.1-Pro-Especies-UserInterface/src/components/FishLogCard/index.tsx","statementMap":{"0":{"start":{"line":44,"column":47},"end":{"line":109,"column":1}},"1":{"start":{"line":53,"column":32},"end":{"line":53,"column":47}},"2":{"start":{"line":55,"column":27},"end":{"line":62,"column":3}},"3":{"start":{"line":56,"column":4},"end":{"line":56,"column":22}},"4":{"start":{"line":57,"column":4},"end":{"line":61,"column":5}},"5":{"start":{"line":58,"column":6},"end":{"line":58,"column":23}},"6":{"start":{"line":60,"column":6},"end":{"line":60,"column":25}},"7":{"start":{"line":64,"column":2},"end":{"line":70,"column":18}},"8":{"start":{"line":65,"column":4},"end":{"line":69,"column":5}},"9":{"start":{"line":66,"column":6},"end":{"line":66,"column":23}},"10":{"start":{"line":68,"column":6},"end":{"line":68,"column":24}},"11":{"start":{"line":72,"column":2},"end":{"line":108,"column":4}},"12":{"start":{"line":80,"column":29},"end":{"line":80,"column":55}}},"fnMap":{"0":{"name":"(anonymous_0)","decl":{"start":{"line":44,"column":47},"end":{"line":44,"column":48}},"loc":{"start":{"line":52,"column":6},"end":{"line":109,"column":1}},"line":52},"1":{"name":"(anonymous_1)","decl":{"start":{"line":55,"column":27},"end":{"line":55,"column":28}},"loc":{"start":{"line":55,"column":47},"end":{"line":62,"column":3}},"line":55},"2":{"name":"(anonymous_2)","decl":{"start":{"line":64,"column":12},"end":{"line":64,"column":13}},"loc":{"start":{"line":64,"column":18},"end":{"line":70,"column":3}},"line":64},"3":{"name":"(anonymous_3)","decl":{"start":{"line":80,"column":23},"end":{"line":80,"column":24}},"loc":{"start":{"line":80,"column":29},"end":{"line":80,"column":55}},"line":80}},"branchMap":{"0":{"loc":{"start":{"line":57,"column":4},"end":{"line":61,"column":5}},"type":"if","locations":[{"start":{"line":57,"column":4},"end":{"line":61,"column":5}},{"start":{"line":59,"column":11},"end":{"line":61,"column":5}}],"line":57},"1":{"loc":{"start":{"line":65,"column":4},"end":{"line":69,"column":5}},"type":"if","locations":[{"start":{"line":65,"column":4},"end":{"line":69,"column":5}},{"start":{"line":67,"column":11},"end":{"line":69,"column":5}}],"line":65},"2":{"loc":{"start":{"line":75,"column":8},"end":{"line":84,"column":26}},"type":"cond-expr","locations":[{"start":{"line":75,"column":19},"end":{"line":75,"column":23}},{"start":{"line":76,"column":13},"end":{"line":84,"column":25}}],"line":75},"3":{"loc":{"start":{"line":87,"column":9},"end":{"line":96,"column":24}},"type":"cond-expr","locations":[{"start":{"line":88,"column":10},"end":{"line":93,"column":12}},{"start":{"line":94,"column":10},"end":{"line":96,"column":24}}],"line":87}},"s":{"0":1,"1":3,"2":3,"3":1,"4":1,"5":0,"6":1,"7":3,"8":1,"9":1,"10":0,"11":3,"12":1},"f":{"0":3,"1":1,"2":1,"3":1},"b":{"0":[0,1],"1":[1,0],"2":[0,3],"3":[3,0]},"_coverageSchema":"1a1c01bbd47fc00a2c39e90264f33305004495a9","hash":"26d16809820ca3b8617e9c89ba1900a5ab1489ef"}
,"/home/natan/Documentos/2021.1-Pro-Especies-UserInterface/src/components/FishLogCard/styles.ts": {"path":"/home/natan/Documentos/2021.1-Pro-Especies-UserInterface/src/components/FishLogCard/styles.ts","statementMap":{"0":{"start":{"line":5,"column":33},"end":{"line":13,"column":1}},"1":{"start":{"line":11,"column":37},"end":{"line":11,"column":60}},"2":{"start":{"line":15,"column":28},"end":{"line":18,"column":1}},"3":{"start":{"line":20,"column":25},"end":{"line":25,"column":1}},"4":{"start":{"line":26,"column":24},"end":{"line":30,"column":1}},"5":{"start":{"line":32,"column":30},"end":{"line":38,"column":1}},"6":{"start":{"line":33,"column":32},"end":{"line":33,"column":51}},"7":{"start":{"line":36,"column":26},"end":{"line":36,"column":52}},"8":{"start":{"line":40,"column":30},"end":{"line":47,"column":1}},"9":{"start":{"line":41,"column":32},"end":{"line":41,"column":51}},"10":{"start":{"line":45,"column":26},"end":{"line":45,"column":52}},"11":{"start":{"line":49,"column":27},"end":{"line":57,"column":1}},"12":{"start":{"line":59,"column":31},"end":{"line":61,"column":1}}},"fnMap":{"0":{"name":"(anonymous_0)","decl":{"start":{"line":11,"column":22},"end":{"line":11,"column":23}},"loc":{"start":{"line":11,"column":37},"end":{"line":11,"column":60}},"line":11},"1":{"name":"(anonymous_1)","decl":{"start":{"line":33,"column":17},"end":{"line":33,"column":18}},"loc":{"start":{"line":33,"column":32},"end":{"line":33,"column":51}},"line":33},"2":{"name":"(anonymous_2)","decl":{"start":{"line":36,"column":11},"end":{"line":36,"column":12}},"loc":{"start":{"line":36,"column":26},"end":{"line":36,"column":52}},"line":36},"3":{"name":"(anonymous_3)","decl":{"start":{"line":41,"column":17},"end":{"line":41,"column":18}},"loc":{"start":{"line":41,"column":32},"end":{"line":41,"column":51}},"line":41},"4":{"name":"(anonymous_4)","decl":{"start":{"line":45,"column":11},"end":{"line":45,"column":12}},"loc":{"start":{"line":45,"column":26},"end":{"line":45,"column":52}},"line":45}},"branchMap":{},"s":{"0":1,"1":3,"2":1,"3":1,"4":1,"5":1,"6":3,"7":3,"8":1,"9":3,"10":3,"11":1,"12":1},"f":{"0":3,"1":3,"2":3,"3":3,"4":3},"b":{},"_coverageSchema":"1a1c01bbd47fc00a2c39e90264f33305004495a9","hash":"9c81f515330f5748dc5d84a1c608bd4437f06a3f"}
,"/home/natan/Documentos/2021.1-Pro-Especies-UserInterface/src/components/FishLogs/index.tsx": {"path":"/home/natan/Documentos/2021.1-Pro-Especies-UserInterface/src/components/FishLogs/index.tsx","statementMap":{"0":{"start":{"line":45,"column":24},"end":{"line":280,"column":1}},"1":{"start":{"line":46,"column":32},"end":{"line":46,"column":56}},"2":{"start":{"line":47,"column":36},"end":{"line":47,"column":50}},"3":{"start":{"line":48,"column":38},"end":{"line":48,"column":60}},"4":{"start":{"line":49,"column":32},"end":{"line":49,"column":47}},"5":{"start":{"line":50,"column":42},"end":{"line":50,"column":57}},"6":{"start":{"line":51,"column":34},"end":{"line":51,"column":49}},"7":{"start":{"line":52,"column":21},"end":{"line":52,"column":36}},"8":{"start":{"line":55,"column":22},"end":{"line":65,"column":3}},"9":{"start":{"line":57,"column":4},"end":{"line":63,"column":5}},"10":{"start":{"line":58,"column":19},"end":{"line":58,"column":46}},"11":{"start":{"line":60,"column":6},"end":{"line":60,"column":33}},"12":{"start":{"line":62,"column":6},"end":{"line":62,"column":25}},"13":{"start":{"line":64,"column":4},"end":{"line":64,"column":24}},"14":{"start":{"line":67,"column":20},"end":{"line":73,"column":3}},"15":{"start":{"line":68,"column":4},"end":{"line":68,"column":23}},"16":{"start":{"line":69,"column":19},"end":{"line":69,"column":55}},"17":{"start":{"line":70,"column":4},"end":{"line":71,"column":34}},"18":{"start":{"line":71,"column":6},"end":{"line":71,"column":34}},"19":{"start":{"line":72,"column":4},"end":{"line":72,"column":24}},"20":{"start":{"line":74,"column":27},"end":{"line":81,"column":3}},"21":{"start":{"line":75,"column":4},"end":{"line":80,"column":6}},"22":{"start":{"line":83,"column":28},"end":{"line":94,"column":3}},"23":{"start":{"line":84,"column":4},"end":{"line":84,"column":22}},"24":{"start":{"line":85,"column":4},"end":{"line":93,"column":5}},"25":{"start":{"line":86,"column":6},"end":{"line":90,"column":9}},"26":{"start":{"line":87,"column":8},"end":{"line":89,"column":9}},"27":{"start":{"line":88,"column":10},"end":{"line":88,"column":51}},"28":{"start":{"line":88,"column":31},"end":{"line":88,"column":49}},"29":{"start":{"line":92,"column":6},"end":{"line":92,"column":24}},"30":{"start":{"line":96,"column":23},"end":{"line":98,"column":3}},"31":{"start":{"line":97,"column":4},"end":{"line":97,"column":35}},"32":{"start":{"line":100,"column":23},"end":{"line":105,"column":3}},"33":{"start":{"line":101,"column":4},"end":{"line":104,"column":16}},"34":{"start":{"line":108,"column":19},"end":{"line":138,"column":3}},"35":{"start":{"line":109,"column":4},"end":{"line":109,"column":23}},"36":{"start":{"line":110,"column":4},"end":{"line":136,"column":5}},"37":{"start":{"line":111,"column":18},"end":{"line":111,"column":62}},"38":{"start":{"line":113,"column":6},"end":{"line":128,"column":7}},"39":{"start":{"line":114,"column":20},"end":{"line":114,"column":30}},"40":{"start":{"line":115,"column":19},"end":{"line":115,"column":145}},"41":{"start":{"line":117,"column":22},"end":{"line":117,"column":76}},"42":{"start":{"line":118,"column":8},"end":{"line":118,"column":62}},"43":{"start":{"line":119,"column":22},"end":{"line":119,"column":66}},"44":{"start":{"line":120,"column":8},"end":{"line":120,"column":72}},"45":{"start":{"line":122,"column":8},"end":{"line":122,"column":23}},"46":{"start":{"line":123,"column":8},"end":{"line":127,"column":10}},"47":{"start":{"line":130,"column":6},"end":{"line":130,"column":25}},"48":{"start":{"line":131,"column":6},"end":{"line":135,"column":8}},"49":{"start":{"line":137,"column":4},"end":{"line":137,"column":24}},"50":{"start":{"line":140,"column":31},"end":{"line":153,"column":3}},"51":{"start":{"line":141,"column":4},"end":{"line":152,"column":5}},"52":{"start":{"line":142,"column":6},"end":{"line":142,"column":30}},"53":{"start":{"line":143,"column":19},"end":{"line":143,"column":58}},"54":{"start":{"line":144,"column":6},"end":{"line":144,"column":21}},"55":{"start":{"line":146,"column":6},"end":{"line":146,"column":25}},"56":{"start":{"line":147,"column":6},"end":{"line":151,"column":8}},"57":{"start":{"line":156,"column":24},"end":{"line":158,"column":3}},"58":{"start":{"line":157,"column":4},"end":{"line":157,"column":42}},"59":{"start":{"line":157,"column":25},"end":{"line":157,"column":40}},"60":{"start":{"line":160,"column":27},"end":{"line":162,"column":3}},"61":{"start":{"line":161,"column":4},"end":{"line":161,"column":61}},"62":{"start":{"line":161,"column":44},"end":{"line":161,"column":58}},"63":{"start":{"line":164,"column":2},"end":{"line":167,"column":9}},"64":{"start":{"line":165,"column":4},"end":{"line":165,"column":18}},"65":{"start":{"line":166,"column":4},"end":{"line":166,"column":16}},"66":{"start":{"line":169,"column":2},"end":{"line":279,"column":4}},"67":{"start":{"line":213,"column":33},"end":{"line":213,"column":60}},"68":{"start":{"line":229,"column":14},"end":{"line":242,"column":16}},"69":{"start":{"line":234,"column":18},"end":{"line":234,"column":45}},"70":{"start":{"line":237,"column":18},"end":{"line":237,"column":42}},"71":{"start":{"line":240,"column":18},"end":{"line":240,"column":45}},"72":{"start":{"line":244,"column":34},"end":{"line":244,"column":42}},"73":{"start":{"line":250,"column":16},"end":{"line":259,"column":18}},"74":{"start":{"line":257,"column":35},"end":{"line":257,"column":57}}},"fnMap":{"0":{"name":"(anonymous_0)","decl":{"start":{"line":45,"column":24},"end":{"line":45,"column":25}},"loc":{"start":{"line":45,"column":55},"end":{"line":280,"column":1}},"line":45},"1":{"name":"(anonymous_1)","decl":{"start":{"line":55,"column":22},"end":{"line":55,"column":23}},"loc":{"start":{"line":55,"column":34},"end":{"line":65,"column":3}},"line":55},"2":{"name":"(anonymous_2)","decl":{"start":{"line":67,"column":20},"end":{"line":67,"column":21}},"loc":{"start":{"line":67,"column":32},"end":{"line":73,"column":3}},"line":67},"3":{"name":"(anonymous_3)","decl":{"start":{"line":74,"column":27},"end":{"line":74,"column":28}},"loc":{"start":{"line":74,"column":43},"end":{"line":81,"column":3}},"line":74},"4":{"name":"(anonymous_4)","decl":{"start":{"line":83,"column":28},"end":{"line":83,"column":29}},"loc":{"start":{"line":83,"column":48},"end":{"line":94,"column":3}},"line":83},"5":{"name":"(anonymous_5)","decl":{"start":{"line":86,"column":22},"end":{"line":86,"column":23}},"loc":{"start":{"line":86,"column":32},"end":{"line":90,"column":7}},"line":86},"6":{"name":"(anonymous_6)","decl":{"start":{"line":88,"column":24},"end":{"line":88,"column":25}},"loc":{"start":{"line":88,"column":31},"end":{"line":88,"column":49}},"line":88},"7":{"name":"(anonymous_7)","decl":{"start":{"line":96,"column":23},"end":{"line":96,"column":24}},"loc":{"start":{"line":96,"column":35},"end":{"line":98,"column":3}},"line":96},"8":{"name":"(anonymous_8)","decl":{"start":{"line":100,"column":23},"end":{"line":100,"column":24}},"loc":{"start":{"line":100,"column":35},"end":{"line":105,"column":3}},"line":100},"9":{"name":"(anonymous_9)","decl":{"start":{"line":108,"column":19},"end":{"line":108,"column":20}},"loc":{"start":{"line":108,"column":46},"end":{"line":138,"column":3}},"line":108},"10":{"name":"(anonymous_10)","decl":{"start":{"line":140,"column":31},"end":{"line":140,"column":32}},"loc":{"start":{"line":140,"column":43},"end":{"line":153,"column":3}},"line":140},"11":{"name":"(anonymous_11)","decl":{"start":{"line":156,"column":24},"end":{"line":156,"column":25}},"loc":{"start":{"line":156,"column":43},"end":{"line":158,"column":3}},"line":156},"12":{"name":"(anonymous_12)","decl":{"start":{"line":157,"column":18},"end":{"line":157,"column":19}},"loc":{"start":{"line":157,"column":25},"end":{"line":157,"column":40}},"line":157},"13":{"name":"(anonymous_13)","decl":{"start":{"line":160,"column":27},"end":{"line":160,"column":28}},"loc":{"start":{"line":160,"column":46},"end":{"line":162,"column":3}},"line":160},"14":{"name":"(anonymous_14)","decl":{"start":{"line":161,"column":36},"end":{"line":161,"column":37}},"loc":{"start":{"line":161,"column":44},"end":{"line":161,"column":58}},"line":161},"15":{"name":"(anonymous_15)","decl":{"start":{"line":164,"column":12},"end":{"line":164,"column":13}},"loc":{"start":{"line":164,"column":18},"end":{"line":167,"column":3}},"line":164},"16":{"name":"(anonymous_16)","decl":{"start":{"line":176,"column":37},"end":{"line":176,"column":38}},"loc":{"start":{"line":176,"column":43},"end":{"line":176,"column":46}},"line":176},"17":{"name":"(anonymous_17)","decl":{"start":{"line":213,"column":27},"end":{"line":213,"column":28}},"loc":{"start":{"line":213,"column":33},"end":{"line":213,"column":60}},"line":213},"18":{"name":"(anonymous_18)","decl":{"start":{"line":228,"column":24},"end":{"line":228,"column":25}},"loc":{"start":{"line":229,"column":14},"end":{"line":242,"column":16}},"line":229},"19":{"name":"(anonymous_19)","decl":{"start":{"line":233,"column":30},"end":{"line":233,"column":31}},"loc":{"start":{"line":233,"column":36},"end":{"line":235,"column":17}},"line":233},"20":{"name":"(anonymous_20)","decl":{"start":{"line":236,"column":32},"end":{"line":236,"column":33}},"loc":{"start":{"line":236,"column":38},"end":{"line":238,"column":17}},"line":236},"21":{"name":"(anonymous_21)","decl":{"start":{"line":239,"column":34},"end":{"line":239,"column":35}},"loc":{"start":{"line":239,"column":40},"end":{"line":241,"column":17}},"line":239},"22":{"name":"(anonymous_22)","decl":{"start":{"line":244,"column":26},"end":{"line":244,"column":27}},"loc":{"start":{"line":244,"column":34},"end":{"line":244,"column":42}},"line":244},"23":{"name":"(anonymous_23)","decl":{"start":{"line":249,"column":75},"end":{"line":249,"column":76}},"loc":{"start":{"line":249,"column":81},"end":{"line":260,"column":15}},"line":249},"24":{"name":"(anonymous_24)","decl":{"start":{"line":257,"column":29},"end":{"line":257,"column":30}},"loc":{"start":{"line":257,"column":35},"end":{"line":257,"column":57}},"line":257}},"branchMap":{"0":{"loc":{"start":{"line":70,"column":4},"end":{"line":71,"column":34}},"type":"if","locations":[{"start":{"line":70,"column":4},"end":{"line":71,"column":34}},{"start":{},"end":{}}],"line":70},"1":{"loc":{"start":{"line":85,"column":4},"end":{"line":93,"column":5}},"type":"if","locations":[{"start":{"line":85,"column":4},"end":{"line":93,"column":5}},{"start":{"line":91,"column":11},"end":{"line":93,"column":5}}],"line":85},"2":{"loc":{"start":{"line":87,"column":8},"end":{"line":89,"column":9}},"type":"if","locations":[{"start":{"line":87,"column":8},"end":{"line":89,"column":9}},{"start":{},"end":{}}],"line":87},"3":{"loc":{"start":{"line":113,"column":6},"end":{"line":128,"column":7}},"type":"if","locations":[{"start":{"line":113,"column":6},"end":{"line":128,"column":7}},{"start":{},"end":{}}],"line":113},"4":{"loc":{"start":{"line":171,"column":7},"end":{"line":277,"column":7}},"type":"cond-expr","locations":[{"start":{"line":172,"column":8},"end":{"line":172,"column":58}},{"start":{"line":174,"column":8},"end":{"line":276,"column":11}}],"line":171},"5":{"loc":{"start":{"line":181,"column":14},"end":{"line":204,"column":27}},"type":"cond-expr","locations":[{"start":{"line":182,"column":16},"end":{"line":198,"column":29}},{"start":{"line":199,"column":18},"end":{"line":204,"column":27}}],"line":181},"6":{"loc":{"start":{"line":185,"column":22},"end":{"line":194,"column":27}},"type":"cond-expr","locations":[{"start":{"line":185,"column":37},"end":{"line":188,"column":25}},{"start":{"line":191,"column":24},"end":{"line":194,"column":27}}],"line":185},"7":{"loc":{"start":{"line":209,"column":14},"end":{"line":219,"column":22}},"type":"cond-expr","locations":[{"start":{"line":209,"column":29},"end":{"line":218,"column":17}},{"start":{"line":219,"column":18},"end":{"line":219,"column":22}}],"line":209},"8":{"loc":{"start":{"line":222,"column":11},"end":{"line":224,"column":16}},"type":"cond-expr","locations":[{"start":{"line":223,"column":12},"end":{"line":223,"column":27}},{"start":{"line":224,"column":12},"end":{"line":224,"column":16}}],"line":222},"9":{"loc":{"start":{"line":247,"column":11},"end":{"line":274,"column":28}},"type":"cond-expr","locations":[{"start":{"line":248,"column":12},"end":{"line":267,"column":33}},{"start":{"line":268,"column":14},"end":{"line":274,"column":28}}],"line":247}},"s":{"0":0,"1":0,"2":0,"3":0,"4":0,"5":0,"6":0,"7":0,"8":0,"9":0,"10":0,"11":0,"12":0,"13":0,"14":0,"15":0,"16":0,"17":0,"18":0,"19":0,"20":0,"21":0,"22":0,"23":0,"24":0,"25":0,"26":0,"27":0,"28":0,"29":0,"30":0,"31":0,"32":0,"33":0,"34":0,"35":0,"36":0,"37":0,"38":0,"39":0,"40":0,"41":0,"42":0,"43":0,"44":0,"45":0,"46":0,"47":0,"48":0,"49":0,"50":0,"51":0,"52":0,"53":0,"54":0,"55":0,"56":0,"57":0,"58":0,"59":0,"60":0,"61":0,"62":0,"63":0,"64":0,"65":0,"66":0,"67":0,"68":0,"69":0,"70":0,"71":0,"72":0,"73":0,"74":0},"f":{"0":0,"1":0,"2":0,"3":0,"4":0,"5":0,"6":0,"7":0,"8":0,"9":0,"10":0,"11":0,"12":0,"13":0,"14":0,"15":0,"16":0,"17":0,"18":0,"19":0,"20":0,"21":0,"22":0,"23":0,"24":0},"b":{"0":[0,0],"1":[0,0],"2":[0,0],"3":[0,0],"4":[0,0],"5":[0,0],"6":[0,0],"7":[0,0],"8":[0,0],"9":[0,0]}}
,"/home/natan/Documentos/2021.1-Pro-Especies-UserInterface/src/components/FishLogs/styles.ts": {"path":"/home/natan/Documentos/2021.1-Pro-Especies-UserInterface/src/components/FishLogs/styles.ts","statementMap":{"0":{"start":{"line":7,"column":25},"end":{"line":12,"column":1}},"1":{"start":{"line":15,"column":27},"end":{"line":20,"column":1}},"2":{"start":{"line":22,"column":30},"end":{"line":25,"column":1}},"3":{"start":{"line":27,"column":25},"end":{"line":31,"column":1}},"4":{"start":{"line":28,"column":32},"end":{"line":28,"column":48}},"5":{"start":{"line":33,"column":26},"end":{"line":37,"column":1}},"6":{"start":{"line":38,"column":28},"end":{"line":46,"column":1}},"7":{"start":{"line":43,"column":37},"end":{"line":43,"column":64}},"8":{"start":{"line":48,"column":32},"end":{"line":52,"column":1}},"9":{"start":{"line":50,"column":32},"end":{"line":50,"column":48}},"10":{"start":{"line":54,"column":32},"end":{"line":58,"column":1}},"11":{"start":{"line":56,"column":32},"end":{"line":56,"column":48}},"12":{"start":{"line":60,"column":28},"end":{"line":64,"column":1}},"13":{"start":{"line":63,"column":32},"end":{"line":63,"column":48}},"14":{"start":{"line":66,"column":34},"end":{"line":70,"column":1}},"15":{"start":{"line":69,"column":32},"end":{"line":69,"column":48}},"16":{"start":{"line":72,"column":26},"end":{"line":76,"column":1}},"17":{"start":{"line":75,"column":32},"end":{"line":75,"column":48}},"18":{"start":{"line":78,"column":29},"end":{"line":83,"column":1}},"19":{"start":{"line":85,"column":29},"end":{"line":88,"column":1}},"20":{"start":{"line":87,"column":32},"end":{"line":87,"column":48}},"21":{"start":{"line":90,"column":23},"end":{"line":94,"column":1}},"22":{"start":{"line":93,"column":32},"end":{"line":93,"column":48}},"23":{"start":{"line":95,"column":29},"end":{"line":103,"column":1}},"24":{"start":{"line":105,"column":28},"end":{"line":108,"column":1}},"25":{"start":{"line":109,"column":26},"end":{"line":117,"column":1}},"26":{"start":{"line":114,"column":37},"end":{"line":114,"column":64}},"27":{"start":{"line":119,"column":34},"end":{"line":127,"column":1}},"28":{"start":{"line":129,"column":36},"end":{"line":132,"column":1}},"29":{"start":{"line":133,"column":34},"end":{"line":137,"column":1}},"30":{"start":{"line":136,"column":32},"end":{"line":136,"column":48}},"31":{"start":{"line":138,"column":40},"end":{"line":147,"column":1}},"32":{"start":{"line":143,"column":37},"end":{"line":143,"column":64}},"33":{"start":{"line":149,"column":29},"end":{"line":152,"column":1}},"34":{"start":{"line":150,"column":32},"end":{"line":150,"column":48}},"35":{"start":{"line":153,"column":28},"end":{"line":162,"column":4}}},"fnMap":{"0":{"name":"(anonymous_0)","decl":{"start":{"line":28,"column":17},"end":{"line":28,"column":18}},"loc":{"start":{"line":28,"column":32},"end":{"line":28,"column":48}},"line":28},"1":{"name":"(anonymous_1)","decl":{"start":{"line":43,"column":22},"end":{"line":43,"column":23}},"loc":{"start":{"line":43,"column":37},"end":{"line":43,"column":64}},"line":43},"2":{"name":"(anonymous_2)","decl":{"start":{"line":50,"column":17},"end":{"line":50,"column":18}},"loc":{"start":{"line":50,"column":32},"end":{"line":50,"column":48}},"line":50},"3":{"name":"(anonymous_3)","decl":{"start":{"line":56,"column":17},"end":{"line":56,"column":18}},"loc":{"start":{"line":56,"column":32},"end":{"line":56,"column":48}},"line":56},"4":{"name":"(anonymous_4)","decl":{"start":{"line":63,"column":17},"end":{"line":63,"column":18}},"loc":{"start":{"line":63,"column":32},"end":{"line":63,"column":48}},"line":63},"5":{"name":"(anonymous_5)","decl":{"start":{"line":69,"column":17},"end":{"line":69,"column":18}},"loc":{"start":{"line":69,"column":32},"end":{"line":69,"column":48}},"line":69},"6":{"name":"(anonymous_6)","decl":{"start":{"line":75,"column":17},"end":{"line":75,"column":18}},"loc":{"start":{"line":75,"column":32},"end":{"line":75,"column":48}},"line":75},"7":{"name":"(anonymous_7)","decl":{"start":{"line":87,"column":17},"end":{"line":87,"column":18}},"loc":{"start":{"line":87,"column":32},"end":{"line":87,"column":48}},"line":87},"8":{"name":"(anonymous_8)","decl":{"start":{"line":93,"column":17},"end":{"line":93,"column":18}},"loc":{"start":{"line":93,"column":32},"end":{"line":93,"column":48}},"line":93},"9":{"name":"(anonymous_9)","decl":{"start":{"line":114,"column":22},"end":{"line":114,"column":23}},"loc":{"start":{"line":114,"column":37},"end":{"line":114,"column":64}},"line":114},"10":{"name":"(anonymous_10)","decl":{"start":{"line":136,"column":17},"end":{"line":136,"column":18}},"loc":{"start":{"line":136,"column":32},"end":{"line":136,"column":48}},"line":136},"11":{"name":"(anonymous_11)","decl":{"start":{"line":143,"column":22},"end":{"line":143,"column":23}},"loc":{"start":{"line":143,"column":37},"end":{"line":143,"column":64}},"line":143},"12":{"name":"(anonymous_12)","decl":{"start":{"line":150,"column":17},"end":{"line":150,"column":18}},"loc":{"start":{"line":150,"column":32},"end":{"line":150,"column":48}},"line":150}},"branchMap":{},"s":{"0":0,"1":0,"2":0,"3":0,"4":0,"5":0,"6":0,"7":0,"8":0,"9":0,"10":0,"11":0,"12":0,"13":0,"14":0,"15":0,"16":0,"17":0,"18":0,"19":0,"20":0,"21":0,"22":0,"23":0,"24":0,"25":0,"26":0,"27":0,"28":0,"29":0,"30":0,"31":0,"32":0,"33":0,"34":0,"35":0},"f":{"0":0,"1":0,"2":0,"3":0,"4":0,"5":0,"6":0,"7":0,"8":0,"9":0,"10":0,"11":0,"12":0},"b":{}}
,"/home/natan/Documentos/2021.1-Pro-Especies-UserInterface/src/components/HalfToneText/index.tsx": {"path":"/home/natan/Documentos/2021.1-Pro-Especies-UserInterface/src/components/HalfToneText/index.tsx","statementMap":{"0":{"start":{"line":9,"column":2},"end":{"line":9,"column":29}}},"fnMap":{"0":{"name":"HalfToneText","decl":{"start":{"line":8,"column":16},"end":{"line":8,"column":28}},"loc":{"start":{"line":8,"column":46},"end":{"line":10,"column":1}},"line":8}},"branchMap":{},"s":{"0":0},"f":{"0":0},"b":{}}
,"/home/natan/Documentos/2021.1-Pro-Especies-UserInterface/src/components/HalfToneText/styles.tsx": {"path":"/home/natan/Documentos/2021.1-Pro-Especies-UserInterface/src/components/HalfToneText/styles.tsx","statementMap":{"0":{"start":{"line":4,"column":20},"end":{"line":10,"column":1}},"1":{"start":{"line":5,"column":32},"end":{"line":5,"column":51}},"2":{"start":{"line":8,"column":26},"end":{"line":8,"column":49}}},"fnMap":{"0":{"name":"(anonymous_0)","decl":{"start":{"line":5,"column":17},"end":{"line":5,"column":18}},"loc":{"start":{"line":5,"column":32},"end":{"line":5,"column":51}},"line":5},"1":{"name":"(anonymous_1)","decl":{"start":{"line":8,"column":11},"end":{"line":8,"column":12}},"loc":{"start":{"line":8,"column":26},"end":{"line":8,"column":49}},"line":8}},"branchMap":{},"s":{"0":0,"1":0,"2":0},"f":{"0":0,"1":0},"b":{}}
,"/home/natan/Documentos/2021.1-Pro-Especies-UserInterface/src/components/InstructionsModal/index.tsx": {"path":"/home/natan/Documentos/2021.1-Pro-Especies-UserInterface/src/components/InstructionsModal/index.tsx","statementMap":{"0":{"start":{"line":13,"column":32},"end":{"line":71,"column":1}},"1":{"start":{"line":14,"column":54},"end":{"line":17,"column":6}},"2":{"start":{"line":18,"column":50},"end":{"line":18,"column":61}},"3":{"start":{"line":19,"column":24},"end":{"line":23,"column":5}},"4":{"start":{"line":20,"column":8},"end":{"line":20,"column":48}},"5":{"start":{"line":20,"column":42},"end":{"line":20,"column":48}},"6":{"start":{"line":21,"column":8},"end":{"line":21,"column":48}},"7":{"start":{"line":21,"column":42},"end":{"line":21,"column":48}},"8":{"start":{"line":22,"column":8},"end":{"line":22,"column":53}},"9":{"start":{"line":25,"column":31},"end":{"line":35,"column":5}},"10":{"start":{"line":26,"column":26},"end":{"line":26,"column":77}},"11":{"start":{"line":27,"column":8},"end":{"line":34,"column":9}},"12":{"start":{"line":28,"column":12},"end":{"line":28,"column":173}},"13":{"start":{"line":28,"column":54},"end":{"line":28,"column":171}},"14":{"start":{"line":31,"column":12},"end":{"line":31,"column":199}},"15":{"start":{"line":31,"column":54},"end":{"line":31,"column":197}},"16":{"start":{"line":36,"column":4},"end":{"line":38,"column":11}},"17":{"start":{"line":37,"column":8},"end":{"line":37,"column":29}},"18":{"start":{"line":40,"column":4},"end":{"line":70,"column":6}},"19":{"start":{"line":55,"column":109},"end":{"line":55,"column":124}},"20":{"start":{"line":57,"column":110},"end":{"line":57,"column":125}}},"fnMap":{"0":{"name":"(anonymous_0)","decl":{"start":{"line":13,"column":32},"end":{"line":13,"column":33}},"loc":{"start":{"line":13,"column":80},"end":{"line":71,"column":1}},"line":13},"1":{"name":"(anonymous_1)","decl":{"start":{"line":19,"column":24},"end":{"line":19,"column":25}},"loc":{"start":{"line":19,"column":44},"end":{"line":23,"column":5}},"line":19},"2":{"name":"(anonymous_2)","decl":{"start":{"line":25,"column":31},"end":{"line":25,"column":32}},"loc":{"start":{"line":25,"column":43},"end":{"line":35,"column":5}},"line":25},"3":{"name":"(anonymous_3)","decl":{"start":{"line":28,"column":33},"end":{"line":28,"column":34}},"loc":{"start":{"line":28,"column":54},"end":{"line":28,"column":171}},"line":28},"4":{"name":"(anonymous_4)","decl":{"start":{"line":31,"column":33},"end":{"line":31,"column":34}},"loc":{"start":{"line":31,"column":54},"end":{"line":31,"column":197}},"line":31},"5":{"name":"(anonymous_5)","decl":{"start":{"line":36,"column":14},"end":{"line":36,"column":15}},"loc":{"start":{"line":36,"column":20},"end":{"line":38,"column":5}},"line":36},"6":{"name":"(anonymous_6)","decl":{"start":{"line":55,"column":103},"end":{"line":55,"column":104}},"loc":{"start":{"line":55,"column":109},"end":{"line":55,"column":124}},"line":55},"7":{"name":"(anonymous_7)","decl":{"start":{"line":57,"column":104},"end":{"line":57,"column":105}},"loc":{"start":{"line":57,"column":110},"end":{"line":57,"column":125}},"line":57}},"branchMap":{"0":{"loc":{"start":{"line":20,"column":8},"end":{"line":20,"column":48}},"type":"if","locations":[{"start":{"line":20,"column":8},"end":{"line":20,"column":48}},{"start":{},"end":{}}],"line":20},"1":{"loc":{"start":{"line":21,"column":8},"end":{"line":21,"column":48}},"type":"if","locations":[{"start":{"line":21,"column":8},"end":{"line":21,"column":48}},{"start":{},"end":{}}],"line":21},"2":{"loc":{"start":{"line":27,"column":8},"end":{"line":34,"column":9}},"type":"if","locations":[{"start":{"line":27,"column":8},"end":{"line":34,"column":9}},{"start":{"line":30,"column":13},"end":{"line":34,"column":9}}],"line":27},"3":{"loc":{"start":{"line":62,"column":21},"end":{"line":65,"column":27}},"type":"cond-expr","locations":[{"start":{"line":63,"column":24},"end":{"line":63,"column":99}},{"start":{"line":64,"column":24},"end":{"line":65,"column":27}}],"line":62}},"s":{"0":0,"1":0,"2":0,"3":0,"4":0,"5":0,"6":0,"7":0,"8":0,"9":0,"10":0,"11":0,"12":0,"13":0,"14":0,"15":0,"16":0,"17":0,"18":0,"19":0,"20":0},"f":{"0":0,"1":0,"2":0,"3":0,"4":0,"5":0,"6":0,"7":0},"b":{"0":[0,0],"1":[0,0],"2":[0,0],"3":[0,0]}}
,"/home/natan/Documentos/2021.1-Pro-Especies-UserInterface/src/components/InstructionsModal/styles.ts": {"path":"/home/natan/Documentos/2021.1-Pro-Especies-UserInterface/src/components/InstructionsModal/styles.ts","statementMap":{"0":{"start":{"line":5,"column":30},"end":{"line":10,"column":1}},"1":{"start":{"line":12,"column":25},"end":{"line":18,"column":1}},"2":{"start":{"line":14,"column":39},"end":{"line":14,"column":62}},"3":{"start":{"line":20,"column":27},"end":{"line":22,"column":1}},"4":{"start":{"line":24,"column":31},"end":{"line":27,"column":1}},"5":{"start":{"line":29,"column":26},"end":{"line":34,"column":1}},"6":{"start":{"line":30,"column":34},"end":{"line":30,"column":50}},"7":{"start":{"line":36,"column":39},"end":{"line":41,"column":1}},"8":{"start":{"line":43,"column":26},"end":{"line":45,"column":1}},"9":{"start":{"line":48,"column":31},"end":{"line":53,"column":1}},"10":{"start":{"line":51,"column":34},"end":{"line":51,"column":53}}},"fnMap":{"0":{"name":"(anonymous_0)","decl":{"start":{"line":14,"column":24},"end":{"line":14,"column":25}},"loc":{"start":{"line":14,"column":39},"end":{"line":14,"column":62}},"line":14},"1":{"name":"(anonymous_1)","decl":{"start":{"line":30,"column":19},"end":{"line":30,"column":20}},"loc":{"start":{"line":30,"column":34},"end":{"line":30,"column":50}},"line":30},"2":{"name":"(anonymous_2)","decl":{"start":{"line":51,"column":19},"end":{"line":51,"column":20}},"loc":{"start":{"line":51,"column":34},"end":{"line":51,"column":53}},"line":51}},"branchMap":{},"s":{"0":0,"1":0,"2":0,"3":0,"4":0,"5":0,"6":0,"7":0,"8":0,"9":0,"10":0},"f":{"0":0,"1":0,"2":0},"b":{}}
,"/home/natan/Documentos/2021.1-Pro-Especies-UserInterface/src/components/LinkText/index.tsx": {"path":"/home/natan/Documentos/2021.1-Pro-Especies-UserInterface/src/components/LinkText/index.tsx","statementMap":{"0":{"start":{"line":9,"column":2},"end":{"line":9,"column":29}}},"fnMap":{"0":{"name":"LinkText","decl":{"start":{"line":8,"column":16},"end":{"line":8,"column":24}},"loc":{"start":{"line":8,"column":42},"end":{"line":10,"column":1}},"line":8}},"branchMap":{},"s":{"0":0},"f":{"0":0},"b":{}}
,"/home/natan/Documentos/2021.1-Pro-Especies-UserInterface/src/components/LinkText/styles.tsx": {"path":"/home/natan/Documentos/2021.1-Pro-Especies-UserInterface/src/components/LinkText/styles.tsx","statementMap":{"0":{"start":{"line":4,"column":20},"end":{"line":9,"column":1}},"1":{"start":{"line":5,"column":32},"end":{"line":5,"column":48}},"2":{"start":{"line":8,"column":26},"end":{"line":8,"column":52}}},"fnMap":{"0":{"name":"(anonymous_0)","decl":{"start":{"line":5,"column":17},"end":{"line":5,"column":18}},"loc":{"start":{"line":5,"column":32},"end":{"line":5,"column":48}},"line":5},"1":{"name":"(anonymous_1)","decl":{"start":{"line":8,"column":11},"end":{"line":8,"column":12}},"loc":{"start":{"line":8,"column":26},"end":{"line":8,"column":52}},"line":8}},"branchMap":{},"s":{"0":0,"1":0,"2":0},"f":{"0":0,"1":0},"b":{}}
,"/home/natan/Documentos/2021.1-Pro-Especies-UserInterface/src/components/MapViewImage/index.tsx": {"path":"/home/natan/Documentos/2021.1-Pro-Especies-UserInterface/src/components/MapViewImage/index.tsx","statementMap":{"0":{"start":{"line":10,"column":2},"end":{"line":10,"column":35}}},"fnMap":{"0":{"name":"MapViewImage","decl":{"start":{"line":9,"column":16},"end":{"line":9,"column":28}},"loc":{"start":{"line":9,"column":48},"end":{"line":11,"column":1}},"line":9}},"branchMap":{},"s":{"0":0},"f":{"0":0},"b":{}}
,"/home/natan/Documentos/2021.1-Pro-Especies-UserInterface/src/components/MapViewImage/styles.tsx": {"path":"/home/natan/Documentos/2021.1-Pro-Especies-UserInterface/src/components/MapViewImage/styles.tsx","statementMap":{"0":{"start":{"line":4,"column":21},"end":{"line":9,"column":1}}},"fnMap":{},"branchMap":{},"s":{"0":0},"f":{},"b":{}}
,"/home/natan/Documentos/2021.1-Pro-Especies-UserInterface/src/components/NoFishImagePhoto/index.tsx": {"path":"/home/natan/Documentos/2021.1-Pro-Especies-UserInterface/src/components/NoFishImagePhoto/index.tsx","statementMap":{"0":{"start":{"line":3,"column":32},"end":{"line":9,"column":1}},"1":{"start":{"line":4,"column":4},"end":{"line":8,"column":5}}},"fnMap":{"0":{"name":"(anonymous_0)","decl":{"start":{"line":3,"column":32},"end":{"line":3,"column":33}},"loc":{"start":{"line":3,"column":38},"end":{"line":9,"column":1}},"line":3}},"branchMap":{},"s":{"0":0,"1":0},"f":{"0":0},"b":{}}
,"/home/natan/Documentos/2021.1-Pro-Especies-UserInterface/src/components/NoFishImagePhoto/style.ts": {"path":"/home/natan/Documentos/2021.1-Pro-Especies-UserInterface/src/components/NoFishImagePhoto/style.ts","statementMap":{"0":{"start":{"line":5,"column":33},"end":{"line":13,"column":1}},"1":{"start":{"line":15,"column":37},"end":{"line":17,"column":1}}},"fnMap":{},"branchMap":{},"s":{"0":0,"1":0},"f":{},"b":{}}
,"/home/natan/Documentos/2021.1-Pro-Especies-UserInterface/src/components/ProfileImage/index.tsx": {"path":"/home/natan/Documentos/2021.1-Pro-Especies-UserInterface/src/components/ProfileImage/index.tsx","statementMap":{"0":{"start":{"line":10,"column":2},"end":{"line":10,"column":56}}},"fnMap":{"0":{"name":"ProfileImage","decl":{"start":{"line":9,"column":16},"end":{"line":9,"column":28}},"loc":{"start":{"line":9,"column":48},"end":{"line":11,"column":1}},"line":9}},"branchMap":{},"s":{"0":0},"f":{"0":0},"b":{}}
,"/home/natan/Documentos/2021.1-Pro-Especies-UserInterface/src/components/ProfileImage/styles.tsx": {"path":"/home/natan/Documentos/2021.1-Pro-Especies-UserInterface/src/components/ProfileImage/styles.tsx","statementMap":{"0":{"start":{"line":4,"column":21},"end":{"line":10,"column":1}}},"fnMap":{},"branchMap":{},"s":{"0":0},"f":{},"b":{}}
,"/home/natan/Documentos/2021.1-Pro-Especies-UserInterface/src/components/Property/index.tsx": {"path":"/home/natan/Documentos/2021.1-Pro-Especies-UserInterface/src/components/Property/index.tsx","statementMap":{"0":{"start":{"line":12,"column":2},"end":{"line":17,"column":4}}},"fnMap":{"0":{"name":"Property","decl":{"start":{"line":11,"column":16},"end":{"line":11,"column":24}},"loc":{"start":{"line":11,"column":53},"end":{"line":18,"column":1}},"line":11}},"branchMap":{},"s":{"0":0},"f":{"0":0},"b":{}}
,"/home/natan/Documentos/2021.1-Pro-Especies-UserInterface/src/components/Property/styles.tsx": {"path":"/home/natan/Documentos/2021.1-Pro-Especies-UserInterface/src/components/Property/styles.tsx","statementMap":{"0":{"start":{"line":4,"column":33},"end":{"line":8,"column":1}}},"fnMap":{},"branchMap":{},"s":{"0":0},"f":{},"b":{}}
,"/home/natan/Documentos/2021.1-Pro-Especies-UserInterface/src/components/RegularText/index.tsx": {"path":"/home/natan/Documentos/2021.1-Pro-Especies-UserInterface/src/components/RegularText/index.tsx","statementMap":{"0":{"start":{"line":9,"column":2},"end":{"line":9,"column":29}}},"fnMap":{"0":{"name":"RegularText","decl":{"start":{"line":8,"column":16},"end":{"line":8,"column":27}},"loc":{"start":{"line":8,"column":45},"end":{"line":10,"column":1}},"line":8}},"branchMap":{},"s":{"0":0},"f":{"0":0},"b":{}}
,"/home/natan/Documentos/2021.1-Pro-Especies-UserInterface/src/components/RegularText/styles.tsx": {"path":"/home/natan/Documentos/2021.1-Pro-Especies-UserInterface/src/components/RegularText/styles.tsx","statementMap":{"0":{"start":{"line":4,"column":20},"end":{"line":9,"column":1}},"1":{"start":{"line":5,"column":32},"end":{"line":5,"column":51}},"2":{"start":{"line":8,"column":26},"end":{"line":8,"column":49}}},"fnMap":{"0":{"name":"(anonymous_0)","decl":{"start":{"line":5,"column":17},"end":{"line":5,"column":18}},"loc":{"start":{"line":5,"column":32},"end":{"line":5,"column":51}},"line":5},"1":{"name":"(anonymous_1)","decl":{"start":{"line":8,"column":11},"end":{"line":8,"column":12}},"loc":{"start":{"line":8,"column":26},"end":{"line":8,"column":49}},"line":8}},"branchMap":{},"s":{"0":0,"1":0,"2":0},"f":{"0":0,"1":0},"b":{}}
,"/home/natan/Documentos/2021.1-Pro-Especies-UserInterface/src/components/Title/index.tsx": {"path":"/home/natan/Documentos/2021.1-Pro-Especies-UserInterface/src/components/Title/index.tsx","statementMap":{"0":{"start":{"line":9,"column":2},"end":{"line":9,"column":29}}},"fnMap":{"0":{"name":"Title","decl":{"start":{"line":8,"column":16},"end":{"line":8,"column":21}},"loc":{"start":{"line":8,"column":39},"end":{"line":10,"column":1}},"line":8}},"branchMap":{},"s":{"0":0},"f":{"0":0},"b":{}}
,"/home/natan/Documentos/2021.1-Pro-Especies-UserInterface/src/components/Title/styles.tsx": {"path":"/home/natan/Documentos/2021.1-Pro-Especies-UserInterface/src/components/Title/styles.tsx","statementMap":{"0":{"start":{"line":4,"column":20},"end":{"line":10,"column":1}},"1":{"start":{"line":5,"column":32},"end":{"line":5,"column":51}},"2":{"start":{"line":8,"column":26},"end":{"line":8,"column":49}}},"fnMap":{"0":{"name":"(anonymous_0)","decl":{"start":{"line":5,"column":17},"end":{"line":5,"column":18}},"loc":{"start":{"line":5,"column":32},"end":{"line":5,"column":51}},"line":5},"1":{"name":"(anonymous_1)","decl":{"start":{"line":8,"column":11},"end":{"line":8,"column":12}},"loc":{"start":{"line":8,"column":26},"end":{"line":8,"column":49}},"line":8}},"branchMap":{},"s":{"0":0,"1":0,"2":0},"f":{"0":0,"1":0},"b":{}}
,"/home/natan/Documentos/2021.1-Pro-Especies-UserInterface/src/components/TopBar/index.tsx": {"path":"/home/natan/Documentos/2021.1-Pro-Especies-UserInterface/src/components/TopBar/index.tsx","statementMap":{"0":{"start":{"line":13,"column":2},"end":{"line":24,"column":4}}},"fnMap":{"0":{"name":"TopBar","decl":{"start":{"line":12,"column":16},"end":{"line":12,"column":22}},"loc":{"start":{"line":12,"column":73},"end":{"line":25,"column":1}},"line":12}},"branchMap":{},"s":{"0":0},"f":{"0":0},"b":{}}
,"/home/natan/Documentos/2021.1-Pro-Especies-UserInterface/src/components/TopBar/styles.ts": {"path":"/home/natan/Documentos/2021.1-Pro-Especies-UserInterface/src/components/TopBar/styles.ts","statementMap":{"0":{"start":{"line":5,"column":19},"end":{"line":14,"column":1}},"1":{"start":{"line":8,"column":37},"end":{"line":8,"column":63}},"2":{"start":{"line":16,"column":22},"end":{"line":18,"column":1}},"3":{"start":{"line":20,"column":29},"end":{"line":23,"column":1}},"4":{"start":{"line":25,"column":26},"end":{"line":27,"column":1}},"5":{"start":{"line":28,"column":24},"end":{"line":31,"column":1}},"6":{"start":{"line":30,"column":32},"end":{"line":30,"column":48}},"7":{"start":{"line":33,"column":26},"end":{"line":37,"column":1}},"8":{"start":{"line":36,"column":32},"end":{"line":36,"column":50}}},"fnMap":{"0":{"name":"(anonymous_0)","decl":{"start":{"line":8,"column":22},"end":{"line":8,"column":23}},"loc":{"start":{"line":8,"column":37},"end":{"line":8,"column":63}},"line":8},"1":{"name":"(anonymous_1)","decl":{"start":{"line":30,"column":17},"end":{"line":30,"column":18}},"loc":{"start":{"line":30,"column":32},"end":{"line":30,"column":48}},"line":30},"2":{"name":"(anonymous_2)","decl":{"start":{"line":36,"column":17},"end":{"line":36,"column":18}},"loc":{"start":{"line":36,"column":32},"end":{"line":36,"column":50}},"line":36}},"branchMap":{},"s":{"0":0,"1":0,"2":0,"3":0,"4":0,"5":0,"6":0,"7":0,"8":0},"f":{"0":0,"1":0,"2":0},"b":{}}
,"/home/natan/Documentos/2021.1-Pro-Especies-UserInterface/src/components/TouchableText/index.tsx": {"path":"/home/natan/Documentos/2021.1-Pro-Especies-UserInterface/src/components/TouchableText/index.tsx","statementMap":{"0":{"start":{"line":5,"column":42},"end":{"line":5,"column":56}},"1":{"start":{"line":8,"column":2},"end":{"line":8,"column":51}}},"fnMap":{"0":{"name":"TouchableText","decl":{"start":{"line":4,"column":16},"end":{"line":4,"column":29}},"loc":{"start":{"line":4,"column":32},"end":{"line":9,"column":1}},"line":4}},"branchMap":{},"s":{"0":0,"1":0},"f":{"0":0},"b":{}}
,"/home/natan/Documentos/2021.1-Pro-Especies-UserInterface/src/components/TouchableText/styles.tsx": {"path":"/home/natan/Documentos/2021.1-Pro-Especies-UserInterface/src/components/TouchableText/styles.tsx","statementMap":{"0":{"start":{"line":4,"column":25},"end":{"line":10,"column":1}},"1":{"start":{"line":6,"column":4},"end":{"line":7,"column":61}},"2":{"start":{"line":7,"column":6},"end":{"line":7,"column":61}},"3":{"start":{"line":11,"column":30},"end":{"line":15,"column":1}},"4":{"start":{"line":14,"column":37},"end":{"line":14,"column":59}}},"fnMap":{"0":{"name":"(anonymous_0)","decl":{"start":{"line":5,"column":17},"end":{"line":5,"column":18}},"loc":{"start":{"line":6,"column":4},"end":{"line":7,"column":61}},"line":6},"1":{"name":"(anonymous_1)","decl":{"start":{"line":6,"column":4},"end":{"line":6,"column":5}},"loc":{"start":{"line":7,"column":6},"end":{"line":7,"column":61}},"line":7},"2":{"name":"(anonymous_2)","decl":{"start":{"line":14,"column":22},"end":{"line":14,"column":23}},"loc":{"start":{"line":14,"column":37},"end":{"line":14,"column":59}},"line":14}},"branchMap":{"0":{"loc":{"start":{"line":7,"column":6},"end":{"line":7,"column":61}},"type":"cond-expr","locations":[{"start":{"line":7,"column":23},"end":{"line":7,"column":42}},{"start":{"line":7,"column":45},"end":{"line":7,"column":61}}],"line":7}},"s":{"0":0,"1":0,"2":0,"3":0,"4":0},"f":{"0":0,"1":0,"2":0},"b":{"0":[0,0]}}
,"/home/natan/Documentos/2021.1-Pro-Especies-UserInterface/src/components/TouchableTitle/index.tsx": {"path":"/home/natan/Documentos/2021.1-Pro-Especies-UserInterface/src/components/TouchableTitle/index.tsx","statementMap":{"0":{"start":{"line":5,"column":42},"end":{"line":5,"column":56}},"1":{"start":{"line":8,"column":2},"end":{"line":8,"column":28}}},"fnMap":{"0":{"name":"TouchableTitle","decl":{"start":{"line":4,"column":16},"end":{"line":4,"column":30}},"loc":{"start":{"line":4,"column":33},"end":{"line":9,"column":1}},"line":4}},"branchMap":{},"s":{"0":0,"1":0},"f":{"0":0},"b":{}}
,"/home/natan/Documentos/2021.1-Pro-Especies-UserInterface/src/components/TouchableTitle/styles.tsx": {"path":"/home/natan/Documentos/2021.1-Pro-Especies-UserInterface/src/components/TouchableTitle/styles.tsx","statementMap":{"0":{"start":{"line":3,"column":30},"end":{"line":5,"column":1}}},"fnMap":{},"branchMap":{},"s":{"0":0},"f":{},"b":{}}
,"/home/natan/Documentos/2021.1-Pro-Especies-UserInterface/src/components/TwoTouchablesContainer/index.tsx": {"path":"/home/natan/Documentos/2021.1-Pro-Especies-UserInterface/src/components/TwoTouchablesContainer/index.tsx","statementMap":{"0":{"start":{"line":15,"column":42},"end":{"line":15,"column":56}},"1":{"start":{"line":18,"column":2},"end":{"line":37,"column":4}},"2":{"start":{"line":22,"column":10},"end":{"line":22,"column":32}},"3":{"start":{"line":30,"column":10},"end":{"line":30,"column":33}}},"fnMap":{"0":{"name":"TwoTouchablesContainer","decl":{"start":{"line":14,"column":16},"end":{"line":14,"column":38}},"loc":{"start":{"line":14,"column":66},"end":{"line":38,"column":1}},"line":14},"1":{"name":"(anonymous_1)","decl":{"start":{"line":21,"column":17},"end":{"line":21,"column":18}},"loc":{"start":{"line":21,"column":23},"end":{"line":23,"column":9}},"line":21},"2":{"name":"(anonymous_2)","decl":{"start":{"line":29,"column":17},"end":{"line":29,"column":18}},"loc":{"start":{"line":29,"column":23},"end":{"line":31,"column":9}},"line":29}},"branchMap":{"0":{"loc":{"start":{"line":26,"column":9},"end":{"line":26,"column":49}},"type":"cond-expr","locations":[{"start":{"line":26,"column":24},"end":{"line":26,"column":42}},{"start":{"line":26,"column":45},"end":{"line":26,"column":49}}],"line":26},"1":{"loc":{"start":{"line":34,"column":9},"end":{"line":34,"column":49}},"type":"cond-expr","locations":[{"start":{"line":34,"column":24},"end":{"line":34,"column":28}},{"start":{"line":34,"column":31},"end":{"line":34,"column":49}}],"line":34}},"s":{"0":0,"1":0,"2":0,"3":0},"f":{"0":0,"1":0,"2":0},"b":{"0":[0,0],"1":[0,0]}}
,"/home/natan/Documentos/2021.1-Pro-Especies-UserInterface/src/components/TwoTouchablesContainer/styles.tsx": {"path":"/home/natan/Documentos/2021.1-Pro-Especies-UserInterface/src/components/TwoTouchablesContainer/styles.tsx","statementMap":{"0":{"start":{"line":4,"column":25},"end":{"line":7,"column":1}},"1":{"start":{"line":6,"column":37},"end":{"line":6,"column":60}},"2":{"start":{"line":9,"column":30},"end":{"line":14,"column":1}},"3":{"start":{"line":16,"column":30},"end":{"line":18,"column":1}},"4":{"start":{"line":20,"column":30},"end":{"line":24,"column":1}},"5":{"start":{"line":23,"column":37},"end":{"line":23,"column":59}},"6":{"start":{"line":26,"column":25},"end":{"line":32,"column":1}},"7":{"start":{"line":28,"column":4},"end":{"line":29,"column":61}},"8":{"start":{"line":29,"column":6},"end":{"line":29,"column":61}}},"fnMap":{"0":{"name":"(anonymous_0)","decl":{"start":{"line":6,"column":22},"end":{"line":6,"column":23}},"loc":{"start":{"line":6,"column":37},"end":{"line":6,"column":60}},"line":6},"1":{"name":"(anonymous_1)","decl":{"start":{"line":23,"column":22},"end":{"line":23,"column":23}},"loc":{"start":{"line":23,"column":37},"end":{"line":23,"column":59}},"line":23},"2":{"name":"(anonymous_2)","decl":{"start":{"line":27,"column":17},"end":{"line":27,"column":18}},"loc":{"start":{"line":28,"column":4},"end":{"line":29,"column":61}},"line":28},"3":{"name":"(anonymous_3)","decl":{"start":{"line":28,"column":4},"end":{"line":28,"column":5}},"loc":{"start":{"line":29,"column":6},"end":{"line":29,"column":61}},"line":29}},"branchMap":{"0":{"loc":{"start":{"line":29,"column":6},"end":{"line":29,"column":61}},"type":"cond-expr","locations":[{"start":{"line":29,"column":23},"end":{"line":29,"column":42}},{"start":{"line":29,"column":45},"end":{"line":29,"column":61}}],"line":29}},"s":{"0":0,"1":0,"2":0,"3":0,"4":0,"5":0,"6":0,"7":0,"8":0},"f":{"0":0,"1":0,"2":0,"3":0},"b":{"0":[0,0]}}
,"/home/natan/Documentos/2021.1-Pro-Especies-UserInterface/src/components/Wiki/index.tsx": {"path":"/home/natan/Documentos/2021.1-Pro-Especies-UserInterface/src/components/Wiki/index.tsx","statementMap":{"0":{"start":{"line":18,"column":20},"end":{"line":141,"column":1}},"1":{"start":{"line":23,"column":40},"end":{"line":23,"column":58}},"2":{"start":{"line":24,"column":30},"end":{"line":24,"column":51}},"3":{"start":{"line":25,"column":36},"end":{"line":25,"column":50}},"4":{"start":{"line":27,"column":23},"end":{"line":35,"column":3}},"5":{"start":{"line":28,"column":4},"end":{"line":33,"column":5}},"6":{"start":{"line":29,"column":19},"end":{"line":29,"column":51}},"7":{"start":{"line":30,"column":6},"end":{"line":30,"column":22}},"8":{"start":{"line":32,"column":6},"end":{"line":32,"column":25}},"9":{"start":{"line":34,"column":4},"end":{"line":34,"column":24}},"10":{"start":{"line":37,"column":27},"end":{"line":44,"column":3}},"11":{"start":{"line":38,"column":4},"end":{"line":43,"column":6}},"12":{"start":{"line":46,"column":2},"end":{"line":48,"column":9}},"13":{"start":{"line":47,"column":4},"end":{"line":47,"column":19}},"14":{"start":{"line":50,"column":2},"end":{"line":140,"column":4}},"15":{"start":{"line":71,"column":12},"end":{"line":81,"column":13}},"16":{"start":{"line":80,"column":14},"end":{"line":80,"column":26}},"17":{"start":{"line":85,"column":16},"end":{"line":95,"column":17}},"18":{"start":{"line":94,"column":18},"end":{"line":94,"column":30}}},"fnMap":{"0":{"name":"(anonymous_0)","decl":{"start":{"line":18,"column":20},"end":{"line":18,"column":21}},"loc":{"start":{"line":22,"column":5},"end":{"line":141,"column":1}},"line":22},"1":{"name":"(anonymous_1)","decl":{"start":{"line":27,"column":23},"end":{"line":27,"column":24}},"loc":{"start":{"line":27,"column":35},"end":{"line":35,"column":3}},"line":27},"2":{"name":"(anonymous_2)","decl":{"start":{"line":37,"column":27},"end":{"line":37,"column":28}},"loc":{"start":{"line":37,"column":43},"end":{"line":44,"column":3}},"line":37},"3":{"name":"(anonymous_3)","decl":{"start":{"line":46,"column":12},"end":{"line":46,"column":13}},"loc":{"start":{"line":46,"column":18},"end":{"line":48,"column":3}},"line":46},"4":{"name":"(anonymous_4)","decl":{"start":{"line":70,"column":25},"end":{"line":70,"column":26}},"loc":{"start":{"line":70,"column":33},"end":{"line":82,"column":11}},"line":70},"5":{"name":"(anonymous_5)","decl":{"start":{"line":84,"column":38},"end":{"line":84,"column":39}},"loc":{"start":{"line":84,"column":46},"end":{"line":96,"column":15}},"line":84}},"branchMap":{"0":{"loc":{"start":{"line":52,"column":7},"end":{"line":137,"column":7}},"type":"cond-expr","locations":[{"start":{"line":53,"column":8},"end":{"line":53,"column":58}},{"start":{"line":55,"column":8},"end":{"line":136,"column":11}}],"line":52},"1":{"loc":{"start":{"line":70,"column":11},"end":{"line":135,"column":11}},"type":"cond-expr","locations":[{"start":{"line":83,"column":12},"end":{"line":99,"column":14}},{"start":{"line":101,"column":12},"end":{"line":133,"column":32}}],"line":70},"2":{"loc":{"start":{"line":71,"column":12},"end":{"line":81,"column":13}},"type":"if","locations":[{"start":{"line":71,"column":12},"end":{"line":81,"column":13}},{"start":{},"end":{}}],"line":71},"3":{"loc":{"start":{"line":72,"column":14},"end":{"line":78,"column":59}},"type":"binary-expr","locations":[{"start":{"line":72,"column":14},"end":{"line":72,"column":26}},{"start":{"line":73,"column":14},"end":{"line":75,"column":59}},{"start":{"line":76,"column":14},"end":{"line":78,"column":59}}],"line":72},"4":{"loc":{"start":{"line":85,"column":16},"end":{"line":95,"column":17}},"type":"if","locations":[{"start":{"line":85,"column":16},"end":{"line":95,"column":17}},{"start":{},"end":{}}],"line":85},"5":{"loc":{"start":{"line":86,"column":18},"end":{"line":92,"column":63}},"type":"binary-expr","locations":[{"start":{"line":86,"column":18},"end":{"line":86,"column":30}},{"start":{"line":87,"column":18},"end":{"line":89,"column":63}},{"start":{"line":90,"column":18},"end":{"line":92,"column":63}}],"line":86},"6":{"loc":{"start":{"line":103,"column":15},"end":{"line":132,"column":15}},"type":"cond-expr","locations":[{"start":{"line":104,"column":16},"end":{"line":110,"column":19}},{"start":{"line":113,"column":16},"end":{"line":131,"column":17}}],"line":103},"7":{"loc":{"start":{"line":113,"column":16},"end":{"line":131,"column":17}},"type":"cond-expr","locations":[{"start":{"line":115,"column":18},"end":{"line":121,"column":21}},{"start":{"line":124,"column":18},"end":{"line":130,"column":21}}],"line":113}},"s":{"0":0,"1":0,"2":0,"3":0,"4":0,"5":0,"6":0,"7":0,"8":0,"9":0,"10":0,"11":0,"12":0,"13":0,"14":0,"15":0,"16":0,"17":0,"18":0},"f":{"0":0,"1":0,"2":0,"3":0,"4":0,"5":0},"b":{"0":[0,0],"1":[0,0],"2":[0,0],"3":[0,0,0],"4":[0,0],"5":[0,0,0],"6":[0,0],"7":[0,0]}}
,"/home/natan/Documentos/2021.1-Pro-Especies-UserInterface/src/components/Wiki/styles.ts": {"path":"/home/natan/Documentos/2021.1-Pro-Especies-UserInterface/src/components/Wiki/styles.ts","statementMap":{"0":{"start":{"line":5,"column":29},"end":{"line":8,"column":1}},"1":{"start":{"line":7,"column":37},"end":{"line":7,"column":60}},"2":{"start":{"line":10,"column":34},"end":{"line":16,"column":1}},"3":{"start":{"line":14,"column":37},"end":{"line":14,"column":63}},"4":{"start":{"line":15,"column":37},"end":{"line":15,"column":60}},"5":{"start":{"line":18,"column":33},"end":{"line":20,"column":1}},"6":{"start":{"line":22,"column":28},"end":{"line":29,"column":1}},"7":{"start":{"line":28,"column":37},"end":{"line":28,"column":60}},"8":{"start":{"line":30,"column":30},"end":{"line":36,"column":1}},"9":{"start":{"line":38,"column":30},"end":{"line":40,"column":1}},"10":{"start":{"line":42,"column":30},"end":{"line":46,"column":1}},"11":{"start":{"line":45,"column":37},"end":{"line":45,"column":59}},"12":{"start":{"line":48,"column":25},"end":{"line":54,"column":1}},"13":{"start":{"line":50,"column":4},"end":{"line":51,"column":53}},"14":{"start":{"line":51,"column":6},"end":{"line":51,"column":53}},"15":{"start":{"line":56,"column":33},"end":{"line":61,"column":1}},"16":{"start":{"line":63,"column":24},"end":{"line":69,"column":1}},"17":{"start":{"line":64,"column":32},"end":{"line":64,"column":48}},"18":{"start":{"line":71,"column":27},"end":{"line":77,"column":1}},"19":{"start":{"line":72,"column":32},"end":{"line":72,"column":51}},"20":{"start":{"line":79,"column":27},"end":{"line":84,"column":1}},"21":{"start":{"line":86,"column":22},"end":{"line":88,"column":1}}},"fnMap":{"0":{"name":"(anonymous_0)","decl":{"start":{"line":7,"column":22},"end":{"line":7,"column":23}},"loc":{"start":{"line":7,"column":37},"end":{"line":7,"column":60}},"line":7},"1":{"name":"(anonymous_1)","decl":{"start":{"line":14,"column":22},"end":{"line":14,"column":23}},"loc":{"start":{"line":14,"column":37},"end":{"line":14,"column":63}},"line":14},"2":{"name":"(anonymous_2)","decl":{"start":{"line":15,"column":22},"end":{"line":15,"column":23}},"loc":{"start":{"line":15,"column":37},"end":{"line":15,"column":60}},"line":15},"3":{"name":"(anonymous_3)","decl":{"start":{"line":28,"column":22},"end":{"line":28,"column":23}},"loc":{"start":{"line":28,"column":37},"end":{"line":28,"column":60}},"line":28},"4":{"name":"(anonymous_4)","decl":{"start":{"line":45,"column":22},"end":{"line":45,"column":23}},"loc":{"start":{"line":45,"column":37},"end":{"line":45,"column":59}},"line":45},"5":{"name":"(anonymous_5)","decl":{"start":{"line":49,"column":17},"end":{"line":49,"column":18}},"loc":{"start":{"line":50,"column":4},"end":{"line":51,"column":53}},"line":50},"6":{"name":"(anonymous_6)","decl":{"start":{"line":50,"column":4},"end":{"line":50,"column":5}},"loc":{"start":{"line":51,"column":6},"end":{"line":51,"column":53}},"line":51},"7":{"name":"(anonymous_7)","decl":{"start":{"line":64,"column":17},"end":{"line":64,"column":18}},"loc":{"start":{"line":64,"column":32},"end":{"line":64,"column":48}},"line":64},"8":{"name":"(anonymous_8)","decl":{"start":{"line":72,"column":17},"end":{"line":72,"column":18}},"loc":{"start":{"line":72,"column":32},"end":{"line":72,"column":51}},"line":72}},"branchMap":{"0":{"loc":{"start":{"line":51,"column":6},"end":{"line":51,"column":53}},"type":"cond-expr","locations":[{"start":{"line":51,"column":15},"end":{"line":51,"column":34}},{"start":{"line":51,"column":37},"end":{"line":51,"column":53}}],"line":51}},"s":{"0":0,"1":0,"2":0,"3":0,"4":0,"5":0,"6":0,"7":0,"8":0,"9":0,"10":0,"11":0,"12":0,"13":0,"14":0,"15":0,"16":0,"17":0,"18":0,"19":0,"20":0,"21":0},"f":{"0":0,"1":0,"2":0,"3":0,"4":0,"5":0,"6":0,"7":0,"8":0},"b":{"0":[0,0]}}
,"/home/natan/Documentos/2021.1-Pro-Especies-UserInterface/src/components/WikiFishCard/index.tsx": {"path":"/home/natan/Documentos/2021.1-Pro-Especies-UserInterface/src/components/WikiFishCard/index.tsx","statementMap":{"0":{"start":{"line":59,"column":48},"end":{"line":111,"column":1}},"1":{"start":{"line":64,"column":28},"end":{"line":64,"column":57}},"2":{"start":{"line":65,"column":19},"end":{"line":74,"column":3}},"3":{"start":{"line":66,"column":4},"end":{"line":70,"column":5}},"4":{"start":{"line":67,"column":20},"end":{"line":67,"column":65}},"5":{"start":{"line":68,"column":24},"end":{"line":68,"column":56}},"6":{"start":{"line":69,"column":6},"end":{"line":69,"column":23}},"7":{"start":{"line":71,"column":4},"end":{"line":73,"column":5}},"8":{"start":{"line":72,"column":6},"end":{"line":72,"column":28}},"9":{"start":{"line":75,"column":2},"end":{"line":84,"column":9}},"10":{"start":{"line":76,"column":4},"end":{"line":80,"column":5}},"11":{"start":{"line":77,"column":20},"end":{"line":77,"column":65}},"12":{"start":{"line":78,"column":24},"end":{"line":78,"column":56}},"13":{"start":{"line":79,"column":6},"end":{"line":79,"column":26}},"14":{"start":{"line":81,"column":4},"end":{"line":83,"column":5}},"15":{"start":{"line":82,"column":6},"end":{"line":82,"column":31}},"16":{"start":{"line":85,"column":2},"end":{"line":110,"column":4}}},"fnMap":{"0":{"name":"(anonymous_0)","decl":{"start":{"line":59,"column":48},"end":{"line":59,"column":49}},"loc":{"start":{"line":63,"column":6},"end":{"line":111,"column":1}},"line":63},"1":{"name":"(anonymous_1)","decl":{"start":{"line":65,"column":19},"end":{"line":65,"column":20}},"loc":{"start":{"line":65,"column":25},"end":{"line":74,"column":3}},"line":65},"2":{"name":"(anonymous_2)","decl":{"start":{"line":75,"column":12},"end":{"line":75,"column":13}},"loc":{"start":{"line":75,"column":18},"end":{"line":84,"column":3}},"line":75},"3":{"name":"(anonymous_3)","decl":{"start":{"line":86,"column":32},"end":{"line":86,"column":33}},"loc":{"start":{"line":86,"column":38},"end":{"line":86,"column":41}},"line":86}},"branchMap":{"0":{"loc":{"start":{"line":66,"column":4},"end":{"line":70,"column":5}},"type":"if","locations":[{"start":{"line":66,"column":4},"end":{"line":70,"column":5}},{"start":{},"end":{}}],"line":66},"1":{"loc":{"start":{"line":71,"column":4},"end":{"line":73,"column":5}},"type":"if","locations":[{"start":{"line":71,"column":4},"end":{"line":73,"column":5}},{"start":{},"end":{}}],"line":71},"2":{"loc":{"start":{"line":76,"column":4},"end":{"line":80,"column":5}},"type":"if","locations":[{"start":{"line":76,"column":4},"end":{"line":80,"column":5}},{"start":{},"end":{}}],"line":76},"3":{"loc":{"start":{"line":81,"column":4},"end":{"line":83,"column":5}},"type":"if","locations":[{"start":{"line":81,"column":4},"end":{"line":83,"column":5}},{"start":{},"end":{}}],"line":81},"4":{"loc":{"start":{"line":88,"column":9},"end":{"line":97,"column":24}},"type":"cond-expr","locations":[{"start":{"line":89,"column":10},"end":{"line":94,"column":12}},{"start":{"line":95,"column":10},"end":{"line":97,"column":24}}],"line":88},"5":{"loc":{"start":{"line":102,"column":13},"end":{"line":102,"column":58}},"type":"cond-expr","locations":[{"start":{"line":102,"column":23},"end":{"line":102,"column":35}},{"start":{"line":102,"column":38},"end":{"line":102,"column":58}}],"line":102},"6":{"loc":{"start":{"line":105,"column":13},"end":{"line":105,"column":65}},"type":"cond-expr","locations":[{"start":{"line":105,"column":23},"end":{"line":105,"column":38}},{"start":{"line":105,"column":41},"end":{"line":105,"column":65}}],"line":105}},"s":{"0":2,"1":3,"2":3,"3":0,"4":0,"5":0,"6":0,"7":0,"8":0,"9":3,"10":2,"11":0,"12":0,"13":0,"14":2,"15":1,"16":3},"f":{"0":3,"1":0,"2":2,"3":0},"b":{"0":[0,0],"1":[0,0],"2":[0,2],"3":[1,1],"4":[1,2],"5":[0,3],"6":[0,3]},"_coverageSchema":"1a1c01bbd47fc00a2c39e90264f33305004495a9","hash":"5d9fb42d4afd198610cabba26cfe6d2fd4b5e3e9"}
,"/home/natan/Documentos/2021.1-Pro-Especies-UserInterface/src/components/WikiFishCard/styles.ts": {"path":"/home/natan/Documentos/2021.1-Pro-Especies-UserInterface/src/components/WikiFishCard/styles.ts","statementMap":{"0":{"start":{"line":6,"column":33},"end":{"line":14,"column":1}},"1":{"start":{"line":12,"column":37},"end":{"line":12,"column":60}},"2":{"start":{"line":16,"column":28},"end":{"line":20,"column":1}},"3":{"start":{"line":22,"column":25},"end":{"line":27,"column":1}},"4":{"start":{"line":29,"column":27},"end":{"line":37,"column":1}},"5":{"start":{"line":39,"column":31},"end":{"line":41,"column":1}},"6":{"start":{"line":43,"column":24},"end":{"line":47,"column":1}},"7":{"start":{"line":49,"column":30},"end":{"line":55,"column":1}},"8":{"start":{"line":50,"column":32},"end":{"line":50,"column":51}},"9":{"start":{"line":53,"column":26},"end":{"line":53,"column":52}},"10":{"start":{"line":57,"column":30},"end":{"line":64,"column":1}},"11":{"start":{"line":58,"column":32},"end":{"line":58,"column":51}},"12":{"start":{"line":62,"column":26},"end":{"line":62,"column":52}}},"fnMap":{"0":{"name":"(anonymous_0)","decl":{"start":{"line":12,"column":22},"end":{"line":12,"column":23}},"loc":{"start":{"line":12,"column":37},"end":{"line":12,"column":60}},"line":12},"1":{"name":"(anonymous_1)","decl":{"start":{"line":50,"column":17},"end":{"line":50,"column":18}},"loc":{"start":{"line":50,"column":32},"end":{"line":50,"column":51}},"line":50},"2":{"name":"(anonymous_2)","decl":{"start":{"line":53,"column":11},"end":{"line":53,"column":12}},"loc":{"start":{"line":53,"column":26},"end":{"line":53,"column":52}},"line":53},"3":{"name":"(anonymous_3)","decl":{"start":{"line":58,"column":17},"end":{"line":58,"column":18}},"loc":{"start":{"line":58,"column":32},"end":{"line":58,"column":51}},"line":58},"4":{"name":"(anonymous_4)","decl":{"start":{"line":62,"column":11},"end":{"line":62,"column":12}},"loc":{"start":{"line":62,"column":26},"end":{"line":62,"column":52}},"line":62}},"branchMap":{},"s":{"0":2,"1":3,"2":2,"3":2,"4":2,"5":2,"6":2,"7":2,"8":3,"9":3,"10":2,"11":3,"12":3},"f":{"0":3,"1":3,"2":3,"3":3,"4":3},"b":{},"_coverageSchema":"1a1c01bbd47fc00a2c39e90264f33305004495a9","hash":"5b24dbef2b39e068e58c8dedb81785d5463edb82"}
,"/home/natan/Documentos/2021.1-Pro-Especies-UserInterface/src/components/WikiFishList/index.tsx": {"path":"/home/natan/Documentos/2021.1-Pro-Especies-UserInterface/src/components/WikiFishList/index.tsx","statementMap":{"0":{"start":{"line":11,"column":28},"end":{"line":33,"column":1}},"1":{"start":{"line":13,"column":4},"end":{"line":32,"column":6}},"2":{"start":{"line":17,"column":16},"end":{"line":28,"column":19}},"3":{"start":{"line":21,"column":50},"end":{"line":21,"column":124}},"4":{"start":{"line":25,"column":50},"end":{"line":25,"column":76}},"5":{"start":{"line":30,"column":34},"end":{"line":30,"column":42}}},"fnMap":{"0":{"name":"(anonymous_0)","decl":{"start":{"line":11,"column":28},"end":{"line":11,"column":29}},"loc":{"start":{"line":11,"column":85},"end":{"line":33,"column":1}},"line":11},"1":{"name":"(anonymous_1)","decl":{"start":{"line":16,"column":24},"end":{"line":16,"column":25}},"loc":{"start":{"line":17,"column":16},"end":{"line":28,"column":19}},"line":17},"2":{"name":"(anonymous_2)","decl":{"start":{"line":21,"column":42},"end":{"line":21,"column":43}},"loc":{"start":{"line":21,"column":48},"end":{"line":21,"column":126}},"line":21},"3":{"name":"(anonymous_3)","decl":{"start":{"line":25,"column":42},"end":{"line":25,"column":43}},"loc":{"start":{"line":25,"column":48},"end":{"line":25,"column":78}},"line":25},"4":{"name":"(anonymous_4)","decl":{"start":{"line":30,"column":26},"end":{"line":30,"column":27}},"loc":{"start":{"line":30,"column":34},"end":{"line":30,"column":42}},"line":30}},"branchMap":{"0":{"loc":{"start":{"line":18,"column":21},"end":{"line":26,"column":27}},"type":"cond-expr","locations":[{"start":{"line":19,"column":25},"end":{"line":22,"column":26}},{"start":{"line":23,"column":25},"end":{"line":26,"column":26}}],"line":18},"1":{"loc":{"start":{"line":21,"column":50},"end":{"line":21,"column":124}},"type":"cond-expr","locations":[{"start":{"line":21,"column":61},"end":{"line":21,"column":87}},{"start":{"line":21,"column":90},"end":{"line":21,"column":124}}],"line":21}},"s":{"0":1,"1":1,"2":1,"3":0,"4":0,"5":1},"f":{"0":1,"1":1,"2":0,"3":0,"4":1},"b":{"0":[0,1],"1":[0,0]},"_coverageSchema":"1a1c01bbd47fc00a2c39e90264f33305004495a9","hash":"1fd17ae467b14354543f04c
[...]
art":{"line":96,"column":22},"end":{"line":96,"column":50}},"line":96},"10":{"name":"(anonymous_10)","decl":{"start":{"line":103,"column":25},"end":{"line":103,"column":26}},"loc":{"start":{"line":103,"column":31},"end":{"line":105,"column":17}},"line":103},"11":{"name":"(anonymous_11)","decl":{"start":{"line":111,"column":25},"end":{"line":111,"column":26}},"loc":{"start":{"line":111,"column":31},"end":{"line":113,"column":17}},"line":111},"12":{"name":"(anonymous_12)","decl":{"start":{"line":119,"column":40},"end":{"line":119,"column":41}},"loc":{"start":{"line":119,"column":46},"end":{"line":119,"column":68}},"line":119}},"branchMap":{"0":{"loc":{"start":{"line":33,"column":4},"end":{"line":38,"column":5}},"type":"if","locations":[{"start":{"line":33,"column":4},"end":{"line":38,"column":5}},{"start":{"line":36,"column":11},"end":{"line":38,"column":5}}],"line":33},"1":{"loc":{"start":{"line":39,"column":4},"end":{"line":42,"column":24}},"type":"if","locations":[{"start":{"line":39,"column":4},"end":{"line":42,"column":24}},{"start":{"line":42,"column":6},"end":{"line":42,"column":24}}],"line":39},"2":{"loc":{"start":{"line":69,"column":4},"end":{"line":72,"column":5}},"type":"if","locations":[{"start":{"line":69,"column":4},"end":{"line":72,"column":5}},{"start":{},"end":{}}],"line":69},"3":{"loc":{"start":{"line":88,"column":17},"end":{"line":88,"column":50}},"type":"cond-expr","locations":[{"start":{"line":88,"column":24},"end":{"line":88,"column":36}},{"start":{"line":88,"column":39},"end":{"line":88,"column":50}}],"line":88},"4":{"loc":{"start":{"line":89,"column":16},"end":{"line":89,"column":45}},"type":"cond-expr","locations":[{"start":{"line":89,"column":27},"end":{"line":89,"column":35}},{"start":{"line":89,"column":38},"end":{"line":89,"column":45}}],"line":89},"5":{"loc":{"start":{"line":90,"column":20},"end":{"line":90,"column":48}},"type":"cond-expr","locations":[{"start":{"line":90,"column":31},"end":{"line":90,"column":37}},{"start":{"line":90,"column":40},"end":{"line":90,"column":48}}],"line":90},"6":{"loc":{"start":{"line":92,"column":12},"end":{"line":96,"column":50}},"type":"cond-expr","locations":[{"start":{"line":93,"column":16},"end":{"line":95,"column":15}},{"start":{"line":96,"column":16},"end":{"line":96,"column":50}}],"line":92},"7":{"loc":{"start":{"line":99,"column":9},"end":{"line":123,"column":16}},"type":"cond-expr","locations":[{"start":{"line":100,"column":10},"end":{"line":122,"column":27}},{"start":{"line":123,"column":12},"end":{"line":123,"column":16}}],"line":99},"8":{"loc":{"start":{"line":108,"column":17},"end":{"line":108,"column":49}},"type":"cond-expr","locations":[{"start":{"line":108,"column":24},"end":{"line":108,"column":42}},{"start":{"line":108,"column":45},"end":{"line":108,"column":49}}],"line":108},"9":{"loc":{"start":{"line":116,"column":17},"end":{"line":116,"column":49}},"type":"cond-expr","locations":[{"start":{"line":116,"column":24},"end":{"line":116,"column":28}},{"start":{"line":116,"column":31},"end":{"line":116,"column":49}}],"line":116},"10":{"loc":{"start":{"line":124,"column":9},"end":{"line":129,"column":74}},"type":"cond-expr","locations":[{"start":{"line":125,"column":11},"end":{"line":128,"column":12}},{"start":{"line":129,"column":11},"end":{"line":129,"column":73}}],"line":124},"11":{"loc":{"start":{"line":127,"column":25},"end":{"line":127,"column":71}},"type":"cond-expr","locations":[{"start":{"line":127,"column":40},"end":{"line":127,"column":64}},{"start":{"line":127,"column":67},"end":{"line":127,"column":71}}],"line":127},"12":{"loc":{"start":{"line":129,"column":44},"end":{"line":129,"column":69}},"type":"cond-expr","locations":[{"start":{"line":129,"column":54},"end":{"line":129,"column":61}},{"start":{"line":129,"column":64},"end":{"line":129,"column":69}}],"line":129}},"s":{"0":0,"1":0,"2":0,"3":0,"4":0,"5":0,"6":0,"7":0,"8":0,"9":0,"10":0,"11":0,"12":0,"13":0,"14":0,"15":0,"16":0,"17":0,"18":0,"19":0,"20":0,"21":0,"22":0,"23":0,"24":0,"25":0,"26":0,"27":0,"28":0,"29":0,"30":0,"31":0,"32":0,"33":0,"34":0,"35":0,"36":0},"f":{"0":0,"1":0,"2":0,"3":0,"4":0,"5":0,"6":0,"7":0,"8":0,"9":0,"10":0,"11":0,"12":0},"b":{"0":[0,0],"1":[0,0],"2":[0,0],"3":[0,0],"4":[0,0],"5":[0,0],"6":[0,0],"7":[0,0],"8":[0,0],"9":[0,0],"10":[0,0],"11":[0,0],"12":[0,0]}}
,"/home/natan/Documentos/2021.1-Pro-Especies-UserInterface/src/screens/WikiFishlogs/styles.ts": {"path":"/home/natan/Documentos/2021.1-Pro-Especies-UserInterface/src/screens/WikiFishlogs/styles.ts","statementMap":{"0":{"start":{"line":5,"column":29},"end":{"line":9,"column":1}},"1":{"start":{"line":8,"column":37},"end":{"line":8,"column":60}},"2":{"start":{"line":11,"column":37},"end":{"line":13,"column":1}},"3":{"start":{"line":15,"column":30},"end":{"line":24,"column":1}},"4":{"start":{"line":26,"column":30},"end":{"line":28,"column":1}},"5":{"start":{"line":30,"column":30},"end":{"line":34,"column":1}},"6":{"start":{"line":33,"column":37},"end":{"line":33,"column":59}},"7":{"start":{"line":36,"column":25},"end":{"line":42,"column":1}},"8":{"start":{"line":38,"column":4},"end":{"line":39,"column":53}},"9":{"start":{"line":39,"column":6},"end":{"line":39,"column":53}},"10":{"start":{"line":44,"column":33},"end":{"line":44,"column":58}},"11":{"start":{"line":46,"column":37},"end":{"line":50,"column":1}},"12":{"start":{"line":49,"column":26},"end":{"line":49,"column":52}}},"fnMap":{"0":{"name":"(anonymous_0)","decl":{"start":{"line":8,"column":22},"end":{"line":8,"column":23}},"loc":{"start":{"line":8,"column":37},"end":{"line":8,"column":60}},"line":8},"1":{"name":"(anonymous_1)","decl":{"start":{"line":33,"column":22},"end":{"line":33,"column":23}},"loc":{"start":{"line":33,"column":37},"end":{"line":33,"column":59}},"line":33},"2":{"name":"(anonymous_2)","decl":{"start":{"line":37,"column":17},"end":{"line":37,"column":18}},"loc":{"start":{"line":38,"column":4},"end":{"line":39,"column":53}},"line":38},"3":{"name":"(anonymous_3)","decl":{"start":{"line":38,"column":4},"end":{"line":38,"column":5}},"loc":{"start":{"line":39,"column":6},"end":{"line":39,"column":53}},"line":39},"4":{"name":"(anonymous_4)","decl":{"start":{"line":49,"column":11},"end":{"line":49,"column":12}},"loc":{"start":{"line":49,"column":26},"end":{"line":49,"column":52}},"line":49}},"branchMap":{"0":{"loc":{"start":{"line":39,"column":6},"end":{"line":39,"column":53}},"type":"cond-expr","locations":[{"start":{"line":39,"column":15},"end":{"line":39,"column":31}},{"start":{"line":39,"column":34},"end":{"line":39,"column":53}}],"line":39}},"s":{"0":0,"1":0,"2":0,"3":0,"4":0,"5":0,"6":0,"7":0,"8":0,"9":0,"10":0,"11":0,"12":0},"f":{"0":0,"1":0,"2":0,"3":0,"4":0},"b":{"0":[0,0]}}
,"/home/natan/Documentos/2021.1-Pro-Especies-UserInterface/src/services/fishLogService/createFishLog.ts": {"path":"/home/natan/Documentos/2021.1-Pro-Especies-UserInterface/src/services/fishLogService/createFishLog.ts","statementMap":{"0":{"start":{"line":5,"column":29},"end":{"line":44,"column":1}},"1":{"start":{"line":16,"column":17},"end":{"line":16,"column":65}},"2":{"start":{"line":17,"column":16},"end":{"line":17,"column":63}},"3":{"start":{"line":18,"column":14},"end":{"line":18,"column":18}},"4":{"start":{"line":20,"column":22},"end":{"line":23,"column":3}},"5":{"start":{"line":25,"column":2},"end":{"line":27,"column":3}},"6":{"start":{"line":26,"column":4},"end":{"line":26,"column":47}},"7":{"start":{"line":29,"column":2},"end":{"line":43,"column":4}}},"fnMap":{"0":{"name":"(anonymous_0)","decl":{"start":{"line":5,"column":29},"end":{"line":5,"column":30}},"loc":{"start":{"line":15,"column":5},"end":{"line":44,"column":1}},"line":15}},"branchMap":{"0":{"loc":{"start":{"line":21,"column":14},"end":{"line":21,"column":52}},"type":"cond-expr","locations":[{"start":{"line":21,"column":25},"end":{"line":21,"column":45}},{"start":{"line":21,"column":48},"end":{"line":21,"column":52}}],"line":21},"1":{"loc":{"start":{"line":22,"column":15},"end":{"line":22,"column":55}},"type":"cond-expr","locations":[{"start":{"line":22,"column":27},"end":{"line":22,"column":48}},{"start":{"line":22,"column":51},"end":{"line":22,"column":55}}],"line":22},"2":{"loc":{"start":{"line":25,"column":2},"end":{"line":27,"column":3}},"type":"if","locations":[{"start":{"line":25,"column":2},"end":{"line":27,"column":3}},{"start":{},"end":{}}],"line":25},"3":{"loc":{"start":{"line":39,"column":14},"end":{"line":39,"column":48}},"type":"cond-expr","locations":[{"start":{"line":39,"column":23},"end":{"line":39,"column":41}},{"start":{"line":39,"column":44},"end":{"line":39,"column":48}}],"line":39},"4":{"loc":{"start":{"line":40,"column":14},"end":{"line":40,"column":48}},"type":"cond-expr","locations":[{"start":{"line":40,"column":23},"end":{"line":40,"column":41}},{"start":{"line":40,"column":44},"end":{"line":40,"column":48}}],"line":40}},"s":{"0":0,"1":0,"2":0,"3":0,"4":0,"5":0,"6":0,"7":0},"f":{"0":0},"b":{"0":[0,0],"1":[0,0],"2":[0,0],"3":[0,0],"4":[0,0]}}
,"/home/natan/Documentos/2021.1-Pro-Especies-UserInterface/src/services/fishLogService/deleteFishLog.ts": {"path":"/home/natan/Documentos/2021.1-Pro-Especies-UserInterface/src/services/fishLogService/deleteFishLog.ts","statementMap":{"0":{"start":{"line":8,"column":20},"end":{"line":8,"column":37}},"1":{"start":{"line":9,"column":14},"end":{"line":9,"column":105}},"2":{"start":{"line":10,"column":2},"end":{"line":10,"column":18}}},"fnMap":{"0":{"name":"DeleteFishLog","decl":{"start":{"line":4,"column":15},"end":{"line":4,"column":28}},"loc":{"start":{"line":7,"column":2},"end":{"line":11,"column":1}},"line":7}},"branchMap":{},"s":{"0":0,"1":0,"2":0},"f":{"0":0},"b":{}}
,"/home/natan/Documentos/2021.1-Pro-Especies-UserInterface/src/services/fishLogService/exportFishLogs.ts": {"path":"/home/natan/Documentos/2021.1-Pro-Especies-UserInterface/src/services/fishLogService/exportFishLogs.ts","statementMap":{"0":{"start":{"line":4,"column":20},"end":{"line":4,"column":37}},"1":{"start":{"line":6,"column":14},"end":{"line":8,"column":4}},"2":{"start":{"line":9,"column":2},"end":{"line":9,"column":18}}},"fnMap":{"0":{"name":"ExportFishLogs","decl":{"start":{"line":3,"column":15},"end":{"line":3,"column":29}},"loc":{"start":{"line":3,"column":72},"end":{"line":10,"column":1}},"line":3}},"branchMap":{},"s":{"0":0,"1":0,"2":0},"f":{"0":0},"b":{}}
,"/home/natan/Documentos/2021.1-Pro-Especies-UserInterface/src/services/fishLogService/fishService.ts": {"path":"/home/natan/Documentos/2021.1-Pro-Especies-UserInterface/src/services/fishLogService/fishService.ts","statementMap":{"0":{"start":{"line":2,"column":15},"end":{"line":2,"column":41}},"1":{"start":{"line":4,"column":23},"end":{"line":6,"column":2}}},"fnMap":{},"branchMap":{},"s":{"0":0,"1":0},"f":{},"b":{}}
,"/home/natan/Documentos/2021.1-Pro-Especies-UserInterface/src/services/fishLogService/getAllLogs.ts": {"path":"/home/natan/Documentos/2021.1-Pro-Especies-UserInterface/src/services/fishLogService/getAllLogs.ts","statementMap":{"0":{"start":{"line":4,"column":20},"end":{"line":4,"column":37}},"1":{"start":{"line":5,"column":14},"end":{"line":7,"column":4}},"2":{"start":{"line":8,"column":2},"end":{"line":8,"column":18}}},"fnMap":{"0":{"name":"GetAllFishLogs","decl":{"start":{"line":3,"column":15},"end":{"line":3,"column":29}},"loc":{"start":{"line":3,"column":45},"end":{"line":9,"column":1}},"line":3}},"branchMap":{},"s":{"0":0,"1":0,"2":0},"f":{"0":0},"b":{}}
,"/home/natan/Documentos/2021.1-Pro-Especies-UserInterface/src/services/fishLogService/getOneFishLog.ts": {"path":"/home/natan/Documentos/2021.1-Pro-Especies-UserInterface/src/services/fishLogService/getOneFishLog.ts","statementMap":{"0":{"start":{"line":4,"column":20},"end":{"line":4,"column":37}},"1":{"start":{"line":5,"column":14},"end":{"line":7,"column":4}},"2":{"start":{"line":8,"column":2},"end":{"line":8,"column":18}}},"fnMap":{"0":{"name":"GetOneFishLog","decl":{"start":{"line":3,"column":15},"end":{"line":3,"column":28}},"loc":{"start":{"line":3,"column":60},"end":{"line":9,"column":1}},"line":3}},"branchMap":{},"s":{"0":0,"1":0,"2":0},"f":{"0":0},"b":{}}
,"/home/natan/Documentos/2021.1-Pro-Especies-UserInterface/src/services/fishLogService/updateFishLog.ts": {"path":"/home/natan/Documentos/2021.1-Pro-Especies-UserInterface/src/services/fishLogService/updateFishLog.ts","statementMap":{"0":{"start":{"line":19,"column":19},"end":{"line":19,"column":67}},"1":{"start":{"line":20,"column":18},"end":{"line":20,"column":65}},"2":{"start":{"line":21,"column":22},"end":{"line":21,"column":39}},"3":{"start":{"line":22,"column":16},"end":{"line":22,"column":20}},"4":{"start":{"line":23,"column":21},"end":{"line":23,"column":25}},"5":{"start":{"line":25,"column":4},"end":{"line":26,"column":28}},"6":{"start":{"line":26,"column":8},"end":{"line":26,"column":28}},"7":{"start":{"line":28,"column":24},"end":{"line":31,"column":5}},"8":{"start":{"line":32,"column":4},"end":{"line":34,"column":5}},"9":{"start":{"line":33,"column":8},"end":{"line":33,"column":51}},"10":{"start":{"line":35,"column":16},"end":{"line":47,"column":49}},"11":{"start":{"line":48,"column":4},"end":{"line":48,"column":20}}},"fnMap":{"0":{"name":"UpdateFishLog","decl":{"start":{"line":5,"column":15},"end":{"line":5,"column":28}},"loc":{"start":{"line":18,"column":2},"end":{"line":49,"column":1}},"line":18}},"branchMap":{"0":{"loc":{"start":{"line":25,"column":4},"end":{"line":26,"column":28}},"type":"if","locations":[{"start":{"line":25,"column":4},"end":{"line":26,"column":28}},{"start":{},"end":{}}],"line":25},"1":{"loc":{"start":{"line":29,"column":18},"end":{"line":29,"column":56}},"type":"cond-expr","locations":[{"start":{"line":29,"column":29},"end":{"line":29,"column":49}},{"start":{"line":29,"column":52},"end":{"line":29,"column":56}}],"line":29},"2":{"loc":{"start":{"line":30,"column":19},"end":{"line":30,"column":59}},"type":"cond-expr","locations":[{"start":{"line":30,"column":31},"end":{"line":30,"column":52}},{"start":{"line":30,"column":55},"end":{"line":30,"column":59}}],"line":30},"3":{"loc":{"start":{"line":32,"column":4},"end":{"line":34,"column":5}},"type":"if","locations":[{"start":{"line":32,"column":4},"end":{"line":34,"column":5}},{"start":{},"end":{}}],"line":32},"4":{"loc":{"start":{"line":42,"column":16},"end":{"line":42,"column":50}},"type":"cond-expr","locations":[{"start":{"line":42,"column":25},"end":{"line":42,"column":43}},{"start":{"line":42,"column":46},"end":{"line":42,"column":50}}],"line":42},"5":{"loc":{"start":{"line":43,"column":16},"end":{"line":43,"column":50}},"type":"cond-expr","locations":[{"start":{"line":43,"column":25},"end":{"line":43,"column":43}},{"start":{"line":43,"column":46},"end":{"line":43,"column":50}}],"line":43}},"s":{"0":0,"1":0,"2":0,"3":0,"4":0,"5":0,"6":0,"7":0,"8":0,"9":0,"10":0,"11":0},"f":{"0":0},"b":{"0":[0,0],"1":[0,0],"2":[0,0],"3":[0,0],"4":[0,0],"5":[0,0]}}
,"/home/natan/Documentos/2021.1-Pro-Especies-UserInterface/src/services/userServices/createUser.ts": {"path":"/home/natan/Documentos/2021.1-Pro-Especies-UserInterface/src/services/userServices/createUser.ts","statementMap":{"0":{"start":{"line":13,"column":2},"end":{"line":22,"column":5}}},"fnMap":{"0":{"name":"CreateUser","decl":{"start":{"line":3,"column":15},"end":{"line":3,"column":25}},"loc":{"start":{"line":12,"column":2},"end":{"line":23,"column":1}},"line":12}},"branchMap":{},"s":{"0":0},"f":{"0":0},"b":{}}
,"/home/natan/Documentos/2021.1-Pro-Especies-UserInterface/src/services/userServices/login.ts": {"path":"/home/natan/Documentos/2021.1-Pro-Especies-UserInterface/src/services/userServices/login.ts","statementMap":{"0":{"start":{"line":4,"column":14},"end":{"line":7,"column":4}},"1":{"start":{"line":9,"column":2},"end":{"line":9,"column":13}}},"fnMap":{"0":{"name":"UserLogin","decl":{"start":{"line":3,"column":15},"end":{"line":3,"column":24}},"loc":{"start":{"line":3,"column":63},"end":{"line":10,"column":1}},"line":3}},"branchMap":{},"s":{"0":0,"1":0},"f":{"0":0},"b":{}}
,"/home/natan/Documentos/2021.1-Pro-Especies-UserInterface/src/services/userServices/userService.ts": {"path":"/home/natan/Documentos/2021.1-Pro-Especies-UserInterface/src/services/userServices/userService.ts","statementMap":{"0":{"start":{"line":2,"column":15},"end":{"line":2,"column":41}},"1":{"start":{"line":4,"column":20},"end":{"line":6,"column":2}}},"fnMap":{},"branchMap":{},"s":{"0":0,"1":0},"f":{},"b":{}}
,"/home/natan/Documentos/2021.1-Pro-Especies-UserInterface/src/services/wikiServices/getOneWikiFish.ts": {"path":"/home/natan/Documentos/2021.1-Pro-Especies-UserInterface/src/services/wikiServices/getOneWikiFish.ts","statementMap":{"0":{"start":{"line":4,"column":14},"end":{"line":4,"column":59}},"1":{"start":{"line":6,"column":2},"end":{"line":6,"column":18}}},"fnMap":{"0":{"name":"GetOneWikiFish","decl":{"start":{"line":3,"column":15},"end":{"line":3,"column":29}},"loc":{"start":{"line":3,"column":47},"end":{"line":7,"column":1}},"line":3}},"branchMap":{},"s":{"0":0,"1":0},"f":{"0":0},"b":{}}
,"/home/natan/Documentos/2021.1-Pro-Especies-UserInterface/src/services/wikiServices/getWikiFishes.ts": {"path":"/home/natan/Documentos/2021.1-Pro-Especies-UserInterface/src/services/wikiServices/getWikiFishes.ts","statementMap":{"0":{"start":{"line":4,"column":14},"end":{"line":4,"column":26}},"1":{"start":{"line":5,"column":2},"end":{"line":6,"column":19}},"2":{"start":{"line":6,"column":4},"end":{"line":6,"column":19}},"3":{"start":{"line":8,"column":14},"end":{"line":8,"column":42}},"4":{"start":{"line":10,"column":2},"end":{"line":10,"column":18}}},"fnMap":{"0":{"name":"GetWikiFishes","decl":{"start":{"line":3,"column":15},"end":{"line":3,"column":28}},"loc":{"start":{"line":3,"column":43},"end":{"line":11,"column":1}},"line":3}},"branchMap":{"0":{"loc":{"start":{"line":5,"column":2},"end":{"line":6,"column":19}},"type":"if","locations":[{"start":{"line":5,"column":2},"end":{"line":6,"column":19}},{"start":{},"end":{}}],"line":5}},"s":{"0":0,"1":0,"2":0,"3":0,"4":0},"f":{"0":0},"b":{"0":[0,0]}}
,"/home/natan/Documentos/2021.1-Pro-Especies-UserInterface/src/services/wikiServices/wikiService.ts": {"path":"/home/natan/Documentos/2021.1-Pro-Especies-UserInterface/src/services/wikiServices/wikiService.ts","statementMap":{"0":{"start":{"line":2,"column":15},"end":{"line":2,"column":41}},"1":{"start":{"line":4,"column":20},"end":{"line":6,"column":2}}},"fnMap":{},"branchMap":{},"s":{"0":0,"1":0},"f":{},"b":{}}
,"/home/natan/Documentos/2021.1-Pro-Especies-UserInterface/src/utils/getInstructionImage.tsx": {"path":"/home/natan/Documentos/2021.1-Pro-Especies-UserInterface/src/utils/getInstructionImage.tsx","statementMap":{"0":{"start":{"line":3,"column":24},"end":{"line":432,"column":1}},"1":{"start":{"line":4,"column":4},"end":{"line":138,"column":5}},"2":{"start":{"line":5,"column":8},"end":{"line":137,"column":9}},"3":{"start":{"line":139,"column":4},"end":{"line":273,"column":5}},"4":{"start":{"line":140,"column":8},"end":{"line":272,"column":9}},"5":{"start":{"line":274,"column":4},"end":{"line":431,"column":5}},"6":{"start":{"line":275,"column":8},"end":{"line":430,"column":9}}},"fnMap":{"0":{"name":"(anonymous_0)","decl":{"start":{"line":3,"column":24},"end":{"line":3,"column":25}},"loc":{"start":{"line":3,"column":40},"end":{"line":432,"column":1}},"line":3}},"branchMap":{"0":{"loc":{"start":{"line":4,"column":4},"end":{"line":138,"column":5}},"type":"if","locations":[{"start":{"line":4,"column":4},"end":{"line":138,"column":5}},{"start":{},"end":{}}],"line":4},"1":{"loc":{"start":{"line":139,"column":4},"end":{"line":273,"column":5}},"type":"if","locations":[{"start":{"line":139,"column":4},"end":{"line":273,"column":5}},{"start":{},"end":{}}],"line":139},"2":{"loc":{"start":{"line":274,"column":4},"end":{"line":431,"column":5}},"type":"if","locations":[{"start":{"line":274,"column":4},"end":{"line":431,"column":5}},{"start":{},"end":{}}],"line":274}},"s":{"0":0,"1":0,"2":0,"3":0,"4":0,"5":0,"6":0},"f":{"0":0},"b":{"0":[0,0],"1":[0,0],"2":[0,0]}}
}
