{"/home/natan/Documentos/2021.1-Pro-Especies-UserInterface/App.tsx": {"path":"/home/natan/Documentos/2021.1-Pro-Especies-UserInterface/App.tsx","statementMap":{"0":{"start":{"line":19,"column":23},"end":{"line":23,"column":4}},"1":{"start":{"line":24,"column":2},"end":{"line":24,"column":41}},"2":{"start":{"line":24,"column":19},"end":{"line":24,"column":41}},"3":{"start":{"line":25,"column":2},"end":{"line":33,"column":4}}},"fnMap":{"0":{"name":"App","decl":{"start":{"line":18,"column":24},"end":{"line":18,"column":27}},"loc":{"start":{"line":18,"column":30},"end":{"line":34,"column":1}},"line":18}},"branchMap":{"0":{"loc":{"start":{"line":24,"column":2},"end":{"line":24,"column":41}},"type":"if","locations":[{"start":{"line":24,"column":2},"end":{"line":24,"column":41}},{"start":{},"end":{}}],"line":24}},"s":{"0":0,"1":0,"2":0,"3":0},"f":{"0":0},"b":{"0":[0,0]}}
,"/home/natan/Documentos/2021.1-Pro-Especies-UserInterface/src/components/Button/index.tsx": {"path":"/home/natan/Documentos/2021.1-Pro-Especies-UserInterface/src/components/Button/index.tsx","statementMap":{"0":{"start":{"line":11,"column":2},"end":{"line":15,"column":4}}},"fnMap":{"0":{"name":"DefaultButton","decl":{"start":{"line":10,"column":16},"end":{"line":10,"column":29}},"loc":{"start":{"line":10,"column":81},"end":{"line":16,"column":1}},"line":10}},"branchMap":{"0":{"loc":{"start":{"line":10,"column":38},"end":{"line":10,"column":54}},"type":"default-arg","locations":[{"start":{"line":10,"column":45},"end":{"line":10,"column":54}}],"line":10}},"s":{"0":1},"f":{"0":1},"b":{"0":[1]},"_coverageSchema":"1a1c01bbd47fc00a2c39e90264f33305004495a9","hash":"884c88808ec35196a8a1a87d012a83e0dcf5dd3a"}
,"/home/natan/Documentos/2021.1-Pro-Especies-UserInterface/src/components/Button/styles.tsx": {"path":"/home/natan/Documentos/2021.1-Pro-Especies-UserInterface/src/components/Button/styles.tsx","statementMap":{"0":{"start":{"line":8,"column":22},"end":{"line":17,"column":1}},"1":{"start":{"line":12,"column":43},"end":{"line":12,"column":120}},"2":{"start":{"line":19,"column":26},"end":{"line":23,"column":1}},"3":{"start":{"line":21,"column":32},"end":{"line":21,"column":48}}},"fnMap":{"0":{"name":"(anonymous_0)","decl":{"start":{"line":12,"column":22},"end":{"line":12,"column":23}},"loc":{"start":{"line":12,"column":43},"end":{"line":12,"column":120}},"line":12},"1":{"name":"(anonymous_1)","decl":{"start":{"line":21,"column":17},"end":{"line":21,"column":18}},"loc":{"start":{"line":21,"column":32},"end":{"line":21,"column":48}},"line":21}},"branchMap":{"0":{"loc":{"start":{"line":12,"column":43},"end":{"line":12,"column":120}},"type":"cond-expr","locations":[{"start":{"line":12,"column":64},"end":{"line":12,"column":91}},{"start":{"line":12,"column":94},"end":{"line":12,"column":120}}],"line":12}},"s":{"0":1,"1":1,"2":1,"3":1},"f":{"0":1,"1":1},"b":{"0":[1,0]},"_coverageSchema":"1a1c01bbd47fc00a2c39e90264f33305004495a9","hash":"fa1067a4f5bc6d1be6ef068c57e5e9e51cb42247"}
,"/home/natan/Documentos/2021.1-Pro-Especies-UserInterface/src/components/DraftButton/index.tsx": {"path":"/home/natan/Documentos/2021.1-Pro-Especies-UserInterface/src/components/DraftButton/index.tsx","statementMap":{"0":{"start":{"line":10,"column":27},"end":{"line":35,"column":1}},"1":{"start":{"line":11,"column":32},"end":{"line":11,"column":44}},"2":{"start":{"line":12,"column":23},"end":{"line":12,"column":38}},"3":{"start":{"line":13,"column":22},"end":{"line":18,"column":5}},"4":{"start":{"line":14,"column":27},"end":{"line":14,"column":63}},"5":{"start":{"line":15,"column":8},"end":{"line":16,"column":46}},"6":{"start":{"line":16,"column":12},"end":{"line":16,"column":46}},"7":{"start":{"line":20,"column":24},"end":{"line":22,"column":5}},"8":{"start":{"line":21,"column":8},"end":{"line":21,"column":47}},"9":{"start":{"line":24,"column":4},"end":{"line":26,"column":10}},"10":{"start":{"line":25,"column":8},"end":{"line":25,"column":20}},"11":{"start":{"line":27,"column":4},"end":{"line":34,"column":6}}},"fnMap":{"0":{"name":"(anonymous_0)","decl":{"start":{"line":10,"column":27},"end":{"line":10,"column":28}},"loc":{"start":{"line":10,"column":33},"end":{"line":35,"column":1}},"line":10},"1":{"name":"(anonymous_1)","decl":{"start":{"line":13,"column":22},"end":{"line":13,"column":23}},"loc":{"start":{"line":13,"column":34},"end":{"line":18,"column":5}},"line":13},"2":{"name":"(anonymous_2)","decl":{"start":{"line":20,"column":24},"end":{"line":20,"column":25}},"loc":{"start":{"line":20,"column":30},"end":{"line":22,"column":5}},"line":20},"3":{"name":"(anonymous_3)","decl":{"start":{"line":24,"column":14},"end":{"line":24,"column":15}},"loc":{"start":{"line":24,"column":20},"end":{"line":26,"column":5}},"line":24}},"branchMap":{"0":{"loc":{"start":{"line":15,"column":8},"end":{"line":16,"column":46}},"type":"if","locations":[{"start":{"line":15,"column":8},"end":{"line":16,"column":46}},{"start":{},"end":{}}],"line":15}},"s":{"0":1,"1":1,"2":1,"3":1,"4":1,"5":1,"6":0,"7":1,"8":1,"9":1,"10":1,"11":1},"f":{"0":1,"1":1,"2":1,"3":1},"b":{"0":[0,1]},"_coverageSchema":"1a1c01bbd47fc00a2c39e90264f33305004495a9","hash":"aa6f8abe36e57ecee03a0a8dc7cf7e51fc787ab8"}
,"/home/natan/Documentos/2021.1-Pro-Especies-UserInterface/src/components/DraftButton/styles.ts": {"path":"/home/natan/Documentos/2021.1-Pro-Especies-UserInterface/src/components/DraftButton/styles.ts","statementMap":{"0":{"start":{"line":4,"column":36},"end":{"line":13,"column":1}},"1":{"start":{"line":7,"column":39},"end":{"line":7,"column":59}},"2":{"start":{"line":15,"column":32},"end":{"line":20,"column":1}},"3":{"start":{"line":16,"column":34},"end":{"line":16,"column":50}},"4":{"start":{"line":17,"column":28},"end":{"line":17,"column":51}},"5":{"start":{"line":22,"column":38},"end":{"line":28,"column":1}},"6":{"start":{"line":30,"column":36},"end":{"line":35,"column":1}},"7":{"start":{"line":32,"column":34},"end":{"line":32,"column":50}},"8":{"start":{"line":33,"column":28},"end":{"line":33,"column":51}}},"fnMap":{"0":{"name":"(anonymous_0)","decl":{"start":{"line":7,"column":24},"end":{"line":7,"column":25}},"loc":{"start":{"line":7,"column":39},"end":{"line":7,"column":59}},"line":7},"1":{"name":"(anonymous_1)","decl":{"start":{"line":16,"column":19},"end":{"line":16,"column":20}},"loc":{"start":{"line":16,"column":34},"end":{"line":16,"column":50}},"line":16},"2":{"name":"(anonymous_2)","decl":{"start":{"line":17,"column":13},"end":{"line":17,"column":14}},"loc":{"start":{"line":17,"column":28},"end":{"line":17,"column":51}},"line":17},"3":{"name":"(anonymous_3)","decl":{"start":{"line":32,"column":19},"end":{"line":32,"column":20}},"loc":{"start":{"line":32,"column":34},"end":{"line":32,"column":50}},"line":32},"4":{"name":"(anonymous_4)","decl":{"start":{"line":33,"column":13},"end":{"line":33,"column":14}},"loc":{"start":{"line":33,"column":28},"end":{"line":33,"column":51}},"line":33}},"branchMap":{},"s":{"0":1,"1":1,"2":1,"3":1,"4":1,"5":1,"6":1,"7":1,"8":1},"f":{"0":1,"1":1,"2":1,"3":1,"4":1},"b":{},"_coverageSchema":"1a1c01bbd47fc00a2c39e90264f33305004495a9","hash":"97352fd7950ec8726ea2d358676d6eaef86979d5"}
,"/home/natan/Documentos/2021.1-Pro-Especies-UserInterface/src/components/FilterBar/index.tsx": {"path":"/home/natan/Documentos/2021.1-Pro-Especies-UserInterface/src/components/FilterBar/index.tsx","statementMap":{"0":{"start":{"line":14,"column":2},"end":{"line":31,"column":4}},"1":{"start":{"line":16,"column":55},"end":{"line":16,"column":74}}},"fnMap":{"0":{"name":"FilterBar","decl":{"start":{"line":13,"column":16},"end":{"line":13,"column":25}},"loc":{"start":{"line":13,"column":88},"end":{"line":32,"column":1}},"line":13},"1":{"name":"(anonymous_1)","decl":{"start":{"line":16,"column":49},"end":{"line":16,"column":50}},"loc":{"start":{"line":16,"column":55},"end":{"line":16,"column":74}},"line":16}},"branchMap":{},"s":{"0":1,"1":1},"f":{"0":1,"1":1},"b":{},"_coverageSchema":"1a1c01bbd47fc00a2c39e90264f33305004495a9","hash":"905cb7a6d5314ce5fe2a34dfd636a063a3d22320"}
,"/home/natan/Documentos/2021.1-Pro-Especies-UserInterface/src/components/FilterBar/styles.ts": {"path":"/home/natan/Documentos/2021.1-Pro-Especies-UserInterface/src/components/FilterBar/styles.ts","statementMap":{"0":{"start":{"line":5,"column":19},"end":{"line":13,"column":1}},"1":{"start":{"line":8,"column":37},"end":{"line":8,"column":63}},"2":{"start":{"line":14,"column":29},"end":{"line":18,"column":1}},"3":{"start":{"line":20,"column":26},"end":{"line":22,"column":1}},"4":{"start":{"line":24,"column":25},"end":{"line":27,"column":1}},"5":{"start":{"line":29,"column":24},"end":{"line":32,"column":1}},"6":{"start":{"line":31,"column":32},"end":{"line":31,"column":48}},"7":{"start":{"line":34,"column":26},"end":{"line":39,"column":1}},"8":{"start":{"line":35,"column":32},"end":{"line":35,"column":50}},"9":{"start":{"line":41,"column":27},"end":{"line":44,"column":1}}},"fnMap":{"0":{"name":"(anonymous_0)","decl":{"start":{"line":8,"column":22},"end":{"line":8,"column":23}},"loc":{"start":{"line":8,"column":37},"end":{"line":8,"column":63}},"line":8},"1":{"name":"(anonymous_1)","decl":{"start":{"line":31,"column":17},"end":{"line":31,"column":18}},"loc":{"start":{"line":31,"column":32},"end":{"line":31,"column":48}},"line":31},"2":{"name":"(anonymous_2)","decl":{"start":{"line":35,"column":17},"end":{"line":35,"column":18}},"loc":{"start":{"line":35,"column":32},"end":{"line":35,"column":50}},"line":35}},"branchMap":{},"s":{"0":1,"1":1,"2":1,"3":1,"4":1,"5":1,"6":1,"7":1,"8":1,"9":1},"f":{"0":1,"1":1,"2":1},"b":{},"_coverageSchema":"1a1c01bbd47fc00a2c39e90264f33305004495a9","hash":"c373ba1b655faa009abfcddff71b19e5f5fc0dc0"}
,"/home/natan/Documentos/2021.1-Pro-Especies-UserInterface/src/components/FilterButton/index.tsx": {"path":"/home/natan/Documentos/2021.1-Pro-Especies-UserInterface/src/components/FilterButton/index.tsx","statementMap":{"0":{"start":{"line":17,"column":2},"end":{"line":36,"column":4}},"1":{"start":{"line":21,"column":21},"end":{"line":21,"column":54}}},"fnMap":{"0":{"name":"FilterButton","decl":{"start":{"line":16,"column":16},"end":{"line":16,"column":28}},"loc":{"start":{"line":16,"column":56},"end":{"line":37,"column":1}},"line":16},"1":{"name":"(anonymous_1)","decl":{"start":{"line":21,"column":15},"end":{"line":21,"column":16}},"loc":{"start":{"line":21,"column":21},"end":{"line":21,"column":54}},"line":21}},"branchMap":{"0":{"loc":{"start":{"line":22,"column":17},"end":{"line":22,"column":35}},"type":"cond-expr","locations":[{"start":{"line":22,"column":23},"end":{"line":22,"column":27}},{"start":{"line":22,"column":30},"end":{"line":22,"column":35}}],"line":22},"1":{"loc":{"start":{"line":25,"column":19},"end":{"line":25,"column":37}},"type":"cond-expr","locations":[{"start":{"line":25,"column":25},"end":{"line":25,"column":29}},{"start":{"line":25,"column":32},"end":{"line":25,"column":37}}],"line":25},"2":{"loc":{"start":{"line":27,"column":7},"end":{"line":33,"column":45}},"type":"cond-expr","locations":[{"start":{"line":28,"column":8},"end":{"line":30,"column":26}},{"start":{"line":33,"column":11},"end":{"line":33,"column":44}}],"line":27}},"s":{"0":1,"1":1},"f":{"0":1,"1":1},"b":{"0":[1,0],"1":[1,0],"2":[1,0]},"_coverageSchema":"1a1c01bbd47fc00a2c39e90264f33305004495a9","hash":"c5a580218934ba8710397f10dfdcf6f62e77b064"}
,"/home/natan/Documentos/2021.1-Pro-Especies-UserInterface/src/components/FilterButton/styles.tsx": {"path":"/home/natan/Documentos/2021.1-Pro-Especies-UserInterface/src/components/FilterButton/styles.tsx","statementMap":{"0":{"start":{"line":8,"column":26},"end":{"line":13,"column":1}},"1":{"start":{"line":9,"column":32},"end":{"line":9,"column":48}},"2":{"start":{"line":11,"column":37},"end":{"line":11,"column":66}},"3":{"start":{"line":15,"column":26},"end":{"line":18,"column":1}},"4":{"start":{"line":20,"column":31},"end":{"line":28,"column":1}},"5":{"start":{"line":23,"column":48},"end":{"line":23,"column":113}},"6":{"start":{"line":29,"column":31},"end":{"line":37,"column":1}},"7":{"start":{"line":38,"column":26},"end":{"line":42,"column":1}},"8":{"start":{"line":39,"column":32},"end":{"line":39,"column":48}}},"fnMap":{"0":{"name":"(anonymous_0)","decl":{"start":{"line":9,"column":17},"end":{"line":9,"column":18}},"loc":{"start":{"line":9,"column":32},"end":{"line":9,"column":48}},"line":9},"1":{"name":"(anonymous_1)","decl":{"start":{"line":11,"column":11},"end":{"line":11,"column":12}},"loc":{"start":{"line":11,"column":37},"end":{"line":11,"column":66}},"line":11},"2":{"name":"(anonymous_2)","decl":{"start":{"line":23,"column":22},"end":{"line":23,"column":23}},"loc":{"start":{"line":23,"column":48},"end":{"line":23,"column":113}},"line":23},"3":{"name":"(anonymous_3)","decl":{"start":{"line":39,"column":17},"end":{"line":39,"column":18}},"loc":{"start":{"line":39,"column":32},"end":{"line":39,"column":48}},"line":39}},"branchMap":{"0":{"loc":{"start":{"line":11,"column":37},"end":{"line":11,"column":66}},"type":"cond-expr","locations":[{"start":{"line":11,"column":49},"end":{"line":11,"column":56}},{"start":{"line":11,"column":59},"end":{"line":11,"column":66}}],"line":11},"1":{"loc":{"start":{"line":23,"column":48},"end":{"line":23,"column":113}},"type":"cond-expr","locations":[{"start":{"line":23,"column":60},"end":{"line":23,"column":87}},{"start":{"line":23,"column":90},"end":{"line":23,"column":113}}],"line":23}},"s":{"0":1,"1":1,"2":1,"3":1,"4":1,"5":1,"6":1,"7":1,"8":1},"f":{"0":1,"1":1,"2":1,"3":1},"b":{"0":[1,0],"1":[1,0]},"_coverageSchema":"1a1c01bbd47fc00a2c39e90264f33305004495a9","hash":"5751352ed554ec008efbbd8dc73ed5014a6fd53c"}
,"/home/natan/Documentos/2021.1-Pro-Especies-UserInterface/src/components/FishCard/index.tsx": {"path":"/home/natan/Documentos/2021.1-Pro-Especies-UserInterface/src/components/FishCard/index.tsx","statementMap":{"0":{"start":{"line":56,"column":44},"end":{"line":81,"column":1}},"1":{"start":{"line":61,"column":2},"end":{"line":80,"column":4}}},"fnMap":{"0":{"name":"(anonymous_0)","decl":{"start":{"line":56,"column":44},"end":{"line":56,"column":45}},"loc":{"start":{"line":60,"column":6},"end":{"line":81,"column":1}},"line":60},"1":{"name":"(anonymous_1)","decl":{"start":{"line":62,"column":32},"end":{"line":62,"column":33}},"loc":{"start":{"line":62,"column":38},"end":{"line":62,"column":41}},"line":62}},"branchMap":{"0":{"loc":{"start":{"line":66,"column":42},"end":{"line":66,"column":83}},"type":"cond-expr","locations":[{"start":{"line":66,"column":52},"end":{"line":66,"column":65}},{"start":{"line":66,"column":68},"end":{"line":66,"column":83}}],"line":66},"1":{"loc":{"start":{"line":72,"column":13},"end":{"line":72,"column":58}},"type":"cond-expr","locations":[{"start":{"line":72,"column":23},"end":{"line":72,"column":35}},{"start":{"line":72,"column":38},"end":{"line":72,"column":58}}],"line":72},"2":{"loc":{"start":{"line":75,"column":13},"end":{"line":75,"column":65}},"type":"cond-expr","locations":[{"start":{"line":75,"column":23},"end":{"line":75,"column":38}},{"start":{"line":75,"column":41},"end":{"line":75,"column":65}}],"line":75}},"s":{"0":2,"1":2},"f":{"0":2,"1":0},"b":{"0":[0,2],"1":[0,2],"2":[0,2]},"_coverageSchema":"1a1c01bbd47fc00a2c39e90264f33305004495a9","hash":"54cb30f7a67ba94b365325ca48f6f7236d6adcd4"}
,"/home/natan/Documentos/2021.1-Pro-Especies-UserInterface/src/components/FishCard/styles.ts": {"path":"/home/natan/Documentos/2021.1-Pro-Especies-UserInterface/src/components/FishCard/styles.ts","statementMap":{"0":{"start":{"line":4,"column":33},"end":{"line":12,"column":1}},"1":{"start":{"line":10,"column":37},"end":{"line":10,"column":60}},"2":{"start":{"line":14,"column":25},"end":{"line":19,"column":1}},"3":{"start":{"line":20,"column":24},"end":{"line":23,"column":1}},"4":{"start":{"line":25,"column":30},"end":{"line":31,"column":1}},"5":{"start":{"line":26,"column":32},"end":{"line":26,"column":51}},"6":{"start":{"line":29,"column":26},"end":{"line":29,"column":52}},"7":{"start":{"line":33,"column":30},"end":{"line":40,"column":1}},"8":{"start":{"line":34,"column":32},"end":{"line":34,"column":51}},"9":{"start":{"line":38,"column":26},"end":{"line":38,"column":52}}},"fnMap":{"0":{"name":"(anonymous_0)","decl":{"start":{"line":10,"column":22},"end":{"line":10,"column":23}},"loc":{"start":{"line":10,"column":37},"end":{"line":10,"column":60}},"line":10},"1":{"name":"(anonymous_1)","decl":{"start":{"line":26,"column":17},"end":{"line":26,"column":18}},"loc":{"start":{"line":26,"column":32},"end":{"line":26,"column":51}},"line":26},"2":{"name":"(anonymous_2)","decl":{"start":{"line":29,"column":11},"end":{"line":29,"column":12}},"loc":{"start":{"line":29,"column":26},"end":{"line":29,"column":52}},"line":29},"3":{"name":"(anonymous_3)","decl":{"start":{"line":34,"column":17},"end":{"line":34,"column":18}},"loc":{"start":{"line":34,"column":32},"end":{"line":34,"column":51}},"line":34},"4":{"name":"(anonymous_4)","decl":{"start":{"line":38,"column":11},"end":{"line":38,"column":12}},"loc":{"start":{"line":38,"column":26},"end":{"line":38,"column":52}},"line":38}},"branchMap":{},"s":{"0":2,"1":2,"2":2,"3":2,"4":2,"5":2,"6":2,"7":2,"8":2,"9":2},"f":{"0":2,"1":2,"2":2,"3":2,"4":2},"b":{},"_coverageSchema":"1a1c01bbd47fc00a2c39e90264f33305004495a9","hash":"0150769af5739b309bd0560e0d0b690720462209"}
,"/home/natan/Documentos/2021.1-Pro-Especies-UserInterface/src/components/FishList/index.tsx": {"path":"/home/natan/Documentos/2021.1-Pro-Especies-UserInterface/src/components/FishList/index.tsx","statementMap":{"0":{"start":{"line":11,"column":24},"end":{"line":33,"column":1}},"1":{"start":{"line":13,"column":4},"end":{"line":32,"column":6}},"2":{"start":{"line":17,"column":16},"end":{"line":28,"column":19}},"3":{"start":{"line":21,"column":50},"end":{"line":21,"column":124}},"4":{"start":{"line":25,"column":50},"end":{"line":25,"column":76}},"5":{"start":{"line":30,"column":34},"end":{"line":30,"column":42}}},"fnMap":{"0":{"name":"(anonymous_0)","decl":{"start":{"line":11,"column":24},"end":{"line":11,"column":25}},"loc":{"start":{"line":11,"column":81},"end":{"line":33,"column":1}},"line":11},"1":{"name":"(anonymous_1)","decl":{"start":{"line":16,"column":24},"end":{"line":16,"column":25}},"loc":{"start":{"line":17,"column":16},"end":{"line":28,"column":19}},"line":17},"2":{"name":"(anonymous_2)","decl":{"start":{"line":21,"column":42},"end":{"line":21,"column":43}},"loc":{"start":{"line":21,"column":48},"end":{"line":21,"column":126}},"line":21},"3":{"name":"(anonymous_3)","decl":{"start":{"line":25,"column":42},"end":{"line":25,"column":43}},"loc":{"start":{"line":25,"column":48},"end":{"line":25,"column":78}},"line":25},"4":{"name":"(anonymous_4)","decl":{"start":{"line":30,"column":26},"end":{"line":30,"column":27}},"loc":{"start":{"line":30,"column":34},"end":{"line":30,"column":42}},"line":30}},"branchMap":{"0":{"loc":{"start":{"line":18,"column":21},"end":{"line":26,"column":27}},"type":"cond-expr","locations":[{"start":{"line":19,"column":25},"end":{"line":22,"column":26}},{"start":{"line":23,"column":25},"end":{"line":26,"column":26}}],"line":18},"1":{"loc":{"start":{"line":21,"column":50},"end":{"line":21,"column":124}},"type":"cond-expr","locations":[{"start":{"line":21,"column":61},"end":{"line":21,"column":87}},{"start":{"line":21,"column":90},"end":{"line":21,"column":124}}],"line":21}},"s":{"0":1,"1":1,"2":1,"3":0,"4":0,"5":1},"f":{"0":1,"1":1,"2":0,"3":0,"4":1},"b":{"0":[0,1],"1":[0,0]},"_coverageSchema":"1a1c01bbd47fc00a2c39e90264f33305004495a9","hash":"868b9484368910599575c0e358261f3ac9198ae7"}
,"/home/natan/Documentos/2021.1-Pro-Especies-UserInterface/src/components/FishList/styles.ts": {"path":"/home/natan/Documentos/2021.1-Pro-Especies-UserInterface/src/components/FishList/styles.ts","statementMap":{"0":{"start":{"line":6,"column":28},"end":{"line":15,"column":4}}},"fnMap":{},"branchMap":{},"s":{"0":1},"f":{},"b":{},"_coverageSchema":"1a1c01bbd47fc00a2c39e90264f33305004495a9","hash":"e6188cdf9833eaddc6390e6ae9e2dca041da10e7"}
,"/home/natan/Documentos/2021.1-Pro-Especies-UserInterface/src/components/FishLogs/index.tsx": {"path":"/home/natan/Documentos/2021.1-Pro-Especies-UserInterface/src/components/FishLogs/index.tsx","statementMap":{"0":{"start":{"line":29,"column":24},"end":{"line":111,"column":1}},"1":{"start":{"line":30,"column":32},"end":{"line":30,"column":56}},"2":{"start":{"line":31,"column":36},"end":{"line":31,"column":50}},"3":{"start":{"line":32,"column":34},"end":{"line":32,"column":49}},"4":{"start":{"line":33,"column":21},"end":{"line":33,"column":36}},"5":{"start":{"line":35,"column":22},"end":{"line":43,"column":3}},"6":{"start":{"line":36,"column":4},"end":{"line":41,"column":5}},"7":{"start":{"line":37,"column":19},"end":{"line":37,"column":46}},"8":{"start":{"line":38,"column":6},"end":{"line":38,"column":23}},"9":{"start":{"line":40,"column":6},"end":{"line":40,"column":25}},"10":{"start":{"line":42,"column":4},"end":{"line":42,"column":24}},"11":{"start":{"line":45,"column":20},"end":{"line":49,"column":3}},"12":{"start":{"line":46,"column":19},"end":{"line":46,"column":55}},"13":{"start":{"line":47,"column":4},"end":{"line":48,"column":34}},"14":{"start":{"line":48,"column":6},"end":{"line":48,"column":34}},"15":{"start":{"line":50,"column":27},"end":{"line":57,"column":3}},"16":{"start":{"line":51,"column":4},"end":{"line":56,"column":6}},"17":{"start":{"line":59,"column":23},"end":{"line":59,"column":38}},"18":{"start":{"line":61,"column":23},"end":{"line":66,"column":3}},"19":{"start":{"line":62,"column":4},"end":{"line":65,"column":16}},"20":{"start":{"line":68,"column":2},"end":{"line":71,"column":9}},"21":{"start":{"line":69,"column":4},"end":{"line":69,"column":18}},"22":{"start":{"line":70,"column":4},"end":{"line":70,"column":16}},"23":{"start":{"line":73,"column":2},"end":{"line":110,"column":4}}},"fnMap":{"0":{"name":"(anonymous_0)","decl":{"start":{"line":29,"column":24},"end":{"line":29,"column":25}},"loc":{"start":{"line":29,"column":46},"end":{"line":111,"column":1}},"line":29},"1":{"name":"(anonymous_1)","decl":{"start":{"line":35,"column":22},"end":{"line":35,"column":23}},"loc":{"start":{"line":35,"column":34},"end":{"line":43,"column":3}},"line":35},"2":{"name":"(anonymous_2)","decl":{"start":{"line":45,"column":20},"end":{"line":45,"column":21}},"loc":{"start":{"line":45,"column":32},"end":{"line":49,"column":3}},"line":45},"3":{"name":"(anonymous_3)","decl":{"start":{"line":50,"column":27},"end":{"line":50,"column":28}},"loc":{"start":{"line":50,"column":43},"end":{"line":57,"column":3}},"line":50},"4":{"name":"(anonymous_4)","decl":{"start":{"line":59,"column":23},"end":{"line":59,"column":24}},"loc":{"start":{"line":59,"column":35},"end":{"line":59,"column":38}},"line":59},"5":{"name":"(anonymous_5)","decl":{"start":{"line":61,"column":23},"end":{"line":61,"column":24}},"loc":{"start":{"line":61,"column":35},"end":{"line":66,"column":3}},"line":61},"6":{"name":"(anonymous_6)","decl":{"start":{"line":68,"column":12},"end":{"line":68,"column":13}},"loc":{"start":{"line":68,"column":18},"end":{"line":71,"column":3}},"line":68},"7":{"name":"(anonymous_7)","decl":{"start":{"line":80,"column":37},"end":{"line":80,"column":38}},"loc":{"start":{"line":80,"column":43},"end":{"line":80,"column":46}},"line":80}},"branchMap":{"0":{"loc":{"start":{"line":47,"column":4},"end":{"line":48,"column":34}},"type":"if","locations":[{"start":{"line":47,"column":4},"end":{"line":48,"column":34}},{"start":{},"end":{}}],"line":47},"1":{"loc":{"start":{"line":75,"column":7},"end":{"line":108,"column":7}},"type":"cond-expr","locations":[{"start":{"line":76,"column":8},"end":{"line":76,"column":58}},{"start":{"line":78,"column":8},"end":{"line":107,"column":11}}],"line":75},"2":{"loc":{"start":{"line":91,"column":11},"end":{"line":93,"column":16}},"type":"cond-expr","locations":[{"start":{"line":92,"column":12},"end":{"line":92,"column":27}},{"start":{"line":93,"column":12},"end":{"line":93,"column":16}}],"line":91}},"s":{"0":0,"1":0,"2":0,"3":0,"4":0,"5":0,"6":0,"7":0,"8":0,"9":0,"10":0,"11":0,"12":0,"13":0,"14":0,"15":0,"16":0,"17":0,"18":0,"19":0,"20":0,"21":0,"22":0,"23":0},"f":{"0":0,"1":0,"2":0,"3":0,"4":0,"5":0,"6":0,"7":0},"b":{"0":[0,0],"1":[0,0],"2":[0,0]}}
,"/home/natan/Documentos/2021.1-Pro-Especies-UserInterface/src/components/FishLogs/styles.ts": {"path":"/home/natan/Documentos/2021.1-Pro-Especies-UserInterface/src/components/FishLogs/styles.ts","statementMap":{"0":{"start":{"line":7,"column":25},"end":{"line":12,"column":1}},"1":{"start":{"line":17,"column":27},"end":{"line":22,"column":1}},"2":{"start":{"line":24,"column":30},"end":{"line":27,"column":1}},"3":{"start":{"line":29,"column":25},"end":{"line":33,"column":1}},"4":{"start":{"line":30,"column":32},"end":{"line":30,"column":48}},"5":{"start":{"line":35,"column":26},"end":{"line":39,"column":1}},"6":{"start":{"line":40,"column":28},"end":{"line":48,"column":1}},"7":{"start":{"line":45,"column":37},"end":{"line":45,"column":64}},"8":{"start":{"line":50,"column":32},"end":{"line":54,"column":1}},"9":{"start":{"line":52,"column":32},"end":{"line":52,"column":48}},"10":{"start":{"line":56,"column":28},"end":{"line":60,"column":1}},"11":{"start":{"line":59,"column":32},"end":{"line":59,"column":48}},"12":{"start":{"line":62,"column":26},"end":{"line":66,"column":1}},"13":{"start":{"line":65,"column":32},"end":{"line":65,"column":48}},"14":{"start":{"line":67,"column":23},"end":{"line":71,"column":1}},"15":{"start":{"line":70,"column":32},"end":{"line":70,"column":48}},"16":{"start":{"line":72,"column":29},"end":{"line":80,"column":1}},"17":{"start":{"line":82,"column":28},"end":{"line":85,"column":1}},"18":{"start":{"line":86,"column":26},"end":{"line":94,"column":1}},"19":{"start":{"line":91,"column":37},"end":{"line":91,"column":64}}},"fnMap":{"0":{"name":"(anonymous_0)","decl":{"start":{"line":30,"column":17},"end":{"line":30,"column":18}},"loc":{"start":{"line":30,"column":32},"end":{"line":30,"column":48}},"line":30},"1":{"name":"(anonymous_1)","decl":{"start":{"line":45,"column":22},"end":{"line":45,"column":23}},"loc":{"start":{"line":45,"column":37},"end":{"line":45,"column":64}},"line":45},"2":{"name":"(anonymous_2)","decl":{"start":{"line":52,"column":17},"end":{"line":52,"column":18}},"loc":{"start":{"line":52,"column":32},"end":{"line":52,"column":48}},"line":52},"3":{"name":"(anonymous_3)","decl":{"start":{"line":59,"column":17},"end":{"line":59,"column":18}},"loc":{"start":{"line":59,"column":32},"end":{"line":59,"column":48}},"line":59},"4":{"name":"(anonymous_4)","decl":{"start":{"line":65,"column":17},"end":{"line":65,"column":18}},"loc":{"start":{"line":65,"column":32},"end":{"line":65,"column":48}},"line":65},"5":{"name":"(anonymous_5)","decl":{"start":{"line":70,"column":17},"end":{"line":70,"column":18}},"loc":{"start":{"line":70,"column":32},"end":{"line":70,"column":48}},"line":70},"6":{"name":"(anonymous_6)","decl":{"start":{"line":91,"column":22},"end":{"line":91,"column":23}},"loc":{"start":{"line":91,"column":37},"end":{"line":91,"column":64}},"line":91}},"branchMap":{},"s":{"0":0,"1":0,"2":0,"3":0,"4":0,"5":0,"6":0,"7":0,"8":0,"9":0,"10":0,"11":0,"12":0,"13":0,"14":0,"15":0,"16":0,"17":0,"18":0,"19":0},"f":{"0":0,"1":0,"2":0,"3":0,"4":0,"5":0,"6":0},"b":{}}
,"/home/natan/Documentos/2021.1-Pro-Especies-UserInterface/src/components/HalfToneText/index.tsx": {"path":"/home/natan/Documentos/2021.1-Pro-Especies-UserInterface/src/components/HalfToneText/index.tsx","statementMap":{"0":{"start":{"line":9,"column":2},"end":{"line":9,"column":29}}},"fnMap":{"0":{"name":"HalfToneText","decl":{"start":{"line":8,"column":16},"end":{"line":8,"column":28}},"loc":{"start":{"line":8,"column":46},"end":{"line":10,"column":1}},"line":8}},"branchMap":{},"s":{"0":0},"f":{"0":0},"b":{}}
,"/home/natan/Documentos/2021.1-Pro-Especies-UserInterface/src/components/HalfToneText/styles.tsx": {"path":"/home/natan/Documentos/2021.1-Pro-Especies-UserInterface/src/components/HalfToneText/styles.tsx","statementMap":{"0":{"start":{"line":4,"column":20},"end":{"line":10,"column":1}},"1":{"start":{"line":5,"column":32},"end":{"line":5,"column":51}},"2":{"start":{"line":8,"column":26},"end":{"line":8,"column":49}}},"fnMap":{"0":{"name":"(anonymous_0)","decl":{"start":{"line":5,"column":17},"end":{"line":5,"column":18}},"loc":{"start":{"line":5,"column":32},"end":{"line":5,"column":51}},"line":5},"1":{"name":"(anonymous_1)","decl":{"start":{"line":8,"column":11},"end":{"line":8,"column":12}},"loc":{"start":{"line":8,"column":26},"end":{"line":8,"column":49}},"line":8}},"branchMap":{},"s":{"0":0,"1":0,"2":0},"f":{"0":0,"1":0},"b":{}}
,"/home/natan/Documentos/2021.1-Pro-Especies-UserInterface/src/components/LinkText/index.tsx": {"path":"/home/natan/Documentos/2021.1-Pro-Especies-UserInterface/src/components/LinkText/index.tsx","statementMap":{"0":{"start":{"line":9,"column":2},"end":{"line":9,"column":29}}},"fnMap":{"0":{"name":"LinkText","decl":{"start":{"line":8,"column":16},"end":{"line":8,"column":24}},"loc":{"start":{"line":8,"column":42},"end":{"line":10,"column":1}},"line":8}},"branchMap":{},"s":{"0":0},"f":{"0":0},"b":{}}
,"/home/natan/Documentos/2021.1-Pro-Especies-UserInterface/src/components/LinkText/styles.tsx": {"path":"/home/natan/Documentos/2021.1-Pro-Especies-UserInterface/src/components/LinkText/styles.tsx","statementMap":{"0":{"start":{"line":4,"column":20},"end":{"line":9,"column":1}},"1":{"start":{"line":5,"column":32},"end":{"line":5,"column":48}},"2":{"start":{"line":8,"column":26},"end":{"line":8,"column":52}}},"fnMap":{"0":{"name":"(anonymous_0)","decl":{"start":{"line":5,"column":17},"end":{"line":5,"column":18}},"loc":{"start":{"line":5,"column":32},"end":{"line":5,"column":48}},"line":5},"1":{"name":"(anonymous_1)","decl":{"start":{"line":8,"column":11},"end":{"line":8,"column":12}},"loc":{"start":{"line":8,"column":26},"end":{"line":8,"column":52}},"line":8}},"branchMap":{},"s":{"0":0,"1":0,"2":0},"f":{"0":0,"1":0},"b":{}}
,"/home/natan/Documentos/2021.1-Pro-Especies-UserInterface/src/components/MapViewImage/index.tsx": {"path":"/home/natan/Documentos/2021.1-Pro-Especies-UserInterface/src/components/MapViewImage/index.tsx","statementMap":{"0":{"start":{"line":10,"column":2},"end":{"line":10,"column":35}}},"fnMap":{"0":{"name":"MapViewImage","decl":{"start":{"line":9,"column":16},"end":{"line":9,"column":28}},"loc":{"start":{"line":9,"column":48},"end":{"line":11,"column":1}},"line":9}},"branchMap":{},"s":{"0":0},"f":{"0":0},"b":{}}
,"/home/natan/Documentos/2021.1-Pro-Especies-UserInterface/src/components/MapViewImage/styles.tsx": {"path":"/home/natan/Documentos/2021.1-Pro-Especies-UserInterface/src/components/MapViewImage/styles.tsx","statementMap":{"0":{"start":{"line":4,"column":21},"end":{"line":9,"column":1}}},"fnMap":{},"branchMap":{},"s":{"0":0},"f":{},"b":{}}
,"/home/natan/Documentos/2021.1-Pro-Especies-UserInterface/src/components/ProfileImage/index.tsx": {"path":"/home/natan/Documentos/2021.1-Pro-Especies-UserInterface/src/components/ProfileImage/index.tsx","statementMap":{"0":{"start":{"line":10,"column":2},"end":{"line":10,"column":35}}},"fnMap":{"0":{"name":"ProfileImage","decl":{"start":{"line":9,"column":16},"end":{"line":9,"column":28}},"loc":{"start":{"line":9,"column":48},"end":{"line":11,"column":1}},"line":9}},"branchMap":{},"s":{"0":0},"f":{"0":0},"b":{}}
,"/home/natan/Documentos/2021.1-Pro-Especies-UserInterface/src/components/ProfileImage/styles.tsx": {"path":"/home/natan/Documentos/2021.1-Pro-Especies-UserInterface/src/components/ProfileImage/styles.tsx","statementMap":{"0":{"start":{"line":4,"column":21},"end":{"line":10,"column":1}}},"fnMap":{},"branchMap":{},"s":{"0":0},"f":{},"b":{}}
,"/home/natan/Documentos/2021.1-Pro-Especies-UserInterface/src/components/Property/index.tsx": {"path":"/home/natan/Documentos/2021.1-Pro-Especies-UserInterface/src/components/Property/index.tsx","statementMap":{"0":{"start":{"line":12,"column":2},"end":{"line":17,"column":4}}},"fnMap":{"0":{"name":"Property","decl":{"start":{"line":11,"column":16},"end":{"line":11,"column":24}},"loc":{"start":{"line":11,"column":53},"end":{"line":18,"column":1}},"line":11}},"branchMap":{},"s":{"0":0},"f":{"0":0},"b":{}}
,"/home/natan/Documentos/2021.1-Pro-Especies-UserInterface/src/components/Property/styles.tsx": {"path":"/home/natan/Documentos/2021.1-Pro-Especies-UserInterface/src/components/Property/styles.tsx","statementMap":{"0":{"start":{"line":3,"column":33},"end":{"line":6,"column":1}}},"fnMap":{},"branchMap":{},"s":{"0":0},"f":{},"b":{}}
,"/home/natan/Documentos/2021.1-Pro-Especies-UserInterface/src/components/RegularText/index.tsx": {"path":"/home/natan/Documentos/2021.1-Pro-Especies-UserInterface/src/components/RegularText/index.tsx","statementMap":{"0":{"start":{"line":9,"column":2},"end":{"line":9,"column":29}}},"fnMap":{"0":{"name":"RegularText","decl":{"start":{"line":8,"column":16},"end":{"line":8,"column":27}},"loc":{"start":{"line":8,"column":45},"end":{"line":10,"column":1}},"line":8}},"branchMap":{},"s":{"0":0},"f":{"0":0},"b":{}}
,"/home/natan/Documentos/2021.1-Pro-Especies-UserInterface/src/components/RegularText/styles.tsx": {"path":"/home/natan/Documentos/2021.1-Pro-Especies-UserInterface/src/components/RegularText/styles.tsx","statementMap":{"0":{"start":{"line":4,"column":20},"end":{"line":9,"column":1}},"1":{"start":{"line":5,"column":32},"end":{"line":5,"column":51}},"2":{"start":{"line":8,"column":26},"end":{"line":8,"column":49}}},"fnMap":{"0":{"name":"(anonymous_0)","decl":{"start":{"line":5,"column":17},"end":{"line":5,"column":18}},"loc":{"start":{"line":5,"column":32},"end":{"line":5,"column":51}},"line":5},"1":{"name":"(anonymous_1)","decl":{"start":{"line":8,"column":11},"end":{"line":8,"column":12}},"loc":{"start":{"line":8,"column":26},"end":{"line":8,"column":49}},"line":8}},"branchMap":{},"s":{"0":0,"1":0,"2":0},"f":{"0":0,"1":0},"b":{}}
,"/home/natan/Documentos/2021.1-Pro-Especies-UserInterface/src/components/Title/index.tsx": {"path":"/home/natan/Documentos/2021.1-Pro-Especies-UserInterface/src/components/Title/index.tsx","statementMap":{"0":{"start":{"line":9,"column":2},"end":{"line":9,"column":29}}},"fnMap":{"0":{"name":"Title","decl":{"start":{"line":8,"column":16},"end":{"line":8,"column":21}},"loc":{"start":{"line":8,"column":39},"end":{"line":10,"column":1}},"line":8}},"branchMap":{},"s":{"0":0},"f":{"0":0},"b":{}}
,"/home/natan/Documentos/2021.1-Pro-Especies-UserInterface/src/components/Title/styles.tsx": {"path":"/home/natan/Documentos/2021.1-Pro-Especies-UserInterface/src/components/Title/styles.tsx","statementMap":{"0":{"start":{"line":4,"column":20},"end":{"line":10,"column":1}},"1":{"start":{"line":5,"column":32},"end":{"line":5,"column":51}},"2":{"start":{"line":8,"column":26},"end":{"line":8,"column":49}}},"fnMap":{"0":{"name":"(anonymous_0)","decl":{"start":{"line":5,"column":17},"end":{"line":5,"column":18}},"loc":{"start":{"line":5,"column":32},"end":{"line":5,"column":51}},"line":5},"1":{"name":"(anonymous_1)","decl":{"start":{"line":8,"column":11},"end":{"line":8,"column":12}},"loc":{"start":{"line":8,"column":26},"end":{"line":8,"column":49}},"line":8}},"branchMap":{},"s":{"0":0,"1":0,"2":0},"f":{"0":0,"1":0},"b":{}}
,"/home/natan/Documentos/2021.1-Pro-Especies-UserInterface/src/components/TopBar/index.tsx": {"path":"/home/natan/Documentos/2021.1-Pro-Especies-UserInterface/src/components/TopBar/index.tsx","statementMap":{"0":{"start":{"line":13,"column":2},"end":{"line":23,"column":4}}},"fnMap":{"0":{"name":"TopBar","decl":{"start":{"line":12,"column":16},"end":{"line":12,"column":22}},"loc":{"start":{"line":12,"column":73},"end":{"line":24,"column":1}},"line":12}},"branchMap":{},"s":{"0":0},"f":{"0":0},"b":{}}
,"/home/natan/Documentos/2021.1-Pro-Especies-UserInterface/src/components/TopBar/styles.ts": {"path":"/home/natan/Documentos/2021.1-Pro-Especies-UserInterface/src/components/TopBar/styles.ts","statementMap":{"0":{"start":{"line":5,"column":19},"end":{"line":13,"column":1}},"1":{"start":{"line":8,"column":37},"end":{"line":8,"column":63}},"2":{"start":{"line":14,"column":29},"end":{"line":18,"column":1}},"3":{"start":{"line":20,"column":26},"end":{"line":23,"column":1}},"4":{"start":{"line":24,"column":24},"end":{"line":27,"column":1}},"5":{"start":{"line":26,"column":32},"end":{"line":26,"column":48}},"6":{"start":{"line":29,"column":26},"end":{"line":33,"column":1}},"7":{"start":{"line":31,"column":32},"end":{"line":31,"column":50}}},"fnMap":{"0":{"name":"(anonymous_0)","decl":{"start":{"line":8,"column":22},"end":{"line":8,"column":23}},"loc":{"start":{"line":8,"column":37},"end":{"line":8,"column":63}},"line":8},"1":{"name":"(anonymous_1)","decl":{"start":{"line":26,"column":17},"end":{"line":26,"column":18}},"loc":{"start":{"line":26,"column":32},"end":{"line":26,"column":48}},"line":26},"2":{"name":"(anonymous_2)","decl":{"start":{"line":31,"column":17},"end":{"line":31,"column":18}},"loc":{"start":{"line":31,"column":32},"end":{"line":31,"column":50}},"line":31}},"branchMap":{},"s":{"0":0,"1":0,"2":0,"3":0,"4":0,"5":0,"6":0,"7":0},"f":{"0":0,"1":0,"2":0},"b":{}}
,"/home/natan/Documentos/2021.1-Pro-Especies-UserInterface/src/components/TouchableText/index.tsx": {"path":"/home/natan/Documentos/2021.1-Pro-Especies-UserInterface/src/components/TouchableText/index.tsx","statementMap":{"0":{"start":{"line":5,"column":42},"end":{"line":5,"column":56}},"1":{"start":{"line":8,"column":2},"end":{"line":8,"column":51}}},"fnMap":{"0":{"name":"TouchableText","decl":{"start":{"line":4,"column":16},"end":{"line":4,"column":29}},"loc":{"start":{"line":4,"column":32},"end":{"line":9,"column":1}},"line":4}},"branchMap":{},"s":{"0":0,"1":0},"f":{"0":0},"b":{}}
,"/home/natan/Documentos/2021.1-Pro-Especies-UserInterface/src/components/TouchableText/styles.tsx": {"path":"/home/natan/Documentos/2021.1-Pro-Especies-UserInterface/src/components/TouchableText/styles.tsx","statementMap":{"0":{"start":{"line":4,"column":25},"end":{"line":10,"column":1}},"1":{"start":{"line":6,"column":4},"end":{"line":7,"column":61}},"2":{"start":{"line":7,"column":6},"end":{"line":7,"column":61}},"3":{"start":{"line":11,"column":30},"end":{"line":15,"column":1}},"4":{"start":{"line":14,"column":37},"end":{"line":14,"column":59}}},"fnMap":{"0":{"name":"(anonymous_0)","decl":{"start":{"line":5,"column":17},"end":{"line":5,"column":18}},"loc":{"start":{"line":6,"column":4},"end":{"line":7,"column":61}},"line":6},"1":{"name":"(anonymous_1)","decl":{"start":{"line":6,"column":4},"end":{"line":6,"column":5}},"loc":{"start":{"line":7,"column":6},"end":{"line":7,"column":61}},"line":7},"2":{"name":"(anonymous_2)","decl":{"start":{"line":14,"column":22},"end":{"line":14,"column":23}},"loc":{"start":{"line":14,"column":37},"end":{"line":14,"column":59}},"line":14}},"branchMap":{"0":{"loc":{"start":{"line":7,"column":6},"end":{"line":7,"column":61}},"type":"cond-expr","locations":[{"start":{"line":7,"column":23},"end":{"line":7,"column":42}},{"start":{"line":7,"column":45},"end":{"line":7,"column":61}}],"line":7}},"s":{"0":0,"1":0,"2":0,"3":0,"4":0},"f":{"0":0,"1":0,"2":0},"b":{"0":[0,0]}}
,"/home/natan/Documentos/2021.1-Pro-Especies-UserInterface/src/components/TouchableTitle/index.tsx": {"path":"/home/natan/Documentos/2021.1-Pro-Especies-UserInterface/src/components/TouchableTitle/index.tsx","statementMap":{"0":{"start":{"line":5,"column":42},"end":{"line":5,"column":56}},"1":{"start":{"line":8,"column":2},"end":{"line":8,"column":28}}},"fnMap":{"0":{"name":"TouchableTitle","decl":{"start":{"line":4,"column":16},"end":{"line":4,"column":30}},"loc":{"start":{"line":4,"column":33},"end":{"line":9,"column":1}},"line":4}},"branchMap":{},"s":{"0":0,"1":0},"f":{"0":0},"b":{}}
,"/home/natan/Documentos/2021.1-Pro-Especies-UserInterface/src/components/TouchableTitle/styles.tsx": {"path":"/home/natan/Documentos/2021.1-Pro-Especies-UserInterface/src/components/TouchableTitle/styles.tsx","statementMap":{"0":{"start":{"line":3,"column":30},"end":{"line":5,"column":1}}},"fnMap":{},"branchMap":{},"s":{"0":0},"f":{},"b":{}}
,"/home/natan/Documentos/2021.1-Pro-Especies-UserInterface/src/components/TwoTouchablesContainer/index.tsx": {"path":"/home/natan/Documentos/2021.1-Pro-Especies-UserInterface/src/components/TwoTouchablesContainer/index.tsx","statementMap":{"0":{"start":{"line":15,"column":42},"end":{"line":15,"column":56}},"1":{"start":{"line":18,"column":2},"end":{"line":37,"column":4}},"2":{"start":{"line":22,"column":10},"end":{"line":22,"column":32}},"3":{"start":{"line":30,"column":10},"end":{"line":30,"column":33}}},"fnMap":{"0":{"name":"TwoTouchablesContainer","decl":{"start":{"line":14,"column":16},"end":{"line":14,"column":38}},"loc":{"start":{"line":14,"column":66},"end":{"line":38,"column":1}},"line":14},"1":{"name":"(anonymous_1)","decl":{"start":{"line":21,"column":17},"end":{"line":21,"column":18}},"loc":{"start":{"line":21,"column":23},"end":{"line":23,"column":9}},"line":21},"2":{"name":"(anonymous_2)","decl":{"start":{"line":29,"column":17},"end":{"line":29,"column":18}},"loc":{"start":{"line":29,"column":23},"end":{"line":31,"column":9}},"line":29}},"branchMap":{"0":{"loc":{"start":{"line":26,"column":9},"end":{"line":26,"column":49}},"type":"cond-expr","locations":[{"start":{"line":26,"column":24},"end":{"line":26,"column":42}},{"start":{"line":26,"column":45},"end":{"line":26,"column":49}}],"line":26},"1":{"loc":{"start":{"line":34,"column":9},"end":{"line":34,"column":49}},"type":"cond-expr","locations":[{"start":{"line":34,"column":24},"end":{"line":34,"column":28}},{"start":{"line":34,"column":31},"end":{"line":34,"column":49}}],"line":34}},"s":{"0":0,"1":0,"2":0,"3":0},"f":{"0":0,"1":0,"2":0},"b":{"0":[0,0],"1":[0,0]}}
,"/home/natan/Documentos/2021.1-Pro-Especies-UserInterface/src/components/TwoTouchablesContainer/styles.tsx": {"path":"/home/natan/Documentos/2021.1-Pro-Especies-UserInterface/src/components/TwoTouchablesContainer/styles.tsx","statementMap":{"0":{"start":{"line":4,"column":25},"end":{"line":7,"column":1}},"1":{"start":{"line":6,"column":37},"end":{"line":6,"column":60}},"2":{"start":{"line":9,"column":30},"end":{"line":14,"column":1}},"3":{"start":{"line":16,"column":30},"end":{"line":18,"column":1}},"4":{"start":{"line":20,"column":30},"end":{"line":24,"column":1}},"5":{"start":{"line":23,"column":37},"end":{"line":23,"column":59}},"6":{"start":{"line":26,"column":25},"end":{"line":32,"column":1}},"7":{"start":{"line":28,"column":4},"end":{"line":29,"column":61}},"8":{"start":{"line":29,"column":6},"end":{"line":29,"column":61}}},"fnMap":{"0":{"name":"(anonymous_0)","decl":{"start":{"line":6,"column":22},"end":{"line":6,"column":23}},"loc":{"start":{"line":6,"column":37},"end":{"line":6,"column":60}},"line":6},"1":{"name":"(anonymous_1)","decl":{"start":{"line":23,"column":22},"end":{"line":23,"column":23}},"loc":{"start":{"line":23,"column":37},"end":{"line":23,"column":59}},"line":23},"2":{"name":"(anonymous_2)","decl":{"start":{"line":27,"column":17},"end":{"line":27,"column":18}},"loc":{"start":{"line":28,"column":4},"end":{"line":29,"column":61}},"line":28},"3":{"name":"(anonymous_3)","decl":{"start":{"line":28,"column":4},"end":{"line":28,"column":5}},"loc":{"start":{"line":29,"column":6},"end":{"line":29,"column":61}},"line":29}},"branchMap":{"0":{"loc":{"start":{"line":29,"column":6},"end":{"line":29,"column":61}},"type":"cond-expr","locations":[{"start":{"line":29,"column":23},"end":{"line":29,"column":42}},{"start":{"line":29,"column":45},"end":{"line":29,"column":61}}],"line":29}},"s":{"0":0,"1":0,"2":0,"3":0,"4":0,"5":0,"6":0,"7":0,"8":0},"f":{"0":0,"1":0,"2":0,"3":0},"b":{"0":[0,0]}}
,"/home/natan/Documentos/2021.1-Pro-Especies-UserInterface/src/components/Wiki/index.tsx": {"path":"/home/natan/Documentos/2021.1-Pro-Especies-UserInterface/src/components/Wiki/index.tsx","statementMap":{"0":{"start":{"line":18,"column":20},"end":{"line":140,"column":1}},"1":{"start":{"line":23,"column":40},"end":{"line":23,"column":58}},"2":{"start":{"line":24,"column":30},"end":{"line":24,"column":51}},"3":{"start":{"line":25,"column":36},"end":{"line":25,"column":50}},"4":{"start":{"line":27,"column":23},"end":{"line":35,"column":3}},"5":{"start":{"line":28,"column":4},"end":{"line":33,"column":5}},"6":{"start":{"line":29,"column":19},"end":{"line":29,"column":51}},"7":{"start":{"line":30,"column":6},"end":{"line":30,"column":22}},"8":{"start":{"line":32,"column":6},"end":{"line":32,"column":25}},"9":{"start":{"line":34,"column":4},"end":{"line":34,"column":24}},"10":{"start":{"line":37,"column":27},"end":{"line":44,"column":3}},"11":{"start":{"line":38,"column":4},"end":{"line":43,"column":6}},"12":{"start":{"line":46,"column":2},"end":{"line":48,"column":9}},"13":{"start":{"line":47,"column":4},"end":{"line":47,"column":19}},"14":{"start":{"line":50,"column":2},"end":{"line":139,"column":4}},"15":{"start":{"line":70,"column":12},"end":{"line":80,"column":13}},"16":{"start":{"line":79,"column":14},"end":{"line":79,"column":26}},"17":{"start":{"line":84,"column":16},"end":{"line":94,"column":17}},"18":{"start":{"line":93,"column":18},"end":{"line":93,"column":30}}},"fnMap":{"0":{"name":"(anonymous_0)","decl":{"start":{"line":18,"column":20},"end":{"line":18,"column":21}},"loc":{"start":{"line":22,"column":5},"end":{"line":140,"column":1}},"line":22},"1":{"name":"(anonymous_1)","decl":{"start":{"line":27,"column":23},"end":{"line":27,"column":24}},"loc":{"start":{"line":27,"column":35},"end":{"line":35,"column":3}},"line":27},"2":{"name":"(anonymous_2)","decl":{"start":{"line":37,"column":27},"end":{"line":37,"column":28}},"loc":{"start":{"line":37,"column":43},"end":{"line":44,"column":3}},"line":37},"3":{"name":"(anonymous_3)","decl":{"start":{"line":46,"column":12},"end":{"line":46,"column":13}},"loc":{"start":{"line":46,"column":18},"end":{"line":48,"column":3}},"line":46},"4":{"name":"(anonymous_4)","decl":{"start":{"line":69,"column":25},"end":{"line":69,"column":26}},"loc":{"start":{"line":69,"column":33},"end":{"line":81,"column":11}},"line":69},"5":{"name":"(anonymous_5)","decl":{"start":{"line":83,"column":38},"end":{"line":83,"column":39}},"loc":{"start":{"line":83,"column":46},"end":{"line":95,"column":15}},"line":83}},"branchMap":{"0":{"loc":{"start":{"line":52,"column":7},"end":{"line":136,"column":7}},"type":"cond-expr","locations":[{"start":{"line":53,"column":8},"end":{"line":53,"column":58}},{"start":{"line":55,"column":8},"end":{"line":135,"column":11}}],"line":52},"1":{"loc":{"start":{"line":69,"column":11},"end":{"line":134,"column":11}},"type":"cond-expr","locations":[{"start":{"line":82,"column":12},"end":{"line":98,"column":14}},{"start":{"line":100,"column":12},"end":{"line":132,"column":32}}],"line":69},"2":{"loc":{"start":{"line":70,"column":12},"end":{"line":80,"column":13}},"type":"if","locations":[{"start":{"line":70,"column":12},"end":{"line":80,"column":13}},{"start":{},"end":{}}],"line":70},"3":{"loc":{"start":{"line":71,"column":14},"end":{"line":77,"column":59}},"type":"binary-expr","locations":[{"start":{"line":71,"column":14},"end":{"line":71,"column":26}},{"start":{"line":72,"column":14},"end":{"line":74,"column":59}},{"start":{"line":75,"column":14},"end":{"line":77,"column":59}}],"line":71},"4":{"loc":{"start":{"line":84,"column":16},"end":{"line":94,"column":17}},"type":"if","locations":[{"start":{"line":84,"column":16},"end":{"line":94,"column":17}},{"start":{},"end":{}}],"line":84},"5":{"loc":{"start":{"line":85,"column":18},"end":{"line":91,"column":63}},"type":"binary-expr","locations":[{"start":{"line":85,"column":18},"end":{"line":85,"column":30}},{"start":{"line":86,"column":18},"end":{"line":88,"column":63}},{"start":{"line":89,"column":18},"end":{"line":91,"column":63}}],"line":85},"6":{"loc":{"start":{"line":102,"column":15},"end":{"line":131,"column":15}},"type":"cond-expr","locations":[{"start":{"line":103,"column":16},"end":{"line":109,"column":19}},{"start":{"line":112,"column":16},"end":{"line":130,"column":17}}],"line":102},"7":{"loc":{"start":{"line":112,"column":16},"end":{"line":130,"column":17}},"type":"cond-expr","locations":[{"start":{"line":114,"column":18},"end":{"line":120,"column":21}},{"start":{"line":123,"column":18},"end":{"line":129,"column":21}}],"line":112}},"s":{"0":0,"1":0,"2":0,"3":0,"4":0,"5":0,"6":0,"7":0,"8":0,"9":0,"10":0,"11":0,"12":0,"13":0,"14":0,"15":0,"16":0,"17":0,"18":0},"f":{"0":0,"1":0,"2":0,"3":0,"4":0,"5":0},"b":{"0":[0,0],"1":[0,0],"2":[0,0],"3":[0,0,0],"4":[0,0],"5":[0,0,0],"6":[0,0],"7":[0,0]}}
,"/home/natan/Documentos/2021.1-Pro-Especies-UserInterface/src/components/Wiki/styles.ts": {"path":"/home/natan/Documentos/2021.1-Pro-Especies-UserInterface/src/components/Wiki/styles.ts","statementMap":{"0":{"start":{"line":7,"column":29},"end":{"line":10,"column":1}},"1":{"start":{"line":9,"column":37},"end":{"line":9,"column":60}},"2":{"start":{"line":12,"column":34},"end":{"line":18,"column":1}},"3":{"start":{"line":16,"column":37},"end":{"line":16,"column":63}},"4":{"start":{"line":17,"column":37},"end":{"line":17,"column":60}},"5":{"start":{"line":20,"column":33},"end":{"line":22,"column":1}},"6":{"start":{"line":24,"column":28},"end":{"line":31,"column":1}},"7":{"start":{"line":30,"column":37},"end":{"line":30,"column":60}},"8":{"start":{"line":32,"column":30},"end":{"line":38,"column":1}},"9":{"start":{"line":40,"column":30},"end":{"line":42,"column":1}},"10":{"start":{"line":44,"column":30},"end":{"line":48,"column":1}},"11":{"start":{"line":47,"column":37},"end":{"line":47,"column":59}},"12":{"start":{"line":50,"column":25},"end":{"line":56,"column":1}},"13":{"start":{"line":52,"column":4},"end":{"line":53,"column":53}},"14":{"start":{"line":53,"column":6},"end":{"line":53,"column":53}},"15":{"start":{"line":58,"column":33},"end":{"line":63,"column":1}},"16":{"start":{"line":65,"column":24},"end":{"line":71,"column":1}},"17":{"start":{"line":66,"column":32},"end":{"line":66,"column":48}},"18":{"start":{"line":73,"column":27},"end":{"line":79,"column":1}},"19":{"start":{"line":74,"column":32},"end":{"line":74,"column":51}},"20":{"start":{"line":81,"column":27},"end":{"line":86,"column":1}},"21":{"start":{"line":88,"column":22},"end":{"line":90,"column":1}}},"fnMap":{"0":{"name":"(anonymous_0)","decl":{"start":{"line":9,"column":22},"end":{"line":9,"column":23}},"loc":{"start":{"line":9,"column":37},"end":{"line":9,"column":60}},"line":9},"1":{"name":"(anonymous_1)","decl":{"start":{"line":16,"column":22},"end":{"line":16,"column":23}},"loc":{"start":{"line":16,"column":37},"end":{"line":16,"column":63}},"line":16},"2":{"name":"(anonymous_2)","decl":{"start":{"line":17,"column":22},"end":{"line":17,"column":23}},"loc":{"start":{"line":17,"column":37},"end":{"line":17,"column":60}},"line":17},"3":{"name":"(anonymous_3)","decl":{"start":{"line":30,"column":22},"end":{"line":30,"column":23}},"loc":{"start":{"line":30,"column":37},"end":{"line":30,"column":60}},"line":30},"4":{"name":"(anonymous_4)","decl":{"start":{"line":47,"column":22},"end":{"line":47,"column":23}},"loc":{"start":{"line":47,"column":37},"end":{"line":47,"column":59}},"line":47},"5":{"name":"(anonymous_5)","decl":{"start":{"line":51,"column":17},"end":{"line":51,"column":18}},"loc":{"start":{"line":52,"column":4},"end":{"line":53,"column":53}},"line":52},"6":{"name":"(anonymous_6)","decl":{"start":{"line":52,"column":4},"end":{"line":52,"column":5}},"loc":{"start":{"line":53,"column":6},"end":{"line":53,"column":53}},"line":53},"7":{"name":"(anonymous_7)","decl":{"start":{"line":66,"column":17},"end":{"line":66,"column":18}},"loc":{"start":{"line":66,"column":32},"end":{"line":66,"column":48}},"line":66},"8":{"name":"(anonymous_8)","decl":{"start":{"line":74,"column":17},"end":{"line":74,"column":18}},"loc":{"start":{"line":74,"column":32},"end":{"line":74,"column":51}},"line":74}},"branchMap":{"0":{"loc":{"start":{"line":53,"column":6},"end":{"line":53,"column":53}},"type":"cond-expr","locations":[{"start":{"line":53,"column":15},"end":{"line":53,"column":34}},{"start":{"line":53,"column":37},"end":{"line":53,"column":53}}],"line":53}},"s":{"0":0,"1":0,"2":0,"3":0,"4":0,"5":0,"6":0,"7":0,"8":0,"9":0,"10":0,"11":0,"12":0,"13":0,"14":0,"15":0,"16":0,"17":0,"18":0,"19":0,"20":0,"21":0},"f":{"0":0,"1":0,"2":0,"3":0,"4":0,"5":0,"6":0,"7":0,"8":0},"b":{"0":[0,0]}}
,"/home/natan/Documentos/2021.1-Pro-Especies-UserInterface/src/contexts/authContext.tsx": {"path":"/home/natan/Documentos/2021.1-Pro-Especies-UserInterface/src/contexts/authContext.tsx","statementMap":{"0":{"start":{"line":17,"column":20},"end":{"line":17,"column":67}},"1":{"start":{"line":19,"column":53},"end":{"line":82,"column":1}},"2":{"start":{"line":20,"column":44},"end":{"line":20,"column":75}},"3":{"start":{"line":21,"column":30},"end":{"line":21,"column":42}},"4":{"start":{"line":24,"column":18},"end":{"line":24,"column":65}},"5":{"start":{"line":25,"column":20},"end":{"line":25,"column":68}},"6":{"start":{"line":26,"column":22},"end":{"line":26,"column":73}},"7":{"start":{"line":28,"column":4},"end":{"line":28,"column":41}},"8":{"start":{"line":30,"column":28},"end":{"line":39,"column":3}},"9":{"start":{"line":31,"column":19},"end":{"line":31,"column":36}},"10":{"start":{"line":32,"column":4},"end":{"line":38,"column":5}},"11":{"start":{"line":33,"column":6},"end":{"line":33,"column":76}},"12":{"start":{"line":34,"column":6},"end":{"line":34,"column":29}},"13":{"start":{"line":35,"column":6},"end":{"line":35,"column":48}},"14":{"start":{"line":37,"column":6},"end":{"line":37,"column":30}},"15":{"start":{"line":40,"column":2},"end":{"line":42,"column":9}},"16":{"start":{"line":41,"column":4},"end":{"line":41,"column":24}},"17":{"start":{"line":45,"column":4},"end":{"line":60,"column":5}},"18":{"start":{"line":46,"column":21},"end":{"line":46,"column":53}},"19":{"start":{"line":48,"column":6},"end":{"line":48,"column":73}},"20":{"start":{"line":49,"column":6},"end":{"line":49,"column":71}},"21":{"start":{"line":50,"column":6},"end":{"line":53,"column":8}},"22":{"start":{"line":54,"column":6},"end":{"line":54,"column":81}},"23":{"start":{"line":55,"column":6},"end":{"line":55,"column":29}},"24":{"start":{"line":56,"column":6},"end":{"line":56,"column":32}},"25":{"start":{"line":57,"column":6},"end":{"line":57,"column":20}},"26":{"start":{"line":59,"column":6},"end":{"line":59,"column":19}},"27":{"start":{"line":64,"column":4},"end":{"line":64,"column":28}},"28":{"start":{"line":65,"column":4},"end":{"line":65,"column":18}},"29":{"start":{"line":66,"column":4},"end":{"line":66,"column":25}},"30":{"start":{"line":67,"column":4},"end":{"line":67,"column":59}},"31":{"start":{"line":70,"column":2},"end":{"line":81,"column":4}},"32":{"start":{"line":84,"column":23},"end":{"line":84,"column":52}},"33":{"start":{"line":84,"column":29},"end":{"line":84,"column":52}}},"fnMap":{"0":{"name":"(anonymous_0)","decl":{"start":{"line":19,"column":53},"end":{"line":19,"column":54}},"loc":{"start":{"line":19,"column":71},"end":{"line":82,"column":1}},"line":19},"1":{"name":"getValues","decl":{"start":{"line":23,"column":17},"end":{"line":23,"column":26}},"loc":{"start":{"line":23,"column":29},"end":{"line":29,"column":3}},"line":23},"2":{"name":"(anonymous_2)","decl":{"start":{"line":30,"column":28},"end":{"line":30,"column":29}},"loc":{"start":{"line":30,"column":40},"end":{"line":39,"column":3}},"line":30},"3":{"name":"(anonymous_3)","decl":{"start":{"line":40,"column":12},"end":{"line":40,"column":13}},"loc":{"start":{"line":40,"column":18},"end":{"line":42,"column":3}},"line":40},"4":{"name":"signIn","decl":{"start":{"line":44,"column":17},"end":{"line":44,"column":23}},"loc":{"start":{"line":44,"column":57},"end":{"line":61,"column":3}},"line":44},"5":{"name":"signOut","decl":{"start":{"line":63,"column":17},"end":{"line":63,"column":24}},"loc":{"start":{"line":63,"column":27},"end":{"line":68,"column":3}},"line":63},"6":{"name":"(anonymous_6)","decl":{"start":{"line":84,"column":23},"end":{"line":84,"column":24}},"loc":{"start":{"line":84,"column":29},"end":{"line":84,"column":52}},"line":84}},"branchMap":{"0":{"loc":{"start":{"line":32,"column":4},"end":{"line":38,"column":5}},"type":"if","locations":[{"start":{"line":32,"column":4},"end":{"line":38,"column":5}},{"start":{"line":36,"column":11},"end":{"line":38,"column":5}}],"line":32},"1":{"loc":{"start":{"line":32,"column":8},"end":{"line":32,"column":38}},"type":"binary-expr","locations":[{"start":{"line":32,"column":8},"end":{"line":32,"column":20}},{"start":{"line":32,"column":24},"end":{"line":32,"column":38}}],"line":32}},"s":{"0":0,"1":0,"2":0,"3":0,"4":0,"5":0,"6":0,"7":0,"8":0,"9":0,"10":0,"11":0,"12":0,"13":0,"14":0,"15":0,"16":0,"17":0,"18":0,"19":0,"20":0,"21":0,"22":0,"23":0,"24":0,"25":0,"26":0,"27":0,"28":0,"29":0,"30":0,"31":0,"32":0,"33":0},"f":{"0":0,"1":0,"2":0,"3":0,"4":0,"5":0,"6":0},"b":{"0":[0,0],"1":[0,0]}}
,"/home/natan/Documentos/2021.1-Pro-Especies-UserInterface/src/global/styles/styled.d.ts": {"path":"/home/natan/Documentos/2021.1-Pro-Especies-UserInterface/src/global/styles/styled.d.ts","statementMap":{},"fnMap":{},"branchMap":{},"s":{},"f":{},"b":{}}
,"/home/natan/Documentos/2021.1-Pro-Especies-UserInterface/src/global/styles/theme.ts": {"path":"/home/natan/Documentos/2021.1-Pro-Especies-UserInterface/src/global/styles/theme.ts","statementMap":{},"fnMap":{},"branchMap":{},"s":{},"f":{},"b":{},"_coverageSchema":"1a1c01bbd47fc00a2c39e90264f33305004495a9","hash":"111cd08428a98d453b281c57f4f27f8a6d9946d8"}
,"/home/natan/Documentos/2021.1-Pro-Especies-UserInterface/src/navigation/navigation.tsx": {"path":"/home/natan/Documentos/2021.1-Pro-Especies-UserInterface/src/navigation/navigation.tsx","statementMap":{"0":{"start":{"line":17,"column":26},"end":{"line":17,"column":54}},"1":{"start":{"line":19,"column":14},"end":{"line":19,"column":42}},"2":{"start":{"line":21,"column":19},"end":{"line":64,"column":1}},"3":{"start":{"line":22,"column":2},"end":{"line":63,"column":4}},"4":{"start":{"line":46,"column":33},"end":{"line":49,"column":9}},"5":{"start":{"line":65,"column":18},"end":{"line":92,"column":1}},"6":{"start":{"line":66,"column":2},"end":{"line":91,"column":4}},"7":{"start":{"line":95,"column":28},"end":{"line":95,"column":37}},"8":{"start":{"line":96,"column":2},"end":{"line":96,"column":56}}},"fnMap":{"0":{"name":"(anonymous_0)","decl":{"start":{"line":21,"column":19},"end":{"line":21,"column":20}},"loc":{"start":{"line":21,"column":25},"end":{"line":64,"column":1}},"line":21},"1":{"name":"(anonymous_1)","decl":{"start":{"line":46,"column":17},"end":{"line":46,"column":18}},"loc":{"start":{"line":46,"column":33},"end":{"line":49,"column":9}},"line":46},"2":{"name":"(anonymous_2)","decl":{"start":{"line":65,"column":18},"end":{"line":65,"column":19}},"loc":{"start":{"line":65,"column":24},"end":{"line":92,"column":1}},"line":65},"3":{"name":"Navigation","decl":{"start":{"line":94,"column":24},"end":{"line":94,"column":34}},"loc":{"start":{"line":94,"column":37},"end":{"line":97,"column":1}},"line":94}},"branchMap":{"0":{"loc":{"start":{"line":96,"column":9},"end":{"line":96,"column":55}},"type":"cond-expr","locations":[{"start":{"line":96,"column":25},"end":{"line":96,"column":39}},{"start":{"line":96,"column":42},"end":{"line":96,"column":55}}],"line":96}},"s":{"0":0,"1":0,"2":0,"3":0,"4":0,"5":0,"6":0,"7":0,"8":0},"f":{"0":0,"1":0,"2":0,"3":0},"b":{"0":[0,0]}}
,"/home/natan/Documentos/2021.1-Pro-Especies-UserInterface/src/screens/Drafts/index.tsx": {"path":"/home/natan/Documentos/2021.1-Pro-Especies-UserInterface/src/screens/Drafts/index.tsx","statementMap":{"0":{"start":{"line":6,"column":22},"end":{"line":37,"column":1}},"1":{"start":{"line":7,"column":38},"end":{"line":7,"column":62}},"2":{"start":{"line":8,"column":22},"end":{"line":12,"column":5}},"3":{"start":{"line":9,"column":27},"end":{"line":9,"column":63}},"4":{"start":{"line":10,"column":8},"end":{"line":11,"column":63}},"5":{"start":{"line":11,"column":12},"end":{"line":11,"column":63}},"6":{"start":{"line":14,"column":29},"end":{"line":22,"column":5}},"7":{"start":{"line":15,"column":8},"end":{"line":21,"column":11}},"8":{"start":{"line":24,"column":4},"end":{"line":26,"column":11}},"9":{"start":{"line":25,"column":8},"end":{"line":25,"column":19}},"10":{"start":{"line":27,"column":4},"end":{"line":35,"column":5}}},"fnMap":{"0":{"name":"(anonymous_0)","decl":{"start":{"line":6,"column":22},"end":{"line":6,"column":23}},"loc":{"start":{"line":6,"column":54},"end":{"line":37,"column":1}},"line":6},"1":{"name":"(anonymous_1)","decl":{"start":{"line":8,"column":22},"end":{"line":8,"column":23}},"loc":{"start":{"line":8,"column":34},"end":{"line":12,"column":5}},"line":8},"2":{"name":"(anonymous_2)","decl":{"start":{"line":14,"column":29},"end":{"line":14,"column":30}},"loc":{"start":{"line":14,"column":45},"end":{"line":22,"column":5}},"line":14},"3":{"name":"(anonymous_3)","decl":{"start":{"line":24,"column":14},"end":{"line":24,"column":15}},"loc":{"start":{"line":24,"column":20},"end":{"line":26,"column":5}},"line":24}},"branchMap":{"0":{"loc":{"start":{"line":10,"column":8},"end":{"line":11,"column":63}},"type":"if","locations":[{"start":{"line":10,"column":8},"end":{"line":11,"column":63}},{"start":{},"end":{}}],"line":10},"1":{"loc":{"start":{"line":10,"column":12},"end":{"line":10,"column":44}},"type":"binary-expr","locations":[{"start":{"line":10,"column":12},"end":{"line":10,"column":22}},{"start":{"line":10,"column":26},"end":{"line":10,"column":44}}],"line":10}},"s":{"0":0,"1":0,"2":0,"3":0,"4":0,"5":0,"6":0,"7":0,"8":0,"9":0,"10":0},"f":{"0":0,"1":0,"2":0,"3":0},"b":{"0":[0,0],"1":[0,0]}}
,"/home/natan/Documentos/2021.1-Pro-Especies-UserInterface/src/screens/Drafts/styles.ts": {"path":"/home/natan/Documentos/2021.1-Pro-Especies-UserInterface/src/screens/Drafts/styles.ts","statementMap":{"0":{"start":{"line":3,"column":31},"end":{"line":7,"column":1}}},"fnMap":{},"branchMap":{},"s":{"0":0},"f":{},"b":{}}
,"/home/natan/Documentos/2021.1-Pro-Especies-UserInterface/src/screens/HomeScreen/index.tsx": {"path":"/home/natan/Documentos/2021.1-Pro-Especies-UserInterface/src/screens/HomeScreen/index.tsx","statementMap":{"0":{"start":{"line":20,"column":28},"end":{"line":20,"column":37}},"1":{"start":{"line":21,"column":2},"end":{"line":27,"column":22}},"2":{"start":{"line":22,"column":4},"end":{"line":26,"column":5}},"3":{"start":{"line":23,"column":6},"end":{"line":25,"column":9}},"4":{"start":{"line":28,"column":2},"end":{"line":63,"column":4}},"5":{"start":{"line":41,"column":37},"end":{"line":43,"column":8}},"6":{"start":{"line":50,"column":43},"end":{"line":50,"column":74}},"7":{"start":{"line":57,"column":43},"end":{"line":57,"column":71}}},"fnMap":{"0":{"name":"Home","decl":{"start":{"line":19,"column":24},"end":{"line":19,"column":28}},"loc":{"start":{"line":19,"column":50},"end":{"line":64,"column":1}},"line":19},"1":{"name":"(anonymous_1)","decl":{"start":{"line":21,"column":12},"end":{"line":21,"column":13}},"loc":{"start":{"line":21,"column":18},"end":{"line":27,"column":3}},"line":21},"2":{"name":"(anonymous_2)","decl":{"start":{"line":41,"column":31},"end":{"line":41,"column":32}},"loc":{"start":{"line":41,"column":37},"end":{"line":43,"column":8}},"line":41},"3":{"name":"(anonymous_3)","decl":{"start":{"line":50,"column":37},"end":{"line":50,"column":38}},"loc":{"start":{"line":50,"column":43},"end":{"line":50,"column":74}},"line":50},"4":{"name":"(anonymous_4)","decl":{"start":{"line":57,"column":37},"end":{"line":57,"column":38}},"loc":{"start":{"line":57,"column":43},"end":{"line":57,"column":71}},"line":57}},"branchMap":{"0":{"loc":{"start":{"line":22,"column":4},"end":{"line":26,"column":5}},"type":"if","locations":[{"start":{"line":22,"column":4},"end":{"line":26,"column":5}},{"start":{},"end":{}}],"line":22}},"s":{"0":0,"1":0,"2":0,"3":0,"4":0,"5":0,"6":0,"7":0},"f":{"0":0,"1":0,"2":0,"3":0,"4":0},"b":{"0":[0,0]}}
,"/home/natan/Documentos/2021.1-Pro-Especies-UserInterface/src/screens/HomeScreen/styles.ts": {"path":"/home/natan/Documentos/2021.1-Pro-Especies-UserInterface/src/screens/HomeScreen/styles.ts","statementMap":{"0":{"start":{"line":4,"column":29},"end":{"line":10,"column":1}},"1":{"start":{"line":8,"column":37},"end":{"line":8,"column":60}},"2":{"start":{"line":11,"column":33},"end":{"line":14,"column":1}},"3":{"start":{"line":15,"column":28},"end":{"line":19,"column":1}},"4":{"start":{"line":20,"column":28},"end":{"line":25,"column":1}},"5":{"start":{"line":21,"column":32},"end":{"line":21,"column":51}},"6":{"start":{"line":24,"column":26},"end":{"line":24,"column":52}},"7":{"start":{"line":26,"column":32},"end":{"line":29,"column":1}},"8":{"start":{"line":28,"column":26},"end":{"line":28,"column":46}},"9":{"start":{"line":30,"column":31},"end":{"line":37,"column":1}},"10":{"start":{"line":31,"column":32},"end":{"line":31,"column":48}},"11":{"start":{"line":34,"column":26},"end":{"line":34,"column":52}},"12":{"start":{"line":38,"column":30},"end":{"line":48,"column":1}},"13":{"start":{"line":41,"column":37},"end":{"line":41,"column":64}},"14":{"start":{"line":49,"column":28},"end":{"line":55,"column":1}},"15":{"start":{"line":50,"column":32},"end":{"line":50,"column":48}},"16":{"start":{"line":53,"column":26},"end":{"line":53,"column":49}},"17":{"start":{"line":56,"column":34},"end":{"line":58,"column":1}},"18":{"start":{"line":59,"column":35},"end":{"line":62,"column":1}},"19":{"start":{"line":63,"column":31},"end":{"line":68,"column":1}},"20":{"start":{"line":64,"column":32},"end":{"line":64,"column":51}},"21":{"start":{"line":67,"column":26},"end":{"line":67,"column":52}},"22":{"start":{"line":69,"column":27},"end":{"line":74,"column":1}},"23":{"start":{"line":70,"column":32},"end":{"line":70,"column":48}},"24":{"start":{"line":73,"column":26},"end":{"line":73,"column":52}}},"fnMap":{"0":{"name":"(anonymous_0)","decl":{"start":{"line":8,"column":22},"end":{"line":8,"column":23}},"loc":{"start":{"line":8,"column":37},"end":{"line":8,"column":60}},"line":8},"1":{"name":"(anonymous_1)","decl":{"start":{"line":21,"column":17},"end":{"line":21,"column":18}},"loc":{"start":{"line":21,"column":32},"end":{"line":21,"column":51}},"line":21},"2":{"name":"(anonymous_2)","decl":{"start":{"line":24,"column":11},"end":{"line":24,"column":12}},"loc":{"start":{"line":24,"column":26},"end":{"line":24,"column":52}},"line":24},"3":{"name":"(anonymous_3)","decl":{"start":{"line":28,"column":11},"end":{"line":28,"column":12}},"loc":{"start":{"line":28,"column":26},"end":{"line":28,"column":46}},"line":28},"4":{"name":"(anonymous_4)","decl":{"start":{"line":31,"column":17},"end":{"line":31,"column":18}},"loc":{"start":{"line":31,"column":32},"end":{"line":31,"column":48}},"line":31},"5":{"name":"(anonymous_5)","decl":{"start":{"line":34,"column":11},"end":{"line":34,"column":12}},"loc":{"start":{"line":34,"column":26},"end":{"line":34,"column":52}},"line":34},"6":{"name":"(anonymous_6)","decl":{"start":{"line":41,"column":22},"end":{"line":41,"column":23}},"loc":{"start":{"line":41,"column":37},"end":{"line":41,"column":64}},"line":41},"7":{"name":"(anonymous_7)","decl":{"start":{"line":50,"column":17},"end":{"line":50,"column":18}},"loc":{"start":{"line":50,"column":32},"end":{"line":50,"column":48}},"line":50},"8":{"name":"(anonymous_8)","decl":{"start":{"line":53,"column":11},"end":{"line":53,"column":12}},"loc":{"start":{"line":53,"column":26},"end":{"line":53,"column":49}},"line":53},"9":{"name":"(anonymous_9)","decl":{"start":{"line":64,"column":17},"end":{"line":64,"column":18}},"loc":{"start":{"line":64,"column":32},"end":{"line":64,"column":51}},"line":64},"10":{"name":"(anonymous_10)","decl":{"start":{"line":67,"column":11},"end":{"line":67,"column":12}},"loc":{"start":{"line":67,"column":26},"end":{"line":67,"column":52}},"line":67},"11":{"name":"(anonymous_11)","decl":{"start":{"line":70,"column":17},"end":{"line":70,"column":18}},"loc":{"start":{"line":70,"column":32},"end":{"line":70,"column":48}},"line":70},"12":{"name":"(anonymous_12)","decl":{"start":{"line":73,"column":11},"end":{"line":73,"column":12}},"loc":{"start":{"line":73,"column":26},"end":{"line":73,"column":52}},"line":73}},"branchMap":{},"s":{"0":0,"1":0,"2":0,"3":0,"4":0,"5":0,"6":0,"7":0,"8":0,"9":0,"10":0,"11":0,"12":0,"13":0,"14":0,"15":0,"16":0,"17":0,"18":0,"19":0,"20":0,"21":0,"22":0,"23":0,"24":0},"f":{"0":0,"1":0,"2":0,"3":0,"4":0,"5":0,"6":0,"7":0,"8":0,"9":0,"10":0,"11":0,"12":0},"b":{}}
,"/home/natan/Documentos/2021.1-Pro-Especies-UserInterface/src/screens/Login/index.tsx": {"path":"/home/natan/Documentos/2021.1-Pro-Especies-UserInterface/src/screens/Login/index.tsx","statementMap":{"0":{"start":{"line":24,"column":46},"end":{"line":24,"column":76}},"1":{"start":{"line":25,"column":52},"end":{"line":25,"column":66}},"2":{"start":{"line":26,"column":66},"end":{"line":28,"column":3}},"3":{"start":{"line":29,"column":42},"end":{"line":29,"column":72}},"4":{"start":{"line":30,"column":36},"end":{"line":30,"column":45}},"5":{"start":{"line":32,"column":22},"end":{"line":53,"column":3}},"6":{"start":{"line":33,"column":23},"end":{"line":33,"column":25}},"7":{"start":{"line":34,"column":4},"end":{"line":45,"column":5}},"8":{"start":{"line":35,"column":6},"end":{"line":35,"column":33}},"9":{"start":{"line":36,"column":18},"end":{"line":36,"column":60}},"10":{"start":{"line":38,"column":6},"end":{"line":42,"column":52}},"11":{"start":{"line":39,"column":8},"end":{"line":39,"column":44}},"12":{"start":{"line":40,"column":8},"end":{"line":40,"column":53}},"13":{"start":{"line":41,"column":13},"end":{"line":42,"column":52}},"14":{"start":{"line":41,"column":46},"end":{"line":41,"column":74}},"15":{"start":{"line":42,"column":11},"end":{"line":42,"column":52}},"16":{"start":{"line":44,"column":6},"end":{"line":44,"column":80}},"17":{"start":{"line":46,"column":4},"end":{"line":52,"column":5}},"18":{"start":{"line":47,"column":6},"end":{"line":51,"column":9}},"19":{"start":{"line":55,"column":2},"end":{"line":96,"column":4}},"20":{"start":{"line":90,"column":43},"end":{"line":90,"column":74}}},"fnMap":{"0":{"name":"Login","decl":{"start":{"line":23,"column":24},"end":{"line":23,"column":29}},"loc":{"start":{"line":23,"column":51},"end":{"line":97,"column":1}},"line":23},"1":{"name":"(anonymous_1)","decl":{"start":{"line":32,"column":22},"end":{"line":32,"column":23}},"loc":{"start":{"line":32,"column":34},"end":{"line":53,"column":3}},"line":32},"2":{"name":"(anonymous_2)","decl":{"start":{"line":90,"column":37},"end":{"line":90,"column":38}},"loc":{"start":{"line":90,"column":43},"end":{"line":90,"column":74}},"line":90}},"branchMap":{"0":{"loc":{"start":{"line":34,"column":4},"end":{"line":45,"column":5}},"type":"if","locations":[{"start":{"line":34,"column":4},"end":{"line":45,"column":5}},{"start":{"line":43,"column":11},"end":{"line":45,"column":5}}],"line":34},"1":{"loc":{"start":{"line":34,"column":8},"end":{"line":34,"column":38}},"type":"binary-expr","locations":[{"start":{"line":34,"column":8},"end":{"line":34,"column":22}},{"start":{"line":34,"column":26},"end":{"line":34,"column":38}}],"line":34},"2":{"loc":{"start":{"line":38,"column":6},"end":{"line":42,"column":52}},"type":"if","locations":[{"start":{"line":38,"column":6},"end":{"line":42,"column":52}},{"start":{"line":41,"column":13},"end":{"line":42,"column":52}}],"line":38},"3":{"loc":{"start":{"line":41,"column":13},"end":{"line":42,"column":52}},"type":"if","locations":[{"start":{"line":41,"column":13},"end":{"line":42,"column":52}},{"start":{"line":42,"column":11},"end":{"line":42,"column":52}}],"line":41},"4":{"loc":{"start":{"line":46,"column":4},"end":{"line":52,"column":5}},"type":"if","locations":[{"start":{"line":46,"column":4},"end":{"line":52,"column":5}},{"start":{},"end":{}}],"line":46},"5":{"loc":{"start":{"line":71,"column":9},"end":{"line":75,"column":9}},"type":"cond-expr","locations":[{"start":{"line":72,"column":10},"end":{"line":72,"column":22}},{"start":{"line":74,"column":10},"end":{"line":74,"column":65}}],"line":71}},"s":{"0":0,"1":0,"2":0,"3":0,"4":0,"5":0,"6":0,"7":0,"8":0,"9":0,"10":0,"11":0,"12":0,"13":0,"14":0,"15":0,"16":0,"17":0,"18":0,"19":0,"20":0},"f":{"0":0,"1":0,"2":0},"b":{"0":[0,0],"1":[0,0],"2":[0,0],"3":[0,0],"4":[0,0],"5":[0,0]}}
,"/home/natan/Documentos/2021.1-Pro-Especies-UserInterface/src/screens/Login/styles.ts": {"path":"/home/natan/Documentos/2021.1-Pro-Especies-UserInterface/src/screens/Login/styles.ts","statementMap":{"0":{"start":{"line":4,"column":25},"end":{"line":9,"column":1}},"1":{"start":{"line":8,"column":37},"end":{"line":8,"column":60}},"2":{"start":{"line":11,"column":33},"end":{"line":15,"column":1}},"3":{"start":{"line":16,"column":28},"end":{"line":20,"column":1}},"4":{"start":{"line":21,"column":28},"end":{"line":26,"column":1}},"5":{"start":{"line":22,"column":32},"end":{"line":22,"column":51}},"6":{"start":{"line":25,"column":26},"end":{"line":25,"column":52}},"7":{"start":{"line":27,"column":32},"end":{"line":30,"column":1}},"8":{"start":{"line":29,"column":26},"end":{"line":29,"column":46}},"9":{"start":{"line":32,"column":30},"end":{"line":35,"column":1}},"10":{"start":{"line":37,"column":25},"end":{"line":45,"column":1}},"11":{"start":{"line":47,"column":24},"end":{"line":49,"column":1}},"12":{"start":{"line":51,"column":21},"end":{"line":59,"column":1}},"13":{"start":{"line":56,"column":32},"end":{"line":56,"column":51}},"14":{"start":{"line":61,"column":28},"end":{"line":66,"column":1}},"15":{"start":{"line":62,"column":26},"end":{"line":62,"column":47}},"16":{"start":{"line":64,"column":32},"end":{"line":64,"column":51}},"17":{"start":{"line":68,"column":31},"end":{"line":71,"column":1}},"18":{"start":{"line":73,"column":35},"end":{"line":76,"column":1}},"19":{"start":{"line":77,"column":31},"end":{"line":82,"column":1}},"20":{"start":{"line":78,"column":32},"end":{"line":78,"column":51}},"21":{"start":{"line":81,"column":26},"end":{"line":81,"column":52}},"22":{"start":{"line":83,"column":27},"end":{"line":88,"column":1}},"23":{"start":{"line":84,"column":32},"end":{"line":84,"column":48}},"24":{"start":{"line":87,"column":26},"end":{"line":87,"column":52}}},"fnMap":{"0":{"name":"(anonymous_0)","decl":{"start":{"line":8,"column":22},"end":{"line":8,"column":23}},"loc":{"start":{"line":8,"column":37},"end":{"line":8,"column":60}},"line":8},"1":{"name":"(anonymous_1)","decl":{"start":{"line":22,"column":17},"end":{"line":22,"column":18}},"loc":{"start":{"line":22,"column":32},"end":{"line":22,"column":51}},"line":22},"2":{"name":"(anonymous_2)","decl":{"start":{"line":25,"column":11},"end":{"line":25,"column":12}},"loc":{"start":{"line":25,"column":26},"end":{"line":25,"column":52}},"line":25},"3":{"name":"(anonymous_3)","decl":{"start":{"line":29,"column":11},"end":{"line":29,"column":12}},"loc":{"start":{"line":29,"column":26},"end":{"line":29,"column":46}},"line":29},"4":{"name":"(anonymous_4)","decl":{"start":{"line":56,"column":17},"end":{"line":56,"column":18}},"loc":{"start":{"line":56,"column":32},"end":{"line":56,"column":51}},"line":56},"5":{"name":"(anonymous_5)","decl":{"start":{"line":62,"column":11},"end":{"line":62,"column":12}},"loc":{"start":{"line":62,"column":26},"end":{"line":62,"column":47}},"line":62},"6":{"name":"(anonymous_6)","decl":{"start":{"line":64,"column":17},"end":{"line":64,"column":18}},"loc":{"start":{"line":64,"column":32},"end":{"line":64,"column":51}},"line":64},"7":{"name":"(anonymous_7)","decl":{"start":{"line":78,"column":17},"end":{"line":78,"column":18}},"loc":{"start":{"line":78,"column":32},"end":{"line":78,"column":51}},"line":78},"8":{"name":"(anonymous_8)","decl":{"start":{"line":81,"column":11},"end":{"line":81,"column":12}},"loc":{"start":{"line":81,"column":26},"end":{"line":81,"column":52}},"line":81},"9":{"name":"(anonymous_9)","decl":{"start":{"line":84,"column":17},"end":{"line":84,"column":18}},"loc":{"start":{"line":84,"column":32},"end":{"line":84,"column":48}},"line":84},"10":{"name":"(anonymous_10)","decl":{"start":{"line":87,"column":11},"end":{"line":87,"column":12}},"loc":{"start":{"line":87,"column":26},"end":{"line":87,"column":52}},"line":87}},"branchMap":{},"s":{"0":0,"1":0,"2":0,"3":0,"4":0,"5":0,"6":0,"7":0,"8":0,"9":0,"10":0,"11":0,"12":0,"13":0,"14":0,"15":0,"16":0,"17":0,"18":0,"19":0,"20":0,"21":0,"22":0,"23":0,"24":0},"f":{"0":0,"1":0,"2":0,"3":0,"4":0,"5":0,"6":0,"7":0,"8":0,"9":0,"10":0},"b":{}}
,"/home/natan/Documentos/2021.1-Pro-Especies-UserInterface/src/screens/Maps/index.tsx": {"path":"/home/natan/Documentos/2021.1-Pro-Especies-UserInterface/src/screens/Maps/index.tsx","statementMap":{"0":{"start":{"line":6,"column":21},"end":{"line":53,"column":1}},"1":{"start":{"line":7,"column":28},"end":{"line":7,"column":116}},"2":{"start":{"line":9,"column":23},"end":{"line":11,"column":5}},"3":{"start":{"line":10,"column":8},"end":{"line":10,"column":42}},"4":{"start":{"line":12,"column":26},"end":{"line":22,"column":5}},"5":{"start":{"line":13,"column":8},"end":{"line":13,"column":41}},"6":{"start":{"line":14,"column":8},"end":{"line":14,"column":43}},"7":{"start":{"line":15,"column":23},"end":{"line":20,"column":9}},"8":{"start":{"line":21,"column":8},"end":{"line":21,"column":56}},"9":{"start":{"line":23,"column":4},"end":{"line":52,"column":5}},"10":{"start":{"line":46,"column":96},"end":{"line":46,"column":115}},"11":{"start":{"line":47,"column":78},"end":{"line":47,"column":122}}},"fnMap":{"0":{"name":"(anonymous_0)","decl":{"start":{"line":6,"column":21},"end":{"line":6,"column":22}},"loc":{"start":{"line":6,"column":53},"end":{"line":53,"column":1}},"line":6},"1":{"name":"(anonymous_1)","decl":{"start":{"line":9,"column":23},"end":{"line":9,"column":24}},"loc":{"start":{"line":9,"column":40},"end":{"line":11,"column":5}},"line":9},"2":{"name":"(anonymous_2)","decl":{"start":{"line":12,"column":26},"end":{"line":12,"column":27}},"loc":{"start":{"line":12,"column":67},"end":{"line":22,"column":5}},"line":12},"3":{"name":"(anonymous_3)","decl":{"start":{"line":46,"column":88},"end":{"line":46,"column":89}},"loc":{"start":{"line":46,"column":94},"end":{"line":46,"column":117}},"line":46},"4":{"name":"(anonymous_4)","decl":{"start":{"line":47,"column":72},"end":{"line":47,"column":73}},"loc":{"start":{"line":47,"column":78},"end":{"line":47,"column":122}},"line":47}},"branchMap":{},"s":{"0":0,"1":0,"2":0,"3":0,"4":0,"5":0,"6":0,"7":0,"8":0,"9":0,"10":0,"11":0},"f":{"0":0,"1":0,"2":0,"3":0,"4":0},"b":{}}
[...]
,"/home/natan/Documentos/2021.1-Pro-Especies-UserInterface/src/screens/WikiFishlogs/index.tsx": {"path":"/home/natan/Documentos/2021.1-Pro-Especies-UserInterface/src/screens/WikiFishlogs/index.tsx","statementMap":{"0":{"start":{"line":17,"column":28},"end":{"line":101,"column":1}},"1":{"start":{"line":19,"column":28},"end":{"line":19,"column":40}},"2":{"start":{"line":20,"column":26},"end":{"line":20,"column":40}},"3":{"start":{"line":21,"column":34},"end":{"line":21,"column":53}},"4":{"start":{"line":22,"column":22},"end":{"line":22,"column":31}},"5":{"start":{"line":24,"column":18},"end":{"line":32,"column":3}},"6":{"start":{"line":25,"column":18},"end":{"line":25,"column":65}},"7":{"start":{"line":26,"column":4},"end":{"line":31,"column":5}},"8":{"start":{"line":27,"column":6},"end":{"line":27,"column":22}},"9":{"start":{"line":28,"column":6},"end":{"line":28,"column":24}},"10":{"start":{"line":30,"column":6},"end":{"line":30,"column":25}},"11":{"start":{"line":34,"column":24},"end":{"line":53,"column":3}},"12":{"start":{"line":35,"column":4},"end":{"line":52,"column":7}},"13":{"start":{"line":44,"column":10},"end":{"line":44,"column":20}},"14":{"start":{"line":45,"column":30},"end":{"line":48,"column":12}},"15":{"start":{"line":49,"column":10},"end":{"line":49,"column":43}},"16":{"start":{"line":55,"column":2},"end":{"line":57,"column":9}},"17":{"start":{"line":56,"column":4},"end":{"line":56,"column":14}},"18":{"start":{"line":59,"column":2},"end":{"line":100,"column":4}},"19":{"start":{"line":68,"column":14},"end":{"line":68,"column":30}},"20":{"start":{"line":70,"column":20},"end":{"line":70,"column":48}},"21":{"start":{"line":77,"column":14},"end":{"line":77,"column":28}},"22":{"start":{"line":85,"column":14},"end":{"line":85,"column":29}}},"fnMap":{"0":{"name":"(anonymous_0)","decl":{"start":{"line":17,"column":28},"end":{"line":17,"column":29}},"loc":{"start":{"line":17,"column":60},"end":{"line":101,"column":1}},"line":17},"1":{"name":"(anonymous_1)","decl":{"start":{"line":24,"column":18},"end":{"line":24,"column":19}},"loc":{"start":{"line":24,"column":30},"end":{"line":32,"column":3}},"line":24},"2":{"name":"(anonymous_2)","decl":{"start":{"line":34,"column":24},"end":{"line":34,"column":25}},"loc":{"start":{"line":34,"column":30},"end":{"line":53,"column":3}},"line":34},"3":{"name":"(anonymous_3)","decl":{"start":{"line":38,"column":17},"end":{"line":38,"column":18}},"loc":{"start":{"line":38,"column":23},"end":{"line":38,"column":26}},"line":38},"4":{"name":"(anonymous_4)","decl":{"start":{"line":43,"column":17},"end":{"line":43,"column":18}},"loc":{"start":{"line":43,"column":23},"end":{"line":50,"column":9}},"line":43},"5":{"name":"(anonymous_5)","decl":{"start":{"line":55,"column":12},"end":{"line":55,"column":13}},"loc":{"start":{"line":55,"column":18},"end":{"line":57,"column":3}},"line":55},"6":{"name":"(anonymous_6)","decl":{"start":{"line":67,"column":14},"end":{"line":67,"column":15}},"loc":{"start":{"line":67,"column":20},"end":{"line":69,"column":13}},"line":67},"7":{"name":"(anonymous_7)","decl":{"start":{"line":70,"column":14},"end":{"line":70,"column":15}},"loc":{"start":{"line":70,"column":20},"end":{"line":70,"column":48}},"line":70},"8":{"name":"(anonymous_8)","decl":{"start":{"line":76,"column":21},"end":{"line":76,"column":22}},"loc":{"start":{"line":76,"column":27},"end":{"line":78,"column":13}},"line":76},"9":{"name":"(anonymous_9)","decl":{"start":{"line":84,"column":21},"end":{"line":84,"column":22}},"loc":{"start":{"line":84,"column":27},"end":{"line":86,"column":13}},"line":84}},"branchMap":{"0":{"loc":{"start":{"line":26,"column":4},"end":{"line":31,"column":5}},"type":"if","locations":[{"start":{"line":26,"column":4},"end":{"line":31,"column":5}},{"start":{"line":29,"column":11},"end":{"line":31,"column":5}}],"line":26},"1":{"loc":{"start":{"line":62,"column":15},"end":{"line":62,"column":48}},"type":"cond-expr","locations":[{"start":{"line":62,"column":22},"end":{"line":62,"column":34}},{"start":{"line":62,"column":37},"end":{"line":62,"column":48}}],"line":62},"2":{"loc":{"start":{"line":63,"column":14},"end":{"line":63,"column":43}},"type":"cond-expr","locations":[{"start":{"line":63,"column":25},"end":{"line":63,"column":33}},{"start":{"line":63,"column":36},"end":{"line":63,"column":43}}],"line":63},"3":{"loc":{"start":{"line":64,"column":18},"end":{"line":64,"column":46}},"type":"cond-expr","locations":[{"start":{"line":64,"column":29},"end":{"line":64,"column":35}},{"start":{"line":64,"column":38},"end":{"line":64,"column":46}}],"line":64},"4":{"loc":{"start":{"line":66,"column":10},"end":{"line":70,"column":48}},"type":"cond-expr","locations":[{"start":{"line":67,"column":14},"end":{"line":69,"column":13}},{"start":{"line":70,"column":14},"end":{"line":70,"column":48}}],"line":66},"5":{"loc":{"start":{"line":73,"column":7},"end":{"line":92,"column":14}},"type":"cond-expr","locations":[{"start":{"line":74,"column":8},"end":{"line":91,"column":25}},{"start":{"line":92,"column":10},"end":{"line":92,"column":14}}],"line":73},"6":{"loc":{"start":{"line":81,"column":13},"end":{"line":81,"column":45}},"type":"cond-expr","locations":[{"start":{"line":81,"column":20},"end":{"line":81,"column":38}},{"start":{"line":81,"column":41},"end":{"line":81,"column":45}}],"line":81},"7":{"loc":{"start":{"line":89,"column":13},"end":{"line":89,"column":45}},"type":"cond-expr","locations":[{"start":{"line":89,"column":20},"end":{"line":89,"column":24}},{"start":{"line":89,"column":27},"end":{"line":89,"column":45}}],"line":89},"8":{"loc":{"start":{"line":93,"column":7},"end":{"line":98,"column":36}},"type":"cond-expr","locations":[{"start":{"line":94,"column":9},"end":{"line":97,"column":10}},{"start":{"line":98,"column":9},"end":{"line":98,"column":35}}],"line":93},"9":{"loc":{"start":{"line":96,"column":23},"end":{"line":96,"column":69}},"type":"cond-expr","locations":[{"start":{"line":96,"column":38},"end":{"line":96,"column":62}},{"start":{"line":96,"column":65},"end":{"line":96,"column":69}}],"line":96}},"s":{"0":0,"1":0,"2":0,"3":0,"4":0,"5":0,"6":0,"7":0,"8":0,"9":0,"10":0,"11":0,"12":0,"13":0,"14":0,"15":0,"16":0,"17":0,"18":0,"19":0,"20":0,"21":0,"22":0},"f":{"0":0,"1":0,"2":0,"3":0,"4":0,"5":0,"6":0,"7":0,"8":0,"9":0},"b":{"0":[0,0],"1":[0,0],"2":[0,0],"3":[0,0],"4":[0,0],"5":[0,0],"6":[0,0],"7":[0,0],"8":[0,0],"9":[0,0]}}
,"/home/natan/Documentos/2021.1-Pro-Especies-UserInterface/src/screens/WikiFishlogs/styles.ts": {"path":"/home/natan/Documentos/2021.1-Pro-Especies-UserInterface/src/screens/WikiFishlogs/styles.ts","statementMap":{"0":{"start":{"line":4,"column":29},"end":{"line":8,"column":1}},"1":{"start":{"line":7,"column":37},"end":{"line":7,"column":60}},"2":{"start":{"line":9,"column":30},"end":{"line":15,"column":1}},"3":{"start":{"line":17,"column":30},"end":{"line":19,"column":1}},"4":{"start":{"line":21,"column":30},"end":{"line":25,"column":1}},"5":{"start":{"line":24,"column":37},"end":{"line":24,"column":59}},"6":{"start":{"line":27,"column":25},"end":{"line":33,"column":1}},"7":{"start":{"line":29,"column":4},"end":{"line":30,"column":53}},"8":{"start":{"line":30,"column":6},"end":{"line":30,"column":53}}},"fnMap":{"0":{"name":"(anonymous_0)","decl":{"start":{"line":7,"column":22},"end":{"line":7,"column":23}},"loc":{"start":{"line":7,"column":37},"end":{"line":7,"column":60}},"line":7},"1":{"name":"(anonymous_1)","decl":{"start":{"line":24,"column":22},"end":{"line":24,"column":23}},"loc":{"start":{"line":24,"column":37},"end":{"line":24,"column":59}},"line":24},"2":{"name":"(anonymous_2)","decl":{"start":{"line":28,"column":17},"end":{"line":28,"column":18}},"loc":{"start":{"line":29,"column":4},"end":{"line":30,"column":53}},"line":29},"3":{"name":"(anonymous_3)","decl":{"start":{"line":29,"column":4},"end":{"line":29,"column":5}},"loc":{"start":{"line":30,"column":6},"end":{"line":30,"column":53}},"line":30}},"branchMap":{"0":{"loc":{"start":{"line":30,"column":6},"end":{"line":30,"column":53}},"type":"cond-expr","locations":[{"start":{"line":30,"column":15},"end":{"line":30,"column":31}},{"start":{"line":30,"column":34},"end":{"line":30,"column":53}}],"line":30}},"s":{"0":0,"1":0,"2":0,"3":0,"4":0,"5":0,"6":0,"7":0,"8":0},"f":{"0":0,"1":0,"2":0,"3":0},"b":{"0":[0,0]}}
,"/home/natan/Documentos/2021.1-Pro-Especies-UserInterface/src/services/fishLogService/createFishLog.ts": {"path":"/home/natan/Documentos/2021.1-Pro-Especies-UserInterface/src/services/fishLogService/createFishLog.ts","statementMap":{"0":{"start":{"line":5,"column":29},"end":{"line":44,"column":1}},"1":{"start":{"line":16,"column":17},"end":{"line":16,"column":65}},"2":{"start":{"line":17,"column":16},"end":{"line":17,"column":63}},"3":{"start":{"line":18,"column":14},"end":{"line":18,"column":18}},"4":{"start":{"line":20,"column":22},"end":{"line":23,"column":3}},"5":{"start":{"line":25,"column":2},"end":{"line":27,"column":3}},"6":{"start":{"line":26,"column":4},"end":{"line":26,"column":47}},"7":{"start":{"line":29,"column":2},"end":{"line":43,"column":4}}},"fnMap":{"0":{"name":"(anonymous_0)","decl":{"start":{"line":5,"column":29},"end":{"line":5,"column":30}},"loc":{"start":{"line":15,"column":5},"end":{"line":44,"column":1}},"line":15}},"branchMap":{"0":{"loc":{"start":{"line":21,"column":14},"end":{"line":21,"column":52}},"type":"cond-expr","locations":[{"start":{"line":21,"column":25},"end":{"line":21,"column":45}},{"start":{"line":21,"column":48},"end":{"line":21,"column":52}}],"line":21},"1":{"loc":{"start":{"line":22,"column":15},"end":{"line":22,"column":55}},"type":"cond-expr","locations":[{"start":{"line":22,"column":27},"end":{"line":22,"column":48}},{"start":{"line":22,"column":51},"end":{"line":22,"column":55}}],"line":22},"2":{"loc":{"start":{"line":25,"column":2},"end":{"line":27,"column":3}},"type":"if","locations":[{"start":{"line":25,"column":2},"end":{"line":27,"column":3}},{"start":{},"end":{}}],"line":25},"3":{"loc":{"start":{"line":39,"column":14},"end":{"line":39,"column":48}},"type":"cond-expr","locations":[{"start":{"line":39,"column":23},"end":{"line":39,"column":41}},{"start":{"line":39,"column":44},"end":{"line":39,"column":48}}],"line":39},"4":{"loc":{"start":{"line":40,"column":14},"end":{"line":40,"column":48}},"type":"cond-expr","locations":[{"start":{"line":40,"column":23},"end":{"line":40,"column":41}},{"start":{"line":40,"column":44},"end":{"line":40,"column":48}}],"line":40}},"s":{"0":0,"1":0,"2":0,"3":0,"4":0,"5":0,"6":0,"7":0},"f":{"0":0},"b":{"0":[0,0],"1":[0,0],"2":[0,0],"3":[0,0],"4":[0,0]}}
,"/home/natan/Documentos/2021.1-Pro-Especies-UserInterface/src/services/fishLogService/deleteFishLog.ts": {"path":"/home/natan/Documentos/2021.1-Pro-Especies-UserInterface/src/services/fishLogService/deleteFishLog.ts","statementMap":{"0":{"start":{"line":8,"column":20},"end":{"line":8,"column":37}},"1":{"start":{"line":9,"column":14},"end":{"line":9,"column":105}},"2":{"start":{"line":10,"column":2},"end":{"line":10,"column":18}}},"fnMap":{"0":{"name":"DeleteFishLog","decl":{"start":{"line":4,"column":15},"end":{"line":4,"column":28}},"loc":{"start":{"line":7,"column":2},"end":{"line":11,"column":1}},"line":7}},"branchMap":{},"s":{"0":0,"1":0,"2":0},"f":{"0":0},"b":{}}
,"/home/natan/Documentos/2021.1-Pro-Especies-UserInterface/src/services/fishLogService/fishService.ts": {"path":"/home/natan/Documentos/2021.1-Pro-Especies-UserInterface/src/services/fishLogService/fishService.ts","statementMap":{"0":{"start":{"line":2,"column":15},"end":{"line":2,"column":41}},"1":{"start":{"line":4,"column":23},"end":{"line":6,"column":2}}},"fnMap":{},"branchMap":{},"s":{"0":0,"1":0},"f":{},"b":{}}
,"/home/natan/Documentos/2021.1-Pro-Especies-UserInterface/src/services/fishLogService/getAllLogs.ts": {"path":"/home/natan/Documentos/2021.1-Pro-Especies-UserInterface/src/services/fishLogService/getAllLogs.ts","statementMap":{"0":{"start":{"line":4,"column":20},"end":{"line":4,"column":37}},"1":{"start":{"line":5,"column":14},"end":{"line":7,"column":4}},"2":{"start":{"line":8,"column":2},"end":{"line":8,"column":18}}},"fnMap":{"0":{"name":"GetAllFishLogs","decl":{"start":{"line":3,"column":15},"end":{"line":3,"column":29}},"loc":{"start":{"line":3,"column":45},"end":{"line":9,"column":1}},"line":3}},"branchMap":{},"s":{"0":0,"1":0,"2":0},"f":{"0":0},"b":{}}
,"/home/natan/Documentos/2021.1-Pro-Especies-UserInterface/src/services/fishLogService/getOneFishLog.ts": {"path":"/home/natan/Documentos/2021.1-Pro-Especies-UserInterface/src/services/fishLogService/getOneFishLog.ts","statementMap":{"0":{"start":{"line":4,"column":20},"end":{"line":4,"column":37}},"1":{"start":{"line":5,"column":14},"end":{"line":7,"column":4}},"2":{"start":{"line":8,"column":2},"end":{"line":8,"column":18}}},"fnMap":{"0":{"name":"GetOneFishLog","decl":{"start":{"line":3,"column":15},"end":{"line":3,"column":28}},"loc":{"start":{"line":3,"column":60},"end":{"line":9,"column":1}},"line":3}},"branchMap":{},"s":{"0":0,"1":0,"2":0},"f":{"0":0},"b":{}}
,"/home/natan/Documentos/2021.1-Pro-Especies-UserInterface/src/services/fishLogService/updateFishLog.ts": {"path":"/home/natan/Documentos/2021.1-Pro-Especies-UserInterface/src/services/fishLogService/updateFishLog.ts","statementMap":{"0":{"start":{"line":19,"column":19},"end":{"line":19,"column":67}},"1":{"start":{"line":20,"column":18},"end":{"line":20,"column":65}},"2":{"start":{"line":21,"column":22},"end":{"line":21,"column":39}},"3":{"start":{"line":22,"column":16},"end":{"line":22,"column":20}},"4":{"start":{"line":23,"column":21},"end":{"line":23,"column":25}},"5":{"start":{"line":25,"column":4},"end":{"line":26,"column":28}},"6":{"start":{"line":26,"column":8},"end":{"line":26,"column":28}},"7":{"start":{"line":28,"column":24},"end":{"line":31,"column":5}},"8":{"start":{"line":32,"column":4},"end":{"line":34,"column":5}},"9":{"start":{"line":33,"column":8},"end":{"line":33,"column":51}},"10":{"start":{"line":35,"column":16},"end":{"line":47,"column":49}},"11":{"start":{"line":48,"column":4},"end":{"line":48,"column":20}}},"fnMap":{"0":{"name":"UpdateFishLog","decl":{"start":{"line":5,"column":15},"end":{"line":5,"column":28}},"loc":{"start":{"line":18,"column":2},"end":{"line":49,"column":1}},"line":18}},"branchMap":{"0":{"loc":{"start":{"line":25,"column":4},"end":{"line":26,"column":28}},"type":"if","locations":[{"start":{"line":25,"column":4},"end":{"line":26,"column":28}},{"start":{},"end":{}}],"line":25},"1":{"loc":{"start":{"line":29,"column":18},"end":{"line":29,"column":56}},"type":"cond-expr","locations":[{"start":{"line":29,"column":29},"end":{"line":29,"column":49}},{"start":{"line":29,"column":52},"end":{"line":29,"column":56}}],"line":29},"2":{"loc":{"start":{"line":30,"column":19},"end":{"line":30,"column":59}},"type":"cond-expr","locations":[{"start":{"line":30,"column":31},"end":{"line":30,"column":52}},{"start":{"line":30,"column":55},"end":{"line":30,"column":59}}],"line":30},"3":{"loc":{"start":{"line":32,"column":4},"end":{"line":34,"column":5}},"type":"if","locations":[{"start":{"line":32,"column":4},"end":{"line":34,"column":5}},{"start":{},"end":{}}],"line":32},"4":{"loc":{"start":{"line":42,"column":16},"end":{"line":42,"column":50}},"type":"cond-expr","locations":[{"start":{"line":42,"column":25},"end":{"line":42,"column":43}},{"start":{"line":42,"column":46},"end":{"line":42,"column":50}}],"line":42},"5":{"loc":{"start":{"line":43,"column":16},"end":{"line":43,"column":50}},"type":"cond-expr","locations":[{"start":{"line":43,"column":25},"end":{"line":43,"column":43}},{"start":{"line":43,"column":46},"end":{"line":43,"column":50}}],"line":43}},"s":{"0":0,"1":0,"2":0,"3":0,"4":0,"5":0,"6":0,"7":0,"8":0,"9":0,"10":0,"11":0},"f":{"0":0},"b":{"0":[0,0],"1":[0,0],"2":[0,0],"3":[0,0],"4":[0,0],"5":[0,0]}}
,"/home/natan/Documentos/2021.1-Pro-Especies-UserInterface/src/services/userServices/createUser.ts": {"path":"/home/natan/Documentos/2021.1-Pro-Especies-UserInterface/src/services/userServices/createUser.ts","statementMap":{"0":{"start":{"line":13,"column":2},"end":{"line":22,"column":5}}},"fnMap":{"0":{"name":"CreateUser","decl":{"start":{"line":3,"column":15},"end":{"line":3,"column":25}},"loc":{"start":{"line":12,"column":2},"end":{"line":23,"column":1}},"line":12}},"branchMap":{},"s":{"0":0},"f":{"0":0},"b":{}}
,"/home/natan/Documentos/2021.1-Pro-Especies-UserInterface/src/services/userServices/login.ts": {"path":"/home/natan/Documentos/2021.1-Pro-Especies-UserInterface/src/services/userServices/login.ts","statementMap":{"0":{"start":{"line":4,"column":14},"end":{"line":7,"column":4}},"1":{"start":{"line":9,"column":2},"end":{"line":9,"column":13}}},"fnMap":{"0":{"name":"UserLogin","decl":{"start":{"line":3,"column":15},"end":{"line":3,"column":24}},"loc":{"start":{"line":3,"column":63},"end":{"line":10,"column":1}},"line":3}},"branchMap":{},"s":{"0":0,"1":0},"f":{"0":0},"b":{}}
,"/home/natan/Documentos/2021.1-Pro-Especies-UserInterface/src/services/userServices/userService.ts": {"path":"/home/natan/Documentos/2021.1-Pro-Especies-UserInterface/src/services/userServices/userService.ts","statementMap":{"0":{"start":{"line":2,"column":15},"end":{"line":2,"column":41}},"1":{"start":{"line":4,"column":20},"end":{"line":6,"column":2}}},"fnMap":{},"branchMap":{},"s":{"0":0,"1":0},"f":{},"b":{}}
,"/home/natan/Documentos/2021.1-Pro-Especies-UserInterface/src/services/wikiServices/getOneWikiFish.ts": {"path":"/home/natan/Documentos/2021.1-Pro-Especies-UserInterface/src/services/wikiServices/getOneWikiFish.ts","statementMap":{"0":{"start":{"line":4,"column":14},"end":{"line":4,"column":59}},"1":{"start":{"line":6,"column":2},"end":{"line":6,"column":18}}},"fnMap":{"0":{"name":"GetOneWikiFish","decl":{"start":{"line":3,"column":15},"end":{"line":3,"column":29}},"loc":{"start":{"line":3,"column":47},"end":{"line":7,"column":1}},"line":3}},"branchMap":{},"s":{"0":0,"1":0},"f":{"0":0},"b":{}}
,"/home/natan/Documentos/2021.1-Pro-Especies-UserInterface/src/services/wikiServices/getWikiFishes.ts": {"path":"/home/natan/Documentos/2021.1-Pro-Especies-UserInterface/src/services/wikiServices/getWikiFishes.ts","statementMap":{"0":{"start":{"line":4,"column":14},"end":{"line":4,"column":26}},"1":{"start":{"line":5,"column":2},"end":{"line":6,"column":19}},"2":{"start":{"line":6,"column":4},"end":{"line":6,"column":19}},"3":{"start":{"line":8,"column":14},"end":{"line":8,"column":42}},"4":{"start":{"line":10,"column":2},"end":{"line":10,"column":18}}},"fnMap":{"0":{"name":"GetWikiFishes","decl":{"start":{"line":3,"column":15},"end":{"line":3,"column":28}},"loc":{"start":{"line":3,"column":43},"end":{"line":11,"column":1}},"line":3}},"branchMap":{"0":{"loc":{"start":{"line":5,"column":2},"end":{"line":6,"column":19}},"type":"if","locations":[{"start":{"line":5,"column":2},"end":{"line":6,"column":19}},{"start":{},"end":{}}],"line":5}},"s":{"0":0,"1":0,"2":0,"3":0,"4":0},"f":{"0":0},"b":{"0":[0,0]}}
,"/home/natan/Documentos/2021.1-Pro-Especies-UserInterface/src/services/wikiServices/wikiService.ts": {"path":"/home/natan/Documentos/2021.1-Pro-Especies-UserInterface/src/services/wikiServices/wikiService.ts","statementMap":{"0":{"start":{"line":2,"column":15},"end":{"line":2,"column":41}},"1":{"start":{"line":4,"column":20},"end":{"line":6,"column":2}}},"fnMap":{},"branchMap":{},"s":{"0":0,"1":0},"f":{},"b":{}}
}
