TN:
SF:App.tsx
FN:18,App
FNF:1
FNH:0
FNDA:0,App
DA:19,0
DA:24,0
DA:25,0
LF:3
LH:0
BRDA:24,0,0,0
BRDA:24,0,1,0
BRF:2
BRH:0
end_of_record
TN:
SF:src/components/Button/index.tsx
FN:10,DefaultButton
FNF:1
FNH:1
FNDA:1,DefaultButton
DA:11,1
LF:1
LH:1
BRDA:10,0,0,1
BRF:1
BRH:1
end_of_record
TN:
SF:src/components/Button/styles.tsx
FN:12,(anonymous_0)
FN:21,(anonymous_1)
FNF:2
FNH:2
FNDA:1,(anonymous_0)
FNDA:1,(anonymous_1)
DA:8,1
DA:12,1
DA:19,1
DA:21,1
LF:4
LH:4
BRDA:12,0,0,1
BRDA:12,0,1,0
BRF:2
BRH:1
end_of_record
TN:
SF:src/components/DisableIconButton/index.tsx
FN:10,(anonymous_0)
FNF:1
FNH:1
FNDA:1,(anonymous_0)
DA:10,1
DA:11,1
LF:2
LH:2
BRDA:14,0,0,1
BRDA:14,0,1,0
BRF:2
BRH:1
end_of_record
TN:
SF:src/components/DisableIconButton/styles.ts
FN:9,(anonymous_0)
FNF:1
FNH:0
FNDA:0,(anonymous_0)
DA:5,1
DA:7,1
DA:9,0
DA:12,1
LF:4
LH:3
BRF:0
BRH:0
end_of_record
TN:
SF:src/components/DraftButton/index.tsx
FN:10,(anonymous_0)
FN:13,(anonymous_1)
FN:20,(anonymous_2)
FN:24,(anonymous_3)
FNF:4
FNH:4
FNDA:1,(anonymous_0)
FNDA:1,(anonymous_1)
FNDA:1,(anonymous_2)
FNDA:1,(anonymous_3)
DA:10,1
DA:11,1
DA:12,1
DA:13,1
DA:14,1
DA:15,1
DA:16,0
DA:20,1
DA:21,1
DA:24,1
DA:25,1
DA:27,1
LF:12
LH:11
BRDA:15,0,0,0
BRDA:15,0,1,1
BRF:2
BRH:1
end_of_record
TN:
SF:src/components/DraftButton/styles.ts
FN:7,(anonymous_0)
FN:16,(anonymous_1)
FN:17,(anonymous_2)
FN:32,(anonymous_3)
FN:33,(anonymous_4)
FNF:5
FNH:5
FNDA:1,(anonymous_0)
FNDA:1,(anonymous_1)
FNDA:1,(anonymous_2)
FNDA:1,(anonymous_3)
FNDA:1,(anonymous_4)
DA:4,1
DA:7,1
DA:15,1
DA:16,1
DA:17,1
DA:22,1
DA:30,1
DA:32,1
DA:33,1
LF:9
LH:9
BRF:0
BRH:0
end_of_record
TN:
SF:src/components/FilterBar/index.tsx
FN:13,FilterBar
FN:16,(anonymous_1)
FNF:2
FNH:2
FNDA:1,FilterBar
FNDA:1,(anonymous_1)
DA:14,1
DA:16,1
LF:2
LH:2
BRF:0
BRH:0
end_of_record
TN:
SF:src/components/FilterBar/styles.ts
FN:8,(anonymous_0)
FN:31,(anonymous_1)
FN:35,(anonymous_2)
FNF:3
FNH:3
FNDA:1,(anonymous_0)
FNDA:1,(anonymous_1)
FNDA:1,(anonymous_2)
DA:5,1
DA:8,1
DA:14,1
DA:20,1
DA:24,1
DA:29,1
DA:31,1
DA:34,1
DA:35,1
DA:41,1
DA:45,1
LF:11
LH:11
BRF:0
BRH:0
end_of_record
TN:
SF:src/components/FilterButton/index.tsx
FN:16,FilterButton
FN:21,(anonymous_1)
FNF:2
FNH:2
FNDA:1,FilterButton
FNDA:1,(anonymous_1)
DA:17,1
DA:21,1
LF:2
LH:2
BRDA:22,0,0,1
BRDA:22,0,1,0
BRDA:25,1,0,1
BRDA:25,1,1,0
BRDA:27,2,0,1
BRDA:27,2,1,0
BRF:6
BRH:3
end_of_record
TN:
SF:src/components/FilterButton/styles.tsx
FN:9,(anonymous_0)
FN:11,(anonymous_1)
FN:23,(anonymous_2)
FN:39,(anonymous_3)
FNF:4
FNH:4
FNDA:1,(anonymous_0)
FNDA:1,(anonymous_1)
FNDA:1,(anonymous_2)
FNDA:1,(anonymous_3)
DA:8,1
DA:9,1
DA:11,1
DA:15,1
DA:20,1
DA:23,1
DA:29,1
DA:38,1
DA:39,1
LF:9
LH:9
BRDA:11,0,0,1
BRDA:11,0,1,0
BRDA:23,1,0,1
BRDA:23,1,1,0
BRF:4
BRH:2
end_of_record
TN:
SF:src/components/FishLogCard/index.tsx
FN:44,(anonymous_0)
FN:55,(anonymous_1)
FN:64,(anonymous_2)
FN:80,(anonymous_3)
FNF:4
FNH:4
FNDA:3,(anonymous_0)
FNDA:1,(anonymous_1)
FNDA:1,(anonymous_2)
FNDA:1,(anonymous_3)
DA:44,1
DA:53,3
DA:55,3
DA:56,1
DA:57,1
DA:58,0
DA:60,1
DA:64,3
DA:65,1
DA:66,1
DA:68,0
DA:72,3
DA:80,1
LF:13
LH:11
BRDA:57,0,0,0
BRDA:57,0,1,1
BRDA:65,1,0,1
BRDA:65,1,1,0
BRDA:75,2,0,0
BRDA:75,2,1,3
BRDA:87,3,0,3
BRDA:87,3,1,0
BRF:8
BRH:4
end_of_record
TN:
SF:src/components/FishLogCard/styles.ts
FN:11,(anonymous_0)
FN:33,(anonymous_1)
FN:36,(anonymous_2)
FN:41,(anonymous_3)
FN:45,(anonymous_4)
FNF:5
FNH:5
FNDA:3,(anonymous_0)
FNDA:3,(anonymous_1)
FNDA:3,(anonymous_2)
FNDA:3,(anonymous_3)
FNDA:3,(anonymous_4)
DA:5,1
DA:11,3
DA:15,1
DA:20,1
DA:26,1
DA:32,1
DA:33,3
DA:36,3
DA:40,1
DA:41,3
DA:45,3
DA:49,1
DA:59,1
LF:13
LH:13
BRF:0
BRH:0
end_of_record
TN:
SF:src/components/FishLogs/index.tsx
FN:45,(anonymous_0)
FN:55,(anonymous_1)
FN:67,(anonymous_2)
FN:74,(anonymous_3)
FN:83,(anonymous_4)
FN:86,(anonymous_5)
FN:88,(anonymous_6)
FN:96,(anonymous_7)
FN:100,(anonymous_8)
FN:108,(anonymous_9)
FN:140,(anonymous_10)
FN:156,(anonymous_11)
FN:157,(anonymous_12)
FN:160,(anonymous_13)
FN:161,(anonymous_14)
FN:164,(anonymous_15)
FN:176,(anonymous_16)
FN:213,(anonymous_17)
FN:228,(anonymous_18)
FN:233,(anonymous_19)
FN:236,(anonymous_20)
FN:239,(anonymous_21)
FN:244,(anonymous_22)
FN:249,(anonymous_23)
FN:257,(anonymous_24)
FNF:25
FNH:0
FNDA:0,(anonymous_0)
FNDA:0,(anonymous_1)
FNDA:0,(anonymous_2)
FNDA:0,(anonymous_3)
FNDA:0,(anonymous_4)
FNDA:0,(anonymous_5)
FNDA:0,(anonymous_6)
FNDA:0,(anonymous_7)
FNDA:0,(anonymous_8)
FNDA:0,(anonymous_9)
FNDA:0,(anonymous_10)
FNDA:0,(anonymous_11)
FNDA:0,(anonymous_12)
FNDA:0,(anonymous_13)
FNDA:0,(anonymous_14)
FNDA:0,(anonymous_15)
FNDA:0,(anonymous_16)
FNDA:0,(anonymous_17)
FNDA:0,(anonymous_18)
FNDA:0,(anonymous_19)
FNDA:0,(anonymous_20)
FNDA:0,(anonymous_21)
FNDA:0,(anonymous_22)
FNDA:0,(anonymous_23)
FNDA:0,(anonymous_24)
DA:45,0
DA:46,0
DA:47,0
DA:48,0
DA:49,0
DA:50,0
DA:51,0
DA:52,0
DA:55,0
DA:57,0
DA:58,0
DA:60,0
DA:62,0
DA:64,0
DA:67,0
DA:68,0
DA:69,0
DA:70,0
DA:71,0
DA:72,0
DA:74,0
DA:75,0
DA:83,0
DA:84,0
DA:85,0
DA:86,0
DA:87,0
DA:88,0
DA:92,0
DA:96,0
DA:97,0
DA:100,0
DA:101,0
DA:108,0
DA:109,0
DA:110,0
DA:111,0
DA:113,0
DA:114,0
DA:115,0
DA:117,0
DA:118,0
DA:119,0
DA:120,0
DA:122,0
DA:123,0
DA:130,0
DA:131,0
DA:137,0
DA:140,0
DA:141,0
DA:142,0
DA:143,0
DA:144,0
DA:146,0
DA:147,0
DA:156,0
DA:157,0
DA:160,0
DA:161,0
DA:164,0
DA:165,0
DA:166,0
DA:169,0
DA:213,0
DA:229,0
DA:234,0
DA:237,0
DA:240,0
DA:244,0
DA:250,0
DA:257,0
LF:72
LH:0
BRDA:70,0,0,0
BRDA:70,0,1,0
BRDA:85,1,0,0
BRDA:85,1,1,0
BRDA:87,2,0,0
BRDA:87,2,1,0
BRDA:113,3,0,0
BRDA:113,3,1,0
BRDA:171,4,0,0
BRDA:171,4,1,0
BRDA:181,5,0,0
BRDA:181,5,1,0
BRDA:185,6,0,0
BRDA:185,6,1,0
BRDA:209,7,0,0
BRDA:209,7,1,0
BRDA:222,8,0,0
BRDA:222,8,1,0
BRDA:247,9,0,0
BRDA:247,9,1,0
BRF:20
BRH:0
end_of_record
TN:
SF:src/components/FishLogs/styles.ts
FN:28,(anonymous_0)
FN:43,(anonymous_1)
FN:50,(anonymous_2)
FN:56,(anonymous_3)
FN:63,(anonymous_4)
FN:69,(anonymous_5)
FN:75,(anonymous_6)
FN:87,(anonymous_7)
FN:93,(anonymous_8)
FN:114,(anonymous_9)
FN:136,(anonymous_10)
FN:143,(anonymous_11)
FN:150,(anonymous_12)
FNF:13
FNH:0
FNDA:0,(anonymous_0)
FNDA:0,(anonymous_1)
FNDA:0,(anonymous_2)
FNDA:0,(anonymous_3)
FNDA:0,(anonymous_4)
FNDA:0,(anonymous_5)
FNDA:0,(anonymous_6)
FNDA:0,(anonymous_7)
FNDA:0,(anonymous_8)
FNDA:0,(anonymous_9)
FNDA:0,(anonymous_10)
FNDA:0,(anonymous_11)
FNDA:0,(anonymous_12)
DA:7,0
DA:15,0
DA:22,0
DA:27,0
DA:28,0
DA:33,0
DA:38,0
DA:43,0
DA:48,0
DA:50,0
DA:54,0
DA:56,0
DA:60,0
DA:63,0
DA:66,0
DA:69,0
DA:72,0
DA:75,0
DA:78,0
DA:85,0
DA:87,0
DA:90,0
DA:93,0
DA:95,0
DA:105,0
DA:109,0
DA:114,0
DA:119,0
DA:129,0
DA:133,0
DA:136,0
DA:138,0
DA:143,0
DA:149,0
DA:150,0
DA:153,0
LF:36
LH:0
BRF:0
BRH:0
end_of_record
TN:
SF:src/components/HalfToneText/index.tsx
FN:8,HalfToneText
FNF:1
FNH:0
FNDA:0,HalfToneText
DA:9,0
LF:1
LH:0
BRF:0
BRH:0
end_of_record
TN:
SF:src/components/HalfToneText/styles.tsx
FN:5,(anonymous_0)
FN:8,(anonymous_1)
FNF:2
FNH:0
FNDA:0,(anonymous_0)
FNDA:0,(anonymous_1)
DA:4,0
DA:5,0
DA:8,0
LF:3
LH:0
BRF:0
BRH:0
end_of_record
TN:
SF:src/components/InstructionsModal/index.tsx
FN:13,(anonymous_0)
FN:19,(anonymous_1)
FN:25,(anonymous_2)
FN:28,(anonymous_3)
FN:31,(anonymous_4)
FN:36,(anonymous_5)
FN:55,(anonymous_6)
FN:57,(anonymous_7)
FNF:8
FNH:0
FNDA:0,(anonymous_0)
FNDA:0,(anonymous_1)
FNDA:0,(anonymous_2)
FNDA:0,(anonymous_3)
FNDA:0,(anonymous_4)
FNDA:0,(anonymous_5)
FNDA:0,(anonymous_6)
FNDA:0,(anonymous_7)
DA:13,0
DA:14,0
DA:18,0
DA:19,0
DA:20,0
DA:21,0
DA:22,0
DA:25,0
DA:26,0
DA:27,0
DA:28,0
DA:31,0
DA:36,0
DA:37,0
DA:40,0
DA:55,0
DA:57,0
LF:17
LH:0
BRDA:20,0,0,0
BRDA:20,0,1,0
BRDA:21,1,0,0
BRDA:21,1,1,0
BRDA:27,2,0,0
BRDA:27,2,1,0
BRDA:62,3,0,0
BRDA:62,3,1,0
BRF:8
BRH:0
end_of_record
TN:
SF:src/components/InstructionsModal/styles.ts
FN:14,(anonymous_0)
FN:30,(anonymous_1)
FN:51,(anonymous_2)
FNF:3
FNH:0
FNDA:0,(anonymous_0)
FNDA:0,(anonymous_1)
FNDA:0,(anonymous_2)
DA:5,0
DA:12,0
DA:14,0
DA:20,0
DA:24,0
DA:29,0
DA:30,0
DA:36,0
DA:43,0
DA:48,0
DA:51,0
LF:11
LH:0
BRF:0
BRH:0
end_of_record
TN:
SF:src/components/LinkText/index.tsx
FN:8,LinkText
FNF:1
FNH:0
FNDA:0,LinkText
DA:9,0
LF:1
LH:0
BRF:0
BRH:0
end_of_record
TN:
SF:src/components/LinkText/styles.tsx
FN:5,(anonymous_0)
FN:8,(anonymous_1)
FNF:2
FNH:0
FNDA:0,(anonymous_0)
FNDA:0,(anonymous_1)
DA:4,0
DA:5,0
DA:8,0
LF:3
LH:0
BRF:0
BRH:0
end_of_record
TN:
SF:src/components/MapViewImage/index.tsx
FN:9,MapViewImage
FNF:1
FNH:0
FNDA:0,MapViewImage
DA:10,0
LF:1
LH:0
BRF:0
BRH:0
end_of_record
TN:
SF:src/components/MapViewImage/styles.tsx
FNF:0
FNH:0
DA:4,0
LF:1
LH:0
BRF:0
BRH:0
end_of_record
TN:
SF:src/components/NoFishImagePhoto/index.tsx
FN:3,(anonymous_0)
FNF:1
FNH:0
FNDA:0,(anonymous_0)
DA:3,0
DA:4,0
LF:2
LH:0
BRF:0
BRH:0
end_of_record
TN:
SF:src/components/NoFishImagePhoto/style.ts
FNF:0
FNH:0
DA:5,0
DA:15,0
LF:2
LH:0
BRF:0
BRH:0
end_of_record
TN:
SF:src/components/ProfileImage/index.tsx
FN:9,ProfileImage
FNF:1
FNH:0
FNDA:0,ProfileImage
DA:10,0
LF:1
LH:0
BRF:0
BRH:0
end_of_record
TN:
SF:src/components/ProfileImage/styles.tsx
FNF:0
FNH:0
DA:4,0
LF:1
LH:0
BRF:0
BRH:0
end_of_record
TN:
SF:src/components/Property/index.tsx
FN:11,Property
FNF:1
FNH:0
FNDA:0,Property
DA:12,0
LF:1
LH:0
BRF:0
BRH:0
end_of_record
TN:
SF:src/components/Property/styles.tsx
FNF:0
FNH:0
DA:4,0
LF:1
LH:0
BRF:0
BRH:0
end_of_record
TN:
SF:src/components/RegularText/index.tsx
FN:8,RegularText
FNF:1
FNH:0
FNDA:0,RegularText
DA:9,0
LF:1
LH:0
BRF:0
BRH:0
end_of_record
TN:
SF:src/components/RegularText/styles.tsx
FN:5,(anonymous_0)
FN:8,(anonymous_1)
FNF:2
FNH:0
FNDA:0,(anonymous_0)
FNDA:0,(anonymous_1)
DA:4,0
DA:5,0
DA:8,0
LF:3
LH:0
BRF:0
BRH:0
end_of_record
TN:
SF:src/components/Title/index.tsx
FN:8,Title
FNF:1
FNH:0
FNDA:0,Title
DA:9,0
LF:1
LH:0
BRF:0
BRH:0
end_of_record
TN:
SF:src/components/Title/styles.tsx
FN:5,(anonymous_0)
FN:8,(anonymous_1)
FNF:2
FNH:0
FNDA:0,(anonymous_0)
FNDA:0,(anonymous_1)
DA:4,0
DA:5,0
DA:8,0
LF:3
LH:0
BRF:0
BRH:0
end_of_record
TN:
SF:src/components/TopBar/index.tsx
FN:12,TopBar
FNF:1
FNH:0
FNDA:0,TopBar
DA:13,0
LF:1
LH:0
BRF:0
BRH:0
end_of_record
TN:
SF:src/components/TopBar/styles.ts
FN:8,(anonymous_0)
FN:30,(anonymous_1)
FN:36,(anonymous_2)
FNF:3
FNH:0
FNDA:0,(anonymous_0)
FNDA:0,(anonymous_1)
FNDA:0,(anonymous_2)
DA:5,0
DA:8,0
DA:16,0
DA:20,0
DA:25,0
DA:28,0
DA:30,0
DA:33,0
DA:36,0
LF:9
LH:0
BRF:0
BRH:0
end_of_record
TN:
SF:src/components/TouchableText/index.tsx
FN:4,TouchableText
FNF:1
FNH:0
FNDA:0,TouchableText
DA:5,0
DA:8,0
LF:2
LH:0
BRF:0
BRH:0
end_of_record
TN:
SF:src/components/TouchableText/styles.tsx
FN:5,(anonymous_0)
FN:6,(anonymous_1)
FN:14,(anonymous_2)
FNF:3
FNH:0
FNDA:0,(anonymous_0)
FNDA:0,(anonymous_1)
FNDA:0,(anonymous_2)
DA:4,0
DA:6,0
DA:7,0
DA:11,0
DA:14,0
LF:5
LH:0
BRDA:7,0,0,0
BRDA:7,0,1,0
BRF:2
BRH:0
end_of_record
TN:
SF:src/components/TouchableTitle/index.tsx
FN:4,TouchableTitle
FNF:1
FNH:0
FNDA:0,TouchableTitle
DA:5,0
DA:8,0
LF:2
LH:0
BRF:0
BRH:0
end_of_record
TN:
SF:src/components/TouchableTitle/styles.tsx
FNF:0
FNH:0
DA:3,0
LF:1
LH:0
BRF:0
BRH:0
end_of_record
TN:
SF:src/components/TwoTouchablesContainer/index.tsx
FN:14,TwoTouchablesContainer
FN:21,(anonymous_1)
FN:29,(anonymous_2)
FNF:3
FNH:0
FNDA:0,TwoTouchablesContainer
FNDA:0,(anonymous_1)
FNDA:0,(anonymous_2)
DA:15,0
DA:18,0
DA:22,0
DA:30,0
LF:4
LH:0
BRDA:26,0,0,0
BRDA:26,0,1,0
BRDA:34,1,0,0
BRDA:34,1,1,0
BRF:4
BRH:0
end_of_record
TN:
SF:src/components/TwoTouchablesContainer/styles.tsx
FN:6,(anonymous_0)
FN:23,(anonymous_1)
FN:27,(anonymous_2)
FN:28,(anonymous_3)
FNF:4
FNH:0
FNDA:0,(anonymous_0)
FNDA:0,(anonymous_1)
FNDA:0,(anonymous_2)
FNDA:0,(anonymous_3)
DA:4,0
DA:6,0
DA:9,0
DA:16,0
DA:20,0
DA:23,0
DA:26,0
DA:28,0
DA:29,0
LF:9
LH:0
BRDA:29,0,0,0
BRDA:29,0,1,0
BRF:2
BRH:0
end_of_record
TN:
SF:src/components/Wiki/index.tsx
FN:18,(anonymous_0)
FN:27,(anonymous_1)
FN:37,(anonymous_2)
FN:46,(anonymous_3)
FN:70,(anonymous_4)
FN:84,(anonymous_5)
FNF:6
FNH:0
FNDA:0,(anonymous_0)
FNDA:0,(anonymous_1)
FNDA:0,(anonymous_2)
FNDA:0,(anonymous_3)
FNDA:0,(anonymous_4)
FNDA:0,(anonymous_5)
DA:18,0
DA:23,0
DA:24,0
DA:25,0
DA:27,0
DA:28,0
DA:29,0
DA:30,0
DA:32,0
DA:34,0
DA:37,0
DA:38,0
DA:46,0
DA:47,0
DA:50,0
DA:71,0
DA:80,0
DA:85,0
DA:94,0
LF:19
LH:0
BRDA:52,0,0,0
BRDA:52,0,1,0
BRDA:70,1,0,0
BRDA:70,1,1,0
BRDA:71,2,0,0
BRDA:71,2,1,0
BRDA:72,3,0,0
BRDA:72,3,1,0
BRDA:72,3,2,0
BRDA:85,4,0,0
BRDA:85,4,1,0
BRDA:86,5,0,0
BRDA:86,5,1,0
BRDA:86,5,2,0
BRDA:103,6,0,0
BRDA:103,6,1,0
BRDA:113,7,0,0
BRDA:113,7,1,0
BRF:18
BRH:0
end_of_record
TN:
SF:src/components/Wiki/styles.ts
FN:7,(anonymous_0)
FN:14,(anonymous_1)
FN:15,(anonymous_2)
FN:28,(anonymous_3)
FN:45,(anonymous_4)
FN:49,(anonymous_5)
FN:50,(anonymous_6)
FN:64,(anonymous_7)
FN:72,(anonymous_8)
FNF:9
FNH:0
FNDA:0,(anonymous_0)
FNDA:0,(anonymous_1)
FNDA:0,(anonymous_2)
FNDA:0,(anonymous_3)
FNDA:0,(anonymous_4)
FNDA:0,(anonymous_5)
FNDA:0,(anonymous_6)
FNDA:0,(anonymous_7)
FNDA:0,(anonymous_8)
DA:5,0
DA:7,0
DA:10,0
DA:14,0
DA:15,0
DA:18,0
DA:22,0
DA:28,0
DA:30,0
DA:38,0
DA:42,0
DA:45,0
DA:48,0
DA:50,0
DA:51,0
DA:56,0
DA:63,0
DA:64,0
DA:71,0
DA:72,0
DA:79,0
DA:86,0
LF:22
LH:0
BRDA:51,0,0,0
BRDA:51,0,1,0
BRF:2
BRH:0
end_of_record
TN:
SF:src/components/WikiFishCard/index.tsx
FN:59,(anonymous_0)
FN:65,(anonymous_1)
FN:75,(anonymous_2)
FN:86,(anonymous_3)
FNF:4
FNH:2
FNDA:3,(anonymous_0)
FNDA:0,(anonymous_1)
FNDA:2,(anonymous_2)
FNDA:0,(anonymous_3)
DA:59,2
DA:64,3
DA:65,3
DA:66,0
DA:67,0
DA:68,0
DA:69,0
DA:71,0
DA:72,0
DA:75,3
DA:76,2
DA:77,0
DA:78,0
DA:79,0
DA:81,2
DA:82,1
DA:85,3
LF:17
LH:8
BRDA:66,0,0,0
BRDA:66,0,1,0
BRDA:71,1,0,0
BRDA:71,1,1,0
BRDA:76,2,0,0
BRDA:76,2,1,2
BRDA:81,3,0,1
BRDA:81,3,1,1
BRDA:88,4,0,1
BRDA:88,4,1,2
BRDA:102,5,0,0
BRDA:102,5,1,3
BRDA:105,6,0,0
BRDA:105,6,1,3
BRF:14
BRH:7
end_of_record
TN:
SF:src/components/WikiFishCard/styles.ts
FN:12,(anonymous_0)
FN:50,(anonymous_1)
FN:53,(anonymous_2)
FN:58,(anonymous_3)
FN:62,(anonymous_4)
FNF:5
FNH:5
FNDA:3,(anonymous_0)
FNDA:3,(anonymous_1)
FNDA:3,(anonymous_2)
FNDA:3,(anonymous_3)
FNDA:3,(anonymous_4)
DA:6,2
DA:12,3
DA:16,2
DA:22,2
DA:29,2
DA:39,2
DA:43,2
DA:49,2
DA:50,3
DA:53,3
DA:57,2
DA:58,3
DA:62,3
LF:13
LH:13
BRF:0
BRH:0
end_of_record
TN:
SF:src/components/WikiFishList/index.tsx
FN:11,(anonymous_0)
FN:16,(anonymous_1)
FN:21,(anonymous_2)
FN:25,(anonymous_3)
FN:30,(anonymous_4)
FNF:5
FNH:3
FNDA:1,(anonymous_0)
FNDA:1,(anonymous_1)
FNDA:0,(anonymous_2)
FNDA:0,(anonymous_3)
FNDA:1,(anonymous_4)
DA:11,1
DA:13,1
DA:17,1
DA:21,0
DA:25,0
DA:30,1
LF:6
LH:4
BRDA:18,0,0,0
BRDA:18,0,1,1
BRDA:21,1,0,0
BRDA:21,1,1,0
BRF:4
BRH:1
end_of_record
TN:
SF:src/components/WikiFishList/styles.ts
FNF:0
FNH:0
DA:6,1
LF:1
LH:1
BRF:0
BRH:0
end_of_record
TN:
SF:src/contexts/authContext.tsx
FN:19,(anonymous_0)
FN:23,getValues
FN:30,(anonymous_2)
FN:40,(anonymous_3)
FN:44,signIn
FN:67,signOut
FN:91,(anonymous_6)
FNF:7
FNH:0
FNDA:0,(anonymous_0)
FNDA:0,getValues
FNDA:0,(anonymous_2)
FNDA:0,(anonymous_3)
FNDA:0,signIn
FNDA:0,signOut
FNDA:0,(anonymous_6)
DA:17,0
DA:19,0
DA:20,0
DA:21,0
DA:24,0
DA:25,0
DA:26,0
DA:28,0
DA:30,0
DA:31,0
DA:32,0
DA:33,0
DA:34,0
DA:35,0
DA:37,0
DA:40,0
DA:41,0
DA:45,0
DA:46,0
DA:48,0
DA:49,0
DA:50,0
DA:54,0
DA:55,0
DA:56,0
DA:58,0
DA:59,0
DA:60,0
DA:61,0
DA:63,0
DA:68,0
DA:69,0
DA:70,0
DA:71,0
DA:72,0
DA:73,0
DA:74,0
DA:77,0
DA:91,0
LF:39
LH:0
BRDA:32,0,0,0
BRDA:32,0,1,0
BRDA:32,1,0,0
BRDA:32,1,1,0
BRDA:55,2,0,0
BRDA:55,2,1,0
BRF:6
BRH:0
end_of_record
TN:
SF:src/global/styles/styled.d.ts
FNF:0
FNH:0
LF:0
LH:0
BRF:0
BRH:0
end_of_record
TN:
SF:src/global/styles/theme.ts
FNF:0
FNH:0
LF:0
LH:0
BRF:0
BRH:0
end_of_record
TN:
SF:src/navigation/navigation.tsx
FN:20,(anonymous_0)
FN:45,(anonymous_1)
FN:65,(anonymous_2)
FN:98,Navigation
FNF:4
FNH:0
FNDA:0,(anonymous_0)
FNDA:0,(anonymous_1)
FNDA:0,(anonymous_2)
FNDA:0,Navigation
DA:16,0
DA:18,0
DA:20,0
DA:21,0
DA:45,0
DA:65,0
DA:66,0
DA:99,0
DA:100,0
LF:9
LH:0
BRDA:100,0,0,0
BRDA:100,0,1,0
BRF:2
BRH:0
end_of_record
TN:
SF:src/screens/Drafts/index.tsx
FN:8,(anonymous_0)
FN:10,(anonymous_1)
FN:19,(anonymous_2)
FN:29,(anonymous_3)
FNF:4
FNH:0
FNDA:0,(anonymous_0)
FNDA:0,(anonymous_1)
FNDA:0,(anonymous_2)
FNDA:0,(anonymous_3)
DA:8,0
DA:9,0
DA:10,0
DA:11,0
DA:12,0
DA:13,0
DA:14,0
DA:16,0
DA:19,0
DA:20,0
DA:29,0
DA:30,0
DA:32,0
LF:13
LH:0
BRDA:12,0,0,0
BRDA:12,0,1,0
BRDA:12,1,0,0
BRDA:12,1,1,0
BRDA:35,2,0,0
BRDA:35,2,1,0
BRF:6
BRH:0
end_of_record
TN:
SF:src/screens/Drafts/styles.ts
FNF:0
FNH:0
DA:3,0
LF:1
LH:0
BRF:0
BRH:0
end_of_record
TN:
SF:src/screens/HomeScreen/index.tsx
FN:19,Home
FN:21,(anonymous_1)
FN:41,(anonymous_2)
FN:50,(anonymous_3)
FN:57,(anonymous_4)
FNF:5
FNH:0
FNDA:0,Home
FNDA:0,(anonymous_1)
FNDA:0,(anonymous_2)
FNDA:0,(anonymous_3)
FNDA:0,(anonymous_4)
DA:20,0
DA:21,0
DA:22,0
DA:23,0
DA:28,0
DA:41,0
DA:50,0
DA:57,0
LF:8
LH:0
BRDA:22,0,0,0
BRDA:22,0,1,0
BRF:2
BRH:0
end_of_record
TN:
SF:src/screens/HomeScreen/styles.ts
FN:8,(anonymous_0)
FN:21,(anonymous_1)
FN:24,(anonymous_2)
FN:28,(anonymous_3)
FN:31,(anonymous_4)
FN:34,(anonymous_5)
FN:41,(anonymous_6)
FN:50,(anonymous_7)
FN:53,(anonymous_8)
FN:64,(anonymous_9)
FN:67,(anonymous_10)
FN:70,(anonymous_11)
FN:73,(anonymous_12)
FNF:13
FNH:0
FNDA:0,(anonymous_0)
FNDA:0,(anonymous_1)
FNDA:0,(anonymous_2)
FNDA:0,(anonymous_3)
FNDA:0,(anonymous_4)
FNDA:0,(anonymous_5)
FNDA:0,(anonymous_6)
FNDA:0,(anonymous_7)
FNDA:0,(anonymous_8)
FNDA:0,(anonymous_9)
FNDA:0,(anonymous_10)
FNDA:0,(anonymous_11)
FNDA:0,(anonymous_12)
DA:4,0
DA:8,0
DA:11,0
DA:15,0
DA:20,0
DA:21,0
DA:24,0
DA:26,0
DA:28,0
DA:30,0
DA:31,0
DA:34,0
DA:38,0
DA:41,0
DA:49,0
DA:50,0
DA:53,0
DA:56,0
DA:59,0
DA:63,0
DA:64,0
DA:67,0
DA:69,0
DA:70,0
DA:73,0
LF:25
LH:0
BRF:0
BRH:0
end_of_record
TN:
SF:src/screens/Login/index.tsx
FN:23,Login
FN:33,(anonymous_1)
FN:95,(anonymous_2)
FNF:3
FNH:0
FNDA:0,Login
FNDA:0,(anonymous_1)
FNDA:0,(anonymous_2)
DA:24,0
DA:25,0
DA:26,0
DA:29,0
DA:30,0
DA:31,0
DA:33,0
DA:34,0
DA:35,0
DA:36,0
DA:37,0
DA:38,0
DA:40,0
DA:41,0
DA:42,0
DA:43,0
DA:44,0
DA:46,0
DA:48,0
DA:49,0
DA:55,0
DA:58,0
DA:95,0
LF:23
LH:0
BRDA:36,0,0,0
BRDA:36,0,1,0
BRDA:36,1,0,0
BRDA:36,1,1,0
BRDA:40,2,0,0
BRDA:40,2,1,0
BRDA:43,3,0,0
BRDA:43,3,1,0
BRDA:48,4,0,0
BRDA:48,4,1,0
BRDA:66,5,0,0
BRDA:66,5,1,0
BRDA:76,6,0,0
BRDA:76,6,1,0
BRF:14
BRH:0
end_of_record
TN:
SF:src/screens/Login/styles.ts
FN:8,(anonymous_0)
FN:22,(anonymous_1)
FN:25,(anonymous_2)
FN:29,(anonymous_3)
FN:56,(anonymous_4)
FN:62,(anonymous_5)
FN:64,(anonymous_6)
FN:78,(anonymous_7)
FN:81,(anonymous_8)
FN:84,(anonymous_9)
FN:87,(anonymous_10)
FNF:11
FNH:0
FNDA:0,(anonymous_0)
FNDA:0,(anonymous_1)
FNDA:0,(anonymous_2)
FNDA:0,(anonymous_3)
FNDA:0,(anonymous_4)
FNDA:0,(anonymous_5)
FNDA:0,(anonymous_6)
FNDA:0,(anonymous_7)
FNDA:0,(anonymous_8)
FNDA:0,(anonymous_9)
FNDA:0,(anonymous_10)
DA:4,0
DA:8,0
DA:11,0
DA:16,0
DA:21,0
DA:22,0
DA:25,0
DA:27,0
DA:29,0
DA:32,0
DA:37,0
DA:47,0
DA:51,0
DA:56,0
DA:61,0
DA:62,0
DA:64,0
DA:68,0
DA:73,0
DA:77,0
DA:78,0
DA:81,0
DA:83,0
DA:84,0
DA:87,0
LF:25
LH:0
BRF:0
BRH:0
end_of_record
TN:
SF:src/screens/Maps/index.tsx
FN:6,(anonymous_0)
FN:9,(anonymous_1)
FN:12,(anonymous_2)
FN:46,(anonymous_3)
FN:47,(anonymous_4)
FNF:5
FNH:0
FNDA:0,(anonymous_0)
FNDA:0,(anonymous_1)
FNDA:0,(anonymous_2)
FNDA:0,(anonymous_3)
FNDA:0,(anonymous_4)
DA:6,0
DA:7,0
DA:9,0
DA:10,0
DA:12,0
DA:13,0
DA:14,0
DA:15,0
DA:21,0
DA:23,0
DA:46,0
DA:47,0
LF:12
LH:0
BRF:0
BRH:0
end_of_record
TN:
SF:src/screens/Maps/styles.ts
FN:34,(anonymous_0)
FN:39,(anonymous_1)
FN:41,(anonymous_2)
FN:56,(anonymous_3)
FN:61,(anonymous_4)
FN:62,(anonymous_5)
FN:67,(anonymous_6)
FN:68,(anonymous_7)
FNF:8
FNH:0
FNDA:0,(anonymous_0)
FNDA:0,(anonymous_1)
FNDA:0,(anonymous_2)
FNDA:0,(anonymous_3)
FNDA:0,(anonymous_4)
FNDA:0,(anonymous_5)
FNDA:0,(anonymous_6)
FNDA:0,(anonymous_7)
DA:7,0
DA:14,0
DA:19,0
DA:27,0
DA:34,0
DA:38,0
DA:39,0
DA:41,0
DA:45,0
DA:52,0
DA:56,0
DA:60,0
DA:61,0
DA:62,0
DA:66,0
DA:67,0
DA:68,0
DA:73,0
DA:78,0
LF:19
LH:0
BRF:0
BRH:0
end_of_record
TN:
SF:src/screens/NewFishLog/index.tsx
FN:61,NewFishLog
FN:81,(anonymous_1)
FN:96,(anonymous_2)
FN:103,(anonymous_3)
FN:116,(anonymous_4)
FN:137,requestPermission
FN:145,openCamera
FN:159,pickImage
FN:175,(anonymous_8)
FN:221,(anonymous_9)
FN:233,(anonymous_10)
FN:275,(anonymous_11)
FN:318,(anonymous_12)
FN:358,(anonymous_13)
FN:380,(anonymous_14)
FN:419,(anonymous_15)
FN:420,(anonymous_16)
FN:436,(anonymous_17)
FN:438,(anonymous_18)
FN:444,(anonymous_19)
FN:449,(anonymous_20)
FN:450,(anonymous_21)
FN:452,(anonymous_22)
FN:454,(anonymous_23)
FN:465,(anonymous_24)
FN:466,(anonymous_25)
FN:475,(anonymous_26)
FN:477,(anonymous_27)
FN:479,(anonymous_28)
FN:525,(anonymous_29)
FN:557,(anonymous_30)
FN:578,(anonymous_31)
FN:592,(anonymous_32)
FNF:33
FNH:0
FNDA:0,NewFishLog
FNDA:0,(anonymous_1)
FNDA:0,(anonymous_2)
FNDA:0,(anonymous_3)
FNDA:0,(anonymous_4)
FNDA:0,requestPermission
FNDA:0,openCamera
FNDA:0,pickImage
FNDA:0,(anonymous_8)
FNDA:0,(anonymous_9)
FNDA:0,(anonymous_10)
FNDA:0,(anonymous_11)
FNDA:0,(anonymous_12)
FNDA:0,(anonymous_13)
FNDA:0,(anonymous_14)
FNDA:0,(anonymous_15)
FNDA:0,(anonymous_16)
FNDA:0,(anonymous_17)
FNDA:0,(anonymous_18)
FNDA:0,(anonymous_19)
FNDA:0,(anonymous_20)
FNDA:0,(anonymous_21)
FNDA:0,(anonymous_22)
FNDA:0,(anonymous_23)
FNDA:0,(anonymous_24)
FNDA:0,(anonymous_25)
FNDA:0,(anonymous_26)
FNDA:0,(anonymous_27)
FNDA:0,(anonymous_28)
FNDA:0,(anonymous_29)
FNDA:0,(anonymous_30)
FNDA:0,(anonymous_31)
FNDA:0,(anonymous_32)
DA:62,0
DA:63,0
DA:64,0
DA:65,0
DA:66,0
DA:67,0
DA:68,0
DA:69,0
DA:70,0
DA:71,0
DA:72,0
DA:73,0
DA:74,0
DA:75,0
DA:76,0
DA:77,0
DA:78,0
DA:79,0
DA:81,0
DA:82,0
DA:83,0
DA:84,0
DA:85,0
DA:86,0
DA:87,0
DA:90,0
DA:92,0
DA:96,0
DA:97,0
DA:98,0
DA:99,0
DA:100,0
DA:103,0
DA:104,0
DA:105,0
DA:106,0
DA:107,0
DA:108,0
DA:110,0
DA:111,0
DA:113,0
DA:116,0
DA:117,0
DA:118,0
DA:119,0
DA:120,0
DA:121,0
DA:122,0
DA:124,0
DA:125,0
DA:126,0
DA:127,0
DA:128,0
DA:129,0
DA:130,0
DA:131,0
DA:133,0
DA:139,0
DA:140,0
DA:141,0
DA:146,0
DA:148,0
DA:153,0
DA:154,0
DA:156,0
DA:160,0
DA:162,0
DA:169,0
DA:170,0
DA:172,0
DA:175,0
DA:176,0
DA:177,0
DA:178,0
DA:179,0
DA:180,0
DA:181,0
DA:184,0
DA:185,0
DA:199,0
DA:200,0
DA:201,0
DA:205,0
DA:207,0
DA:208,0
DA:209,0
DA:210,0
DA:212,0
DA:213,0
DA:221,0
DA:222,0
DA:223,0
DA:224,0
DA:225,0
DA:226,0
DA:227,0
DA:228,0
DA:233,0
DA:234,0
DA:235,0
DA:236,0
DA:237,0
DA:248,0
DA:249,0
DA:250,0
DA:251,0
DA:255,0
DA:257,0
DA:258,0
DA:259,0
DA:260,0
DA:262,0
DA:263,0
DA:264,0
DA:266,0
DA:267,0
DA:275,0
DA:276,0
DA:277,0
DA:278,0
DA:279,0
DA:283,0
DA:285,0
DA:286,0
DA:287,0
DA:288,0
DA:289,0
DA:290,0
DA:291,0
DA:292,0
DA:293,0
DA:295,0
DA:296,0
DA:297,0
DA:314,0
DA:318,0
DA:319,0
DA:320,0
DA:321,0
DA:333,0
DA:334,0
DA:335,0
DA:336,0
DA:337,0
DA:338,0
DA:342,0
DA:346,0
DA:348,0
DA:349,0
DA:350,0
DA:354,0
DA:355,0
DA:358,0
DA:359,0
DA:361,0
DA:362,0
DA:363,0
DA:366,0
DA:367,0
DA:371,0
DA:373,0
DA:380,0
DA:381,0
DA:382,0
DA:383,0
DA:384,0
DA:385,0
DA:386,0
DA:388,0
DA:389,0
DA:390,0
DA:391,0
DA:392,0
DA:393,0
DA:394,0
DA:395,0
DA:396,0
DA:397,0
DA:398,0
DA:399,0
DA:400,0
DA:401,0
DA:402,0
DA:405,0
DA:406,0
DA:407,0
DA:410,0
DA:411,0
DA:414,0
DA:415,0
DA:416,0
DA:419,0
DA:420,0
DA:421,0
DA:424,0
DA:425,0
DA:426,0
DA:429,0
DA:430,0
DA:431,0
DA:434,0
DA:437,0
DA:438,0
DA:444,0
DA:445,0
DA:449,0
DA:450,0
DA:451,0
DA:452,0
DA:453,0
DA:455,0
DA:456,0
DA:465,0
DA:466,0
DA:467,0
DA:468,0
DA:469,0
DA:472,0
DA:475,0
DA:476,0
DA:477,0
DA:478,0
DA:480,0
DA:481,0
DA:490,0
DA:526,0
DA:529,0
DA:530,0
DA:531,0
DA:534,0
DA:535,0
DA:536,0
DA:539,0
DA:557,0
DA:578,0
DA:593,0
DA:594,0
DA:595,0
DA:598,0
LF:239
LH:0
BRDA:86,0,0,0
BRDA:86,0,1,0
BRDA:107,1,0,0
BRDA:107,1,1,0
BRDA:110,2,0,0
BRDA:110,2,1,0
BRDA:120,3,0,0
BRDA:120,3,1,0
BRDA:124,4,0,0
BRDA:124,4,1,0
BRDA:125,5,0,0
BRDA:125,5,1,0
BRDA:126,6,0,0
BRDA:126,6,1,0
BRDA:127,7,0,0
BRDA:127,7,1,0
BRDA:128,8,0,0
BRDA:128,8,1,0
BRDA:129,9,0,0
BRDA:129,9,1,0
BRDA:130,10,0,0
BRDA:130,10,1,0
BRDA:131,11,0,0
BRDA:131,11,1,0
BRDA:140,12,0,0
BRDA:140,12,1,0
BRDA:153,13,0,0
BRDA:153,13,1,0
BRDA:169,14,0,0
BRDA:169,14,1,0
BRDA:180,15,0,0
BRDA:180,15,1,0
BRDA:208,16,0,0
BRDA:208,16,1,0
BRDA:212,17,0,0
BRDA:212,17,1,0
BRDA:222,18,0,0
BRDA:222,18,1,0
BRDA:224,19,0,0
BRDA:224,19,1,0
BRDA:226,20,0,0
BRDA:226,20,1,0
BRDA:259,21,0,0
BRDA:259,21,1,0
BRDA:262,22,0,0
BRDA:262,22,1,0
BRDA:266,23,0,0
BRDA:266,23,1,0
BRDA:278,24,0,0
BRDA:278,24,1,0
BRDA:287,25,0,0
BRDA:287,25,1,0
BRDA:291,26,0,0
BRDA:291,26,1,0
BRDA:291,27,0,0
BRDA:291,27,1,0
BRDA:295,28,0,0
BRDA:295,28,1,0
BRDA:296,29,0,0
BRDA:296,29,1,0
BRDA:333,30,0,0
BRDA:333,30,1,0
BRDA:335,31,0,0
BRDA:335,31,1,0
BRDA:336,32,0,0
BRDA:336,32,1,0
BRDA:359,33,0,0
BRDA:359,33,1,0
BRDA:359,34,0,0
BRDA:359,34,1,0
BRDA:361,35,0,0
BRDA:361,35,1,0
BRDA:362,36,0,0
BRDA:362,36,1,0
BRDA:385,37,0,0
BRDA:385,37,1,0
BRDA:390,38,0,0
BRDA:390,38,1,0
BRDA:400,39,0,0
BRDA:400,39,1,0
BRDA:405,40,0,0
BRDA:405,40,1,0
BRDA:410,41,0,0
BRDA:410,41,1,0
BRDA:410,42,0,0
BRDA:410,42,1,0
BRDA:414,43,0,0
BRDA:414,43,1,0
BRDA:421,44,0,0
BRDA:421,44,1,0
BRDA:421,45,0,0
BRDA:421,45,1,0
BRDA:424,46,0,0
BRDA:424,46,1,0
BRDA:425,47,0,0
BRDA:425,47,1,0
BRDA:429,48,0,0
BRDA:429,48,1,0
BRDA:430,49,0,0
BRDA:430,49,1,0
BRDA:467,50,0,0
BRDA:467,50,1,0
BRDA:468,51,0,0
BRDA:468,51,1,0
BRDA:493,52,0,0
BRDA:493,52,1,0
BRDA:498,53,0,0
BRDA:498,53,1,0
BRDA:525,54,0,0
BRDA:525,54,1,0
BRDA:525,55,0,0
BRDA:525,55,1,0
BRDA:526,56,0,0
BRDA:526,56,1,0
BRDA:526,57,0,0
BRDA:526,57,1,0
BRDA:529,58,0,0
BRDA:529,58,1,0
BRDA:530,59,0,0
BRDA:530,59,1,0
BRDA:534,60,0,0
BRDA:534,60,1,0
BRDA:535,61,0,0
BRDA:535,61,1,0
BRDA:561,62,0,0
BRDA:561,62,1,0
BRDA:562,63,0,0
BRDA:562,63,1,0
BRDA:571,64,0,0
BRDA:571,64,1,0
BRDA:571,65,0,0
BRDA:571,65,1,0
BRDA:582,66,0,0
BRDA:582,66,1,0
BRDA:583,67,0,0
BRDA:583,67,1,0
BRDA:592,68,0,0
BRDA:592,68,1,0
BRDA:592,69,0,0
BRDA:592,69,1,0
BRDA:593,70,0,0
BRDA:593,70,1,0
BRDA:594,71,0,0
BRDA:594,71,1,0
BRDA:630,72,0,0
BRDA:630,72,1,0
BRDA:630,73,0,0
BRDA:630,73,1,0
BRF:148
BRH:0
end_of_record
TN:
SF:src/screens/NewFishLog/styles.ts
FN:7,(anonymous_0)
FN:26,(anonymous_1)
FN:30,(anonymous_2)
FN:33,(anonymous_3)
FN:61,(anonymous_4)
FN:78,(anonymous_5)
FN:116,(anonymous_6)
FN:121,(anonymous_7)
FN:122,(anonymous_8)
FN:136,(anonymous_9)
FN:142,(anonymous_10)
FN:143,(anonymous_11)
FNF:12
FNH:0
FNDA:0,(anonymous_0)
FNDA:0,(anonymous_1)
FNDA:0,(anonymous_2)
FNDA:0,(anonymous_3)
FNDA:0,(anonymous_4)
FNDA:0,(anonymous_5)
FNDA:0,(anonymous_6)
FNDA:0,(anonymous_7)
FNDA:0,(anonymous_8)
FNDA:0,(anonymous_9)
FNDA:0,(anonymous_10)
FNDA:0,(anonymous_11)
DA:5,0
DA:7,0
DA:10,0
DA:16,0
DA:24,0
DA:26,0
DA:29,0
DA:30,0
DA:33,0
DA:37,0
DA:43,0
DA:53,0
DA:56,0
DA:61,0
DA:66,0
DA:70,0
DA:74,0
DA:78,0
DA:82,0
DA:89,0
DA:95,0
DA:105,0
DA:114,0
DA:116,0
DA:119,0
DA:121,0
DA:122,0
DA:126,0
DA:132,0
DA:136,0
DA:141,0
DA:142,0
DA:143,0
DA:147,0
LF:34
LH:0
BRF:0
BRH:0
end_of_record
TN:
SF:src/screens/Register/index.tsx
FN:25,Register
FN:45,(anonymous_1)
FN:63,(anonymous_2)
FN:72,(anonymous_3)
FN:81,(anonymous_4)
FN:125,(anonymous_5)
FN:130,(anonymous_6)
FN:135,(anonymous_7)
FN:144,(anonymous_8)
FN:152,(anonymous_9)
FNF:10
FNH:0
FNDA:0,Register
FNDA:0,(anonymous_1)
FNDA:0,(anonymous_2)
FNDA:0,(anonymous_3)
FNDA:0,(anonymous_4)
FNDA:0,(anonymous_5)
FNDA:0,(anonymous_6)
FNDA:0,(anonymous_7)
FNDA:0,(anonymous_8)
FNDA:0,(anonymous_9)
DA:26,0
DA:27,0
DA:28,0
DA:29,0
DA:30,0
DA:31,0
DA:32,0
DA:33,0
DA:34,0
DA:35,0
DA:36,0
DA:37,0
DA:38,0
DA:39,0
DA:42,0
DA:43,0
DA:45,0
DA:46,0
DA:48,0
DA:50,0
DA:51,0
DA:52,0
DA:53,0
DA:54,0
DA:55,0
DA:56,0
DA:57,0
DA:58,0
DA:59,0
DA:63,0
DA:64,0
DA:65,0
DA:66,0
DA:68,0
DA:72,0
DA:73,0
DA:74,0
DA:77,0
DA:81,0
DA:82,0
DA:83,0
DA:84,0
DA:93,0
DA:94,0
DA:95,0
DA:105,0
DA:107,0
DA:108,0
DA:111,0
DA:114,0
DA:117,0
DA:122,0
DA:125,0
DA:126,0
DA:127,0
DA:130,0
DA:131,0
DA:132,0
DA:135,0
DA:136,0
DA:137,0
DA:140,0
DA:145,0
DA:153,0
LF:64
LH:0
BRDA:46,0,0,0
BRDA:46,0,1,0
BRDA:50,1,0,0
BRDA:50,1,1,0
BRDA:53,2,0,0
BRDA:53,2,1,0
BRDA:56,3,0,0
BRDA:56,3,1,0
BRDA:64,4,0,0
BRDA:64,4,1,0
BRDA:73,5,0,0
BRDA:73,5,1,0
BRDA:84,6,0,0
BRDA:84,6,1,0
BRDA:85,7,0,0
BRDA:85,7,1,0
BRDA:85,7,2,0
BRDA:85,7,3,0
BRDA:85,7,4,0
BRDA:85,7,5,0
BRDA:85,7,6,0
BRDA:93,8,0,0
BRDA:93,8,1,0
BRDA:93,9,0,0
BRDA:93,9,1,0
BRDA:93,9,2,0
BRDA:149,10,0,0
BRDA:149,10,1,0
BRDA:157,11,0,0
BRDA:157,11,1,0
BRDA:160,12,0,0
BRDA:160,12,1,0
BRDA:181,13,0,0
BRDA:181,13,1,0
BRDA:200,14,0,0
BRDA:200,14,1,0
BRDA:244,15,0,0
BRDA:244,15,1,0
BRDA:249,16,0,0
BRDA:249,16,1,0
BRF:40
BRH:0
end_of_record
TN:
SF:src/screens/Register/styles.ts
FN:8,(anonymous_0)
FN:22,(anonymous_1)
FN:26,(anonymous_2)
FN:27,(anonymous_3)
FN:61,(anonymous_4)
FN:70,(anonymous_5)
FN:90,(anonymous_6)
FN:92,(anonymous_7)
FNF:8
FNH:0
FNDA:0,(anonymous_0)
FNDA:0,(anonymous_1)
FNDA:0,(anonymous_2)
FNDA:0,(anonymous_3)
FNDA:0,(anonymous_4)
FNDA:0,(anonymous_5)
FNDA:0,(anonymous_6)
FNDA:0,(anonymous_7)
DA:6,0
DA:8,0
DA:10,0
DA:13,0
DA:19,0
DA:22,0
DA:25,0
DA:27,0
DA:28,0
DA:33,0
DA:38,0
DA:43,0
DA:52,0
DA:56,0
DA:61,0
DA:65,0
DA:70,0
DA:74,0
DA:80,0
DA:89,0
DA:90,0
DA:92,0
DA:96,0
DA:101,0
DA:106,0
LF:25
LH:0
BRDA:28,0,0,0
BRDA:28,0,1,0
BRF:2
BRH:0
end_of_record
TN:
SF:src/screens/ViewFishLog/index.tsx
FN:27,(anonymous_0)
FN:42,(anonymous_1)
FN:55,(anonymous_2)
FN:69,(anonymous_3)
FN:101,(anonymous_4)
FN:112,(anonymous_5)
FN:136,(anonymous_6)
FN:187,(anonymous_7)
FN:194,(anonymous_8)
FN:202,(anonymous_9)
FN:208,(anonymous_10)
FN:226,(anonymous_11)
FN:241,(anonymous_12)
FNF:13
FNH:0
FNDA:0,(anonymous_0)
FNDA:0,(anonymous_1)
FNDA:0,(anonymous_2)
FNDA:0,(anonymous_3)
FNDA:0,(anonymous_4)
FNDA:0,(anonymous_5)
FNDA:0,(anonymous_6)
FNDA:0,(anonymous_7)
FNDA:0,(anonymous_8)
FNDA:0,(anonymous_9)
FNDA:0,(anonymous_10)
FNDA:0,(anonymous_11)
FNDA:0,(anonymous_12)
DA:27,0
DA:28,0
DA:29,0
DA:30,0
DA:31,0
DA:32,0
DA:33,0
DA:34,0
DA:35,0
DA:36,0
DA:37,0
DA:38,0
DA:39,0
DA:42,0
DA:43,0
DA:44,0
DA:45,0
DA:46,0
DA:47,0
DA:49,0
DA:50,0
DA:52,0
DA:55,0
DA:56,0
DA:57,0
DA:58,0
DA:62,0
DA:64,0
DA:69,0
DA:70,0
DA:71,0
DA:72,0
DA:74,0
DA:75,0
DA:76,0
DA:78,0
DA:79,0
DA:80,0
DA:81,0
DA:82,0
DA:84,0
DA:91,0
DA:92,0
DA:98,0
DA:101,0
DA:102,0
DA:103,0
DA:104,0
DA:105,0
DA:107,0
DA:109,0
DA:112,0
DA:113,0
DA:114,0
DA:115,0
DA:116,0
DA:117,0
DA:118,0
DA:119,0
DA:120,0
DA:121,0
DA:123,0
DA:124,0
DA:125,0
DA:126,0
DA:127,0
DA:128,0
DA:129,0
DA:131,0
DA:133,0
DA:136,0
DA:137,0
DA:140,0
DA:188,0
DA:195,0
DA:202,0
DA:209,0
DA:210,0
DA:216,0
DA:227,0
DA:228,0
DA:234,0
DA:241,0
LF:83
LH:0
BRDA:45,0,0,0
BRDA:45,0,1,0
BRDA:49,1,0,0
BRDA:49,1,1,0
BRDA:74,2,0,0
BRDA:74,2,1,0
BRDA:118,3,0,0
BRDA:118,3,1,0
BRDA:143,4,0,0
BRDA:143,4,1,0
BRDA:147,5,0,0
BRDA:147,5,1,0
BRDA:154,6,0,0
BRDA:154,6,1,0
BRDA:157,7,0,0
BRDA:157,7,1,0
BRDA:163,8,0,0
BRDA:163,8,1,0
BRDA:167,9,0,0
BRDA:167,9,1,0
BRDA:173,10,0,0
BRDA:173,10,1,0
BRDA:177,11,0,0
BRDA:177,11,1,0
BRDA:185,12,0,0
BRDA:185,12,1,0
BRDA:209,13,0,0
BRDA:209,13,1,0
BRDA:227,14,0,0
BRDA:227,14,1,0
BRF:30
BRH:0
end_of_record
TN:
SF:src/screens/ViewFishLog/styles.tsx
FN:6,(anonymous_0)
FNF:1
FNH:0
FNDA:0,(anonymous_0)
DA:4,0
DA:6,0
DA:10,0
DA:18,0
DA:27,0
DA:32,0
DA:36,0
LF:7
LH:0
BRF:0
BRH:0
end_of_record
TN:
SF:src/screens/WikiFilter/index.tsx
FN:174,(anonymous_0)
FN:177,(anonymous_1)
FN:207,(anonymous_2)
FN:219,(anonymous_3)
FN:220,(anonymous_4)
FN:234,(anonymous_5)
FN:248,(anonymous_6)
FN:249,(anonymous_7)
FN:263,(anonymous_8)
FNF:9
FNH:0
FNDA:0,(anonymous_0)
FNDA:0,(anonymous_1)
FNDA:0,(anonymous_2)
FNDA:0,(anonymous_3)
FNDA:0,(anonymous_4)
FNDA:0,(anonymous_5)
FNDA:0,(anonymous_6)
FNDA:0,(anonymous_7)
FNDA:0,(anonymous_8)
DA:33,0
DA:174,0
DA:175,0
DA:177,0
DA:179,0
DA:181,0
DA:182,0
DA:183,0
DA:184,0
DA:185,0
DA:186,0
DA:187,0
DA:188,0
DA:192,0
DA:193,0
DA:195,0
DA:204,0
DA:207,0
DA:208,0
DA:209,0
DA:210,0
DA:211,0
DA:212,0
DA:215,0
DA:219,0
DA:220,0
DA:221,0
DA:235,0
DA:236,0
DA:237,0
DA:248,0
DA:249,0
DA:250,0
DA:264,0
DA:265,0
DA:266,0
DA:277,0
LF:37
LH:0
BRDA:182,0,0,0
BRDA:182,0,1,0
BRDA:183,1,0,0
BRDA:183,1,1,0
BRDA:187,2,0,0
BRDA:187,2,1,0
BRDA:192,3,0,0
BRDA:192,3,1,0
BRDA:302,4,0,0
BRDA:302,4,1,0
BRDA:305,5,0,0
BRDA:305,5,1,0
BRDA:308,6,0,0
BRDA:308,6,1,0
BRDA:311,7,0,0
BRDA:311,7,1,0
BRDA:314,8,0,0
BRDA:314,8,1,0
BRF:18
BRH:0
end_of_record
TN:
SF:src/screens/WikiFilter/styles.ts
FN:5,(anonymous_0)
FN:19,(anonymous_1)
FN:22,(anonymous_2)
FNF:3
FNH:0
FNDA:0,(anonymous_0)
FNDA:0,(anonymous_1)
FNDA:0,(anonymous_2)
DA:4,0
DA:5,0
DA:9,0
DA:15,0
DA:18,0
DA:19,0
DA:22,0
DA:26,0
DA:30,0
DA:36,0
LF:10
LH:0
BRF:0
BRH:0
end_of_record
TN:
SF:src/screens/WikiFish/index.tsx
FN:24,(anonymous_0)
FN:43,(anonymous_1)
FN:70,(anonymous_2)
FNF:3
FNH:0
FNDA:0,(anonymous_0)
FNDA:0,(anonymous_1)
FNDA:0,(anonymous_2)
DA:24,0
DA:25,0
DA:26,0
DA:27,0
DA:28,0
DA:29,0
DA:30,0
DA:31,0
DA:32,0
DA:33,0
DA:34,0
DA:35,0
DA:36,0
DA:37,0
DA:38,0
DA:39,0
DA:40,0
DA:41,0
DA:43,0
DA:44,0
DA:45,0
DA:46,0
DA:47,0
DA:48,0
DA:49,0
DA:50,0
DA:51,0
DA:52,0
DA:53,0
DA:54,0
DA:55,0
DA:56,0
DA:57,0
DA:58,0
DA:59,0
DA:60,0
DA:61,0
DA:62,0
DA:64,0
DA:66,0
DA:70,0
DA:71,0
DA:74,0
LF:43
LH:0
BRDA:61,0,0,0
BRDA:61,0,1,0
BRDA:76,1,0,0
BRDA:76,1,1,0
BRDA:79,2,0,0
BRDA:79,2,1,0
BRDA:88,3,0,0
BRDA:88,3,1,0
BRDA:105,4,0,0
BRDA:105,4,1,0
BRDA:114,5,0,0
BRDA:114,5,1,0
BRDA:118,6,0,0
BRDA:118,6,1,0
BRDA:134,7,0,0
BRDA:134,7,1,0
BRDA:139,8,0,0
BRDA:139,8,1,0
BRDA:145,9,0,0
BRDA:145,9,1,0
BRF:20
BRH:0
end_of_record
TN:
SF:src/screens/WikiFish/styles.ts
FN:6,(anonymous_0)
FNF:1
FNH:0
FNDA:0,(anonymous_0)
DA:4,0
DA:6,0
DA:9,0
DA:13,0
DA:18,0
DA:22,0
DA:29,0
LF:7
LH:0
BRF:0
BRH:0
end_of_record
TN:
SF:src/screens/WikiFishlogs/index.tsx
FN:21,(anonymous_0)
FN:30,(anonymous_1)
FN:46,(anonymous_2)
FN:50,(anonymous_3)
FN:55,(anonymous_4)
FN:67,(anonymous_5)
FN:75,(anonymous_6)
FN:84,(anonymous_7)
FN:93,(anonymous_8)
FN:96,(anonymous_9)
FN:103,(anonymous_10)
FN:111,(anonymous_11)
FN:119,(anonymous_12)
FNF:13
FNH:0
FNDA:0,(anonymous_0)
FNDA:0,(anonymous_1)
FNDA:0,(anonymous_2)
FNDA:0,(anonymous_3)
FNDA:0,(anonymous_4)
FNDA:0,(anonymous_5)
FNDA:0,(anonymous_6)
FNDA:0,(anonymous_7)
FNDA:0,(anonymous_8)
FNDA:0,(anonymous_9)
FNDA:0,(anonymous_10)
FNDA:0,(anonymous_11)
FNDA:0,(anonymous_12)
DA:21,0
DA:23,0
DA:24,0
DA:25,0
DA:26,0
DA:27,0
DA:28,0
DA:30,0
DA:31,0
DA:32,0
DA:33,0
DA:34,0
DA:35,0
DA:37,0
DA:39,0
DA:40,0
DA:42,0
DA:46,0
DA:47,0
DA:56,0
DA:57,0
DA:61,0
DA:67,0
DA:68,0
DA:69,0
DA:70,0
DA:71,0
DA:75,0
DA:76,0
DA:77,0
DA:80,0
DA:84,0
DA:94,0
DA:96,0
DA:104,0
DA:112,0
DA:119,0
LF:37
LH:0
BRDA:33,0,0,0
BRDA:33,0,1,0
BRDA:39,1,0,0
BRDA:39,1,1,0
BRDA:69,2,0,0
BRDA:69,2,1,0
BRDA:88,3,0,0
BRDA:88,3,1,0
BRDA:89,4,0,0
BRDA:89,4,1,0
BRDA:90,5,0,0
BRDA:90,5,1,0
BRDA:92,6,0,0
BRDA:92,6,1,0
BRDA:99,7,0,0
BRDA:99,7,1,0
BRDA:108,8,0,0
BRDA:108,8,1,0
BRDA:116,9,0,0
BRDA:116,9,1,0
BRDA:124,10,0,0
BRDA:124,10,1,0
BRDA:127,11,0,0
BRDA:127,11,1,0
BRDA:129,12,0,0
BRDA:129,12,1,0
BRF:26
BRH:0
end_of_record
TN:
SF:src/screens/WikiFishlogs/styles.ts
FN:8,(anonymous_0)
FN:33,(anonymous_1)
FN:37,(anonymous_2)
FN:38,(anonymous_3)
FN:49,(anonymous_4)
FNF:5
FNH:0
FNDA:0,(anonymous_0)
FNDA:0,(anonymous_1)
FNDA:0,(anonymous_2)
FNDA:0,(anonymous_3)
FNDA:0,(anonymous_4)
DA:5,0
DA:8,0
DA:11,0
DA:15,0
DA:26,0
DA:30,0
DA:33,0
DA:36,0
DA:38,0
DA:39,0
DA:44,0
DA:46,0
DA:49,0
LF:13
LH:0
BRDA:39,0,0,0
BRDA:39,0,1,0
BRF:2
BRH:0
end_of_record
TN:
SF:src/services/fishLogService/createFishLog.ts
FN:5,(anonymous_0)
FNF:1
FNH:0
FNDA:0,(anonymous_0)
DA:5,0
DA:16,0
DA:17,0
DA:18,0
DA:20,0
DA:25,0
DA:26,0
DA:29,0
LF:8
LH:0
BRDA:21,0,0,0
BRDA:21,0,1,0
BRDA:22,1,0,0
BRDA:22,1,1,0
BRDA:25,2,0,0
BRDA:25,2,1,0
BRDA:39,3,0,0
BRDA:39,3,1,0
BRDA:40,4,0,0
BRDA:40,4,1,0
BRF:10
BRH:0
end_of_record
TN:
SF:src/services/fishLogService/deleteFishLog.ts
FN:4,DeleteFishLog
FNF:1
FNH:0
FNDA:0,DeleteFishLog
DA:8,0
DA:9,0
DA:10,0
LF:3
LH:0
BRF:0
BRH:0
end_of_record
TN:
SF:src/services/fishLogService/exportFishLogs.ts
FN:3,ExportFishLogs
FNF:1
FNH:0
FNDA:0,ExportFishLogs
DA:4,0
DA:6,0
DA:9,0
LF:3
LH:0
BRF:0
BRH:0
end_of_record
TN:
SF:src/services/fishLogService/fishService.ts
FNF:0
FNH:0
DA:2,0
DA:4,0
LF:2
LH:0
BRF:0
BRH:0
end_of_record
TN:
SF:src/services/fishLogService/getAllLogs.ts
FN:3,GetAllFishLogs
FNF:1
FNH:0
FNDA:0,GetAllFishLogs
DA:4,0
DA:5,0
DA:8,0
LF:3
LH:0
BRF:0
BRH:0
end_of_record
TN:
SF:src/services/fishLogService/getOneFishLog.ts
FN:3,GetOneFishLog
FNF:1
FNH:0
FNDA:0,GetOneFishLog
DA:4,0
DA:5,0
DA:8,0
LF:3
LH:0
BRF:0
BRH:0
end_of_record
TN:
SF:src/services/fishLogService/updateFishLog.ts
FN:5,UpdateFishLog
FNF:1
FNH:0
FNDA:0,UpdateFishLog
DA:19,0
DA:20,0
DA:21,0
DA:22,0
DA:23,0
DA:25,0
DA:26,0
DA:28,0
DA:32,0
DA:33,0
DA:35,0
DA:48,0
LF:12
LH:0
BRDA:25,0,0,0
BRDA:25,0,1,0
BRDA:29,1,0,0
BRDA:29,1,1,0
BRDA:30,2,0,0
BRDA:30,2,1,0
BRDA:32,3,0,0
BRDA:32,3,1,0
BRDA:42,4,0,0
BRDA:42,4,1,0
BRDA:43,5,0,0
BRDA:43,5,1,0
BRF:12
BRH:0
end_of_record
TN:
SF:src/services/userServices/createUser.ts
FN:3,CreateUser
FNF:1
FNH:0
FNDA:0,CreateUser
DA:13,0
LF:1
LH:0
BRF:0
BRH:0
end_of_record
TN:
SF:src/services/userServices/login.ts
FN:3,UserLogin
FNF:1
FNH:0
FNDA:0,UserLogin
DA:4,0
DA:9,0
LF:2
LH:0
BRF:0
BRH:0
end_of_record
TN:
SF:src/services/userServices/userService.ts
FNF:0
FNH:0
DA:2,0
DA:4,0
LF:2
LH:0
BRF:0
BRH:0
end_of_record
TN:
SF:src/services/wikiServices/getOneWikiFish.ts
FN:3,GetOneWikiFish
FNF:1
FNH:0
FNDA:0,GetOneWikiFish
DA:4,0
DA:6,0
LF:2
LH:0
BRF:0
BRH:0
end_of_record
TN:
SF:src/services/wikiServices/getWikiFishes.ts
FN:3,GetWikiFishes
FNF:1
FNH:0
FNDA:0,GetWikiFishes
DA:4,0
DA:5,0
DA:6,0
DA:8,0
DA:10,0
LF:5
LH:0
BRDA:5,0,0,0
BRDA:5,0,1,0
BRF:2
BRH:0
end_of_record
TN:
SF:src/services/wikiServices/wikiService.ts
FNF:0
FNH:0
DA:2,0
DA:4,0
LF:2
LH:0
BRF:0
BRH:0
end_of_record
TN:
SF:src/utils/getInstructionImage.tsx
FN:3,(anonymous_0)
FNF:1
FNH:0
FNDA:0,(anonymous_0)
DA:3,0
DA:4,0
DA:5,0
DA:139,0
DA:140,0
DA:274,0
DA:275,0
LF:7
LH:0
BRDA:4,0,0,0
BRDA:4,0,1,0
BRDA:139,1,0,0
BRDA:139,1,1,0
BRDA:274,2,0,0
BRDA:274,2,1,0
BRF:6
BRH:0
end_of_record
